./body3d.py --outdir out_circle_bfgs_forw --dim 2 --double 1 --body circle --blend 1 --optimizer lbfgsb --ref_path ref_circle_blend1_lamb1/ref.pickle
Entering 'out_circle_bfgs_forw'
levels [129, 65] [65, 33] [33, 17] [17, 9] [9, 5] [5, 3]
Loading reference solution from '../ref_circle_blend1_lamb1/ref.pickle'
Running L-BFGS-B optimizer

epoch=00000
residual: 0.24739, 0, 0
walltime: 20.494 s
vx_00000.xmf vy_00000.xmf p_00000.xmf

epoch=00050
residual: 0.18106, 0.02841, 0.089853
walltime: 27.291 s
walltime/epoch: 545.762 ms

epoch=00100
residual: 0.12602, 0.044695, 0.059784
walltime: 30.273 s
walltime/epoch: 59.632 ms

epoch=00150
residual: 0.10627, 0.044481, 0.02136
walltime: 33.157 s
walltime/epoch: 57.677 ms

epoch=00200
residual: 0.085376, 0.04131, 0.025776
walltime: 36.166 s
walltime/epoch: 60.185 ms

epoch=00250
residual: 0.067722, 0.033243, 0.024845
walltime: 39.163 s
walltime/epoch: 59.931 ms

epoch=00300
residual: 0.053, 0.027338, 0.016193
walltime: 42.114 s
walltime/epoch: 59.016 ms

epoch=00350
residual: 0.048951, 0.025257, 0.0092195
walltime: 45.177 s
walltime/epoch: 61.266 ms

epoch=00400
residual: 0.045971, 0.023499, 0.010753
walltime: 48.208 s
walltime/epoch: 60.630 ms

epoch=00450
residual: 0.034134, 0.018869, 0.017906
walltime: 51.081 s
walltime/epoch: 57.457 ms

epoch=00500
residual: 0.025603, 0.015785, 0.011789
walltime: 53.986 s
walltime/epoch: 58.094 ms

epoch=00550
residual: 0.022969, 0.014708, 0.006944
walltime: 56.901 s
walltime/epoch: 58.306 ms

epoch=00600
residual: 0.021444, 0.014286, 0.0050751
walltime: 59.756 s
walltime/epoch: 57.098 ms

epoch=00650
residual: 0.019952, 0.013877, 0.0052657
walltime: 62.577 s
walltime/epoch: 56.415 ms

epoch=00700
residual: 0.019099, 0.013276, 0.004793
walltime: 65.320 s
walltime/epoch: 54.868 ms

epoch=00750
residual: 0.018449, 0.012554, 0.0039889
walltime: 68.205 s
walltime/epoch: 57.692 ms

epoch=00800
residual: 0.017498, 0.011757, 0.0044469
walltime: 70.923 s
walltime/epoch: 54.353 ms

epoch=00850
residual: 0.015628, 0.010754, 0.0056905
walltime: 73.797 s
walltime/epoch: 57.484 ms

epoch=00900
residual: 0.014045, 0.0099498, 0.004754
walltime: 76.942 s
walltime/epoch: 62.901 ms

epoch=00950
residual: 0.013586, 0.0095865, 0.0032053
walltime: 79.763 s
walltime/epoch: 56.426 ms

epoch=01000
residual: 0.013242, 0.0093196, 0.0028161
walltime: 82.566 s
walltime/epoch: 56.066 ms

epoch=01050
residual: 0.012521, 0.00889, 0.0034762
walltime: 85.339 s
walltime/epoch: 55.460 ms

epoch=01100
residual: 0.011378, 0.0080782, 0.0040126
walltime: 88.122 s
walltime/epoch: 55.655 ms

epoch=01150
residual: 0.010794, 0.007537, 0.0032906
walltime: 90.868 s
walltime/epoch: 54.912 ms

epoch=01200
residual: 0.010432, 0.0073195, 0.0028779
walltime: 93.664 s
walltime/epoch: 55.924 ms

epoch=01250
residual: 0.0098967, 0.0071112, 0.0031401
walltime: 96.506 s
walltime/epoch: 56.839 ms

epoch=01300
residual: 0.0091724, 0.0067809, 0.0032081
walltime: 99.334 s
walltime/epoch: 56.560 ms

epoch=01350
residual: 0.0085142, 0.0063939, 0.0025817
walltime: 102.214 s
walltime/epoch: 57.595 ms

epoch=01400
residual: 0.0080717, 0.0061132, 0.0020271
walltime: 105.070 s
walltime/epoch: 57.132 ms

epoch=01450
residual: 0.0076162, 0.0058896, 0.0020742
walltime: 107.917 s
walltime/epoch: 56.940 ms

epoch=01500
residual: 0.0072557, 0.0056944, 0.0020018
walltime: 110.889 s
walltime/epoch: 59.440 ms

epoch=01550
residual: 0.0070711, 0.0055246, 0.0016383
walltime: 113.763 s
walltime/epoch: 57.479 ms

epoch=01600
residual: 0.0069184, 0.0053671, 0.0014588
walltime: 116.452 s
walltime/epoch: 53.764 ms

epoch=01650
residual: 0.0066248, 0.0051232, 0.0016832
walltime: 119.180 s
walltime/epoch: 54.575 ms

epoch=01700
residual: 0.0062219, 0.0048307, 0.001799
walltime: 122.079 s
walltime/epoch: 57.979 ms

epoch=01750
residual: 0.0059585, 0.0046566, 0.0016465
walltime: 124.945 s
walltime/epoch: 57.316 ms

epoch=01800
residual: 0.0058093, 0.0045762, 0.0014671
walltime: 127.664 s
walltime/epoch: 54.375 ms

epoch=01850
residual: 0.005634, 0.0044813, 0.0014544
walltime: 130.519 s
walltime/epoch: 57.108 ms

epoch=01900
residual: 0.0054353, 0.0044049, 0.0012815
walltime: 133.338 s
walltime/epoch: 56.374 ms

epoch=01950
residual: 0.0052783, 0.0043296, 0.0010417
walltime: 136.201 s
walltime/epoch: 57.255 ms

epoch=02000
residual: 0.0051274, 0.0042559, 0.001053
walltime: 138.799 s
walltime/epoch: 51.958 ms

epoch=02050
residual: 0.0049696, 0.0041807, 0.0011258
walltime: 141.524 s
walltime/epoch: 54.510 ms

epoch=02100
residual: 0.0048262, 0.0041178, 0.0011319
walltime: 144.406 s
walltime/epoch: 57.636 ms

epoch=02150
residual: 0.0046994, 0.0040463, 0.0011179
walltime: 147.162 s
walltime/epoch: 55.127 ms

epoch=02200
residual: 0.004601, 0.0039648, 0.0010645
walltime: 150.012 s
walltime/epoch: 56.998 ms

epoch=02250
residual: 0.0044519, 0.003869, 0.0010209
walltime: 152.836 s
walltime/epoch: 56.479 ms

epoch=02300
residual: 0.0042861, 0.0037816, 0.00095554
walltime: 155.720 s
walltime/epoch: 57.670 ms

epoch=02350
residual: 0.0042017, 0.0037196, 0.00080548
walltime: 158.783 s
walltime/epoch: 61.262 ms

epoch=02400
residual: 0.0041418, 0.0036757, 0.00075956
walltime: 161.537 s
walltime/epoch: 55.084 ms

epoch=02450
residual: 0.004093, 0.003641, 0.00069963
walltime: 164.486 s
walltime/epoch: 58.987 ms

epoch=02500
residual: 0.004031, 0.003601, 0.00069117
walltime: 167.579 s
walltime/epoch: 61.849 ms
vx_00001.xmf vy_00001.xmf p_00001.xmf

epoch=02550
residual: 0.0039504, 0.0035439, 0.00070762
walltime: 170.661 s
walltime/epoch: 61.650 ms

epoch=02600
residual: 0.0038823, 0.0034952, 0.00072175
walltime: 173.517 s
walltime/epoch: 57.104 ms

epoch=02650
residual: 0.0038417, 0.0034659, 0.00068936
walltime: 176.763 s
walltime/epoch: 64.923 ms

epoch=02700
residual: 0.0037767, 0.0034196, 0.00073093
walltime: 179.892 s
walltime/epoch: 62.595 ms

epoch=02750
residual: 0.0037014, 0.0033661, 0.00072332
walltime: 182.991 s
walltime/epoch: 61.974 ms

epoch=02800
residual: 0.0036309, 0.0033324, 0.0006671
walltime: 185.812 s
walltime/epoch: 56.407 ms

epoch=02850
residual: 0.0036024, 0.0033147, 0.00060347
walltime: 188.707 s
walltime/epoch: 57.914 ms

epoch=02900
residual: 0.0035779, 0.0032838, 0.0005826
walltime: 191.604 s
walltime/epoch: 57.935 ms

epoch=02950
residual: 0.0035421, 0.0032304, 0.00058209
walltime: 194.461 s
walltime/epoch: 57.134 ms

epoch=03000
residual: 0.0034953, 0.0031744, 0.00054827
walltime: 197.378 s
walltime/epoch: 58.349 ms

epoch=03050
residual: 0.0034678, 0.0031516, 0.00049586
walltime: 200.231 s
walltime/epoch: 57.052 ms

epoch=03100
residual: 0.0034469, 0.0031303, 0.00050471
walltime: 203.121 s
walltime/epoch: 57.796 ms

epoch=03150
residual: 0.0034273, 0.0031018, 0.00049331
walltime: 205.782 s
walltime/epoch: 53.225 ms

epoch=03200
residual: 0.0033975, 0.0030598, 0.00047641
walltime: 208.580 s
walltime/epoch: 55.974 ms

epoch=03250
residual: 0.0033652, 0.0030233, 0.00046256
walltime: 211.485 s
walltime/epoch: 58.093 ms

epoch=03300
residual: 0.0033329, 0.0029941, 0.00048693
walltime: 214.146 s
walltime/epoch: 53.220 ms

epoch=03350
residual: 0.0033061, 0.0029675, 0.00051963
walltime: 216.942 s
walltime/epoch: 55.908 ms

epoch=03400
residual: 0.0032873, 0.0029406, 0.00050069
walltime: 220.105 s
walltime/epoch: 63.275 ms

epoch=03450
residual: 0.0032699, 0.0029092, 0.00047422
walltime: 222.960 s
walltime/epoch: 57.101 ms

epoch=03500
residual: 0.0032493, 0.0028745, 0.00044782
walltime: 226.117 s
walltime/epoch: 63.140 ms

epoch=03550
residual: 0.0032295, 0.0028536, 0.00038541
walltime: 229.166 s
walltime/epoch: 60.970 ms

epoch=03600
residual: 0.0032164, 0.0028413, 0.00032852
walltime: 231.973 s
walltime/epoch: 56.151 ms

epoch=03650
residual: 0.0032041, 0.0028283, 0.00031056
walltime: 234.830 s
walltime/epoch: 57.129 ms

epoch=03700
residual: 0.0031881, 0.0028085, 0.00034346
walltime: 237.669 s
walltime/epoch: 56.780 ms

epoch=03750
residual: 0.003168, 0.0027835, 0.00038831
walltime: 240.471 s
walltime/epoch: 56.047 ms

epoch=03800
residual: 0.0031495, 0.0027591, 0.00040881
walltime: 243.446 s
walltime/epoch: 59.492 ms

epoch=03850
residual: 0.0031423, 0.002742, 0.00037587
walltime: 246.345 s
walltime/epoch: 57.991 ms

epoch=03900
residual: 0.0031386, 0.0027278, 0.00032586
walltime: 249.042 s
walltime/epoch: 53.930 ms

epoch=03950
residual: 0.0031333, 0.002713, 0.00027594
walltime: 251.859 s
walltime/epoch: 56.347 ms

epoch=04000
residual: 0.0031237, 0.0026936, 0.00028524
walltime: 254.524 s
walltime/epoch: 53.293 ms

epoch=04050
residual: 0.0031144, 0.0026765, 0.0003133
walltime: 257.326 s
walltime/epoch: 56.043 ms

epoch=04100
residual: 0.0031061, 0.0026631, 0.0003466
walltime: 260.230 s
walltime/epoch: 58.067 ms

epoch=04150
residual: 0.0030977, 0.0026562, 0.00031717
walltime: 263.075 s
walltime/epoch: 56.908 ms

epoch=04200
residual: 0.0030886, 0.0026461, 0.00026823
walltime: 266.117 s
walltime/epoch: 60.846 ms

epoch=04250
residual: 0.0030816, 0.002635, 0.00022876
walltime: 269.049 s
walltime/epoch: 58.628 ms

epoch=04300
residual: 0.0030759, 0.0026275, 0.00021218
walltime: 272.063 s
walltime/epoch: 60.293 ms

epoch=04350
residual: 0.0030719, 0.0026207, 0.000216
walltime: 275.214 s
walltime/epoch: 63.020 ms

epoch=04400
residual: 0.0030677, 0.0026101, 0.0002377
walltime: 278.310 s
walltime/epoch: 61.921 ms

epoch=04450
residual: 0.0030615, 0.0025913, 0.00025525
walltime: 281.390 s
walltime/epoch: 61.597 ms

epoch=04500
residual: 0.003054, 0.0025742, 0.00025145
walltime: 284.483 s
walltime/epoch: 61.860 ms

epoch=04550
residual: 0.0030476, 0.0025614, 0.00024274
walltime: 287.728 s
walltime/epoch: 64.902 ms

epoch=04600
residual: 0.0030411, 0.0025497, 0.00025909
walltime: 290.802 s
walltime/epoch: 61.481 ms

epoch=04650
residual: 0.0030351, 0.002537, 0.00026053
walltime: 293.677 s
walltime/epoch: 57.496 ms

epoch=04700
residual: 0.00303, 0.002524, 0.00024021
walltime: 296.592 s
walltime/epoch: 58.298 ms

epoch=04750
residual: 0.003023, 0.0025122, 0.00022136
walltime: 299.718 s
walltime/epoch: 62.514 ms

epoch=04800
residual: 0.0030158, 0.0025003, 0.00023394
walltime: 302.928 s
walltime/epoch: 64.202 ms

epoch=04850
residual: 0.0030046, 0.0024853, 0.00026908
walltime: 306.346 s
walltime/epoch: 68.360 ms

epoch=04900
residual: 0.0029938, 0.0024708, 0.00029582
walltime: 310.311 s
walltime/epoch: 79.308 ms

epoch=04950
residual: 0.0029854, 0.0024563, 0.00028809
walltime: 313.921 s
walltime/epoch: 72.199 ms

epoch=05000
residual: 0.002976, 0.0024409, 0.00027405
walltime: 318.027 s
walltime/epoch: 82.106 ms
vx_00002.xmf vy_00002.xmf p_00002.xmf

epoch=05050
residual: 0.0029633, 0.0024258, 0.00026698
walltime: 321.559 s
walltime/epoch: 70.642 ms

epoch=05100
residual: 0.0029515, 0.0024085, 0.00026271
walltime: 325.260 s
walltime/epoch: 74.033 ms

epoch=05150
residual: 0.0029393, 0.0023929, 0.00026837
walltime: 329.378 s
walltime/epoch: 82.355 ms

epoch=05200
residual: 0.0029278, 0.0023801, 0.00028123
walltime: 333.892 s
walltime/epoch: 90.267 ms

epoch=05250
residual: 0.0029156, 0.0023661, 0.00029681
walltime: 338.399 s
walltime/epoch: 90.150 ms

epoch=05300
residual: 0.0029024, 0.002351, 0.00029292
walltime: 342.379 s
walltime/epoch: 79.595 ms

epoch=05350
residual: 0.0028825, 0.0023278, 0.00031151
walltime: 346.441 s
walltime/epoch: 81.238 ms

epoch=05400
residual: 0.0028469, 0.0023011, 0.00037574
walltime: 349.890 s
walltime/epoch: 68.981 ms

epoch=05450
residual: 0.0028049, 0.0022724, 0.00042301
walltime: 352.844 s
walltime/epoch: 59.076 ms

epoch=05500
residual: 0.0027731, 0.002245, 0.00042113
walltime: 355.822 s
walltime/epoch: 59.576 ms

epoch=05550
residual: 0.0027518, 0.002224, 0.00039889
walltime: 358.865 s
walltime/epoch: 60.849 ms

epoch=05600
residual: 0.0027239, 0.0022073, 0.00040781
walltime: 362.146 s
walltime/epoch: 65.612 ms

epoch=05650
residual: 0.0026891, 0.0021972, 0.00038264
walltime: 365.208 s
walltime/epoch: 61.251 ms

epoch=05700
residual: 0.0026522, 0.0021889, 0.00035532
walltime: 368.948 s
walltime/epoch: 74.804 ms

epoch=05750
residual: 0.0026223, 0.0021812, 0.00034832
walltime: 372.153 s
walltime/epoch: 64.091 ms

epoch=05800
residual: 0.0025841, 0.0021725, 0.00038118
walltime: 375.349 s
walltime/epoch: 63.926 ms

epoch=05850
residual: 0.0025427, 0.0021675, 0.00038092
walltime: 378.486 s
walltime/epoch: 62.745 ms

epoch=05900
residual: 0.0025154, 0.0021632, 0.00032835
walltime: 381.388 s
walltime/epoch: 58.033 ms

epoch=05950
residual: 0.0024942, 0.0021521, 0.00032742
walltime: 384.402 s
walltime/epoch: 60.274 ms

epoch=06000
residual: 0.0024699, 0.0021393, 0.00034223
walltime: 387.576 s
walltime/epoch: 63.483 ms

epoch=06050
residual: 0.0024411, 0.0021195, 0.00036596
walltime: 390.511 s
walltime/epoch: 58.711 ms

epoch=06100
residual: 0.0024151, 0.0020919, 0.00039438
walltime: 393.639 s
walltime/epoch: 62.557 ms

epoch=06150
residual: 0.0023866, 0.0020682, 0.00040306
walltime: 396.979 s
walltime/epoch: 66.801 ms

epoch=06200
residual: 0.0023594, 0.0020571, 0.00038157
walltime: 401.157 s
walltime/epoch: 83.543 ms

epoch=06250
residual: 0.0023379, 0.0020463, 0.00035567
walltime: 404.934 s
walltime/epoch: 75.539 ms

epoch=06300
residual: 0.0023182, 0.002031, 0.00033362
walltime: 409.893 s
walltime/epoch: 99.186 ms

epoch=06350
residual: 0.0022995, 0.0020153, 0.00031831
walltime: 414.473 s
walltime/epoch: 91.612 ms

epoch=06400
residual: 0.0022792, 0.0020021, 0.00031772
walltime: 418.530 s
walltime/epoch: 81.139 ms

epoch=06450
residual: 0.0022581, 0.001989, 0.00031917
walltime: 422.648 s
walltime/epoch: 82.346 ms

epoch=06500
residual: 0.002236, 0.0019734, 0.00034406
walltime: 426.940 s
walltime/epoch: 85.841 ms

epoch=06550
residual: 0.0022075, 0.0019536, 0.00036898
walltime: 431.216 s
walltime/epoch: 85.518 ms

epoch=06600
residual: 0.0021768, 0.0019321, 0.00037992
walltime: 435.807 s
walltime/epoch: 91.834 ms

epoch=06650
residual: 0.0021527, 0.0019139, 0.00038836
walltime: 440.127 s
walltime/epoch: 86.398 ms

epoch=06700
residual: 0.0021233, 0.0018955, 0.0003805
walltime: 444.771 s
walltime/epoch: 92.866 ms

epoch=06750
residual: 0.0020914, 0.0018827, 0.00034022
walltime: 449.018 s
walltime/epoch: 84.957 ms

epoch=06800
residual: 0.0020675, 0.0018746, 0.00028449
walltime: 452.650 s
walltime/epoch: 72.624 ms

epoch=06850
residual: 0.0020468, 0.0018649, 0.00027633
walltime: 455.896 s
walltime/epoch: 64.930 ms

epoch=06900
residual: 0.0020192, 0.0018488, 0.00030969
walltime: 458.949 s
walltime/epoch: 61.061 ms

epoch=06950
residual: 0.001989, 0.0018297, 0.00032862
walltime: 461.960 s
walltime/epoch: 60.212 ms

epoch=07000
residual: 0.0019636, 0.0018154, 0.00032174
walltime: 465.456 s
walltime/epoch: 69.918 ms

epoch=07050
residual: 0.001935, 0.0017996, 0.0003251
walltime: 469.248 s
walltime/epoch: 75.839 ms

epoch=07100
residual: 0.0018997, 0.0017766, 0.0003352
walltime: 472.665 s
walltime/epoch: 68.340 ms

epoch=07150
residual: 0.0018692, 0.0017491, 0.00032069
walltime: 475.518 s
walltime/epoch: 57.054 ms

epoch=07200
residual: 0.0018481, 0.0017275, 0.00027989
walltime: 478.269 s
walltime/epoch: 55.023 ms

epoch=07250
residual: 0.0018282, 0.0017141, 0.0002705
walltime: 481.236 s
walltime/epoch: 59.348 ms

epoch=07300
residual: 0.0018062, 0.0017036, 0.00026937
walltime: 484.148 s
walltime/epoch: 58.232 ms

epoch=07350
residual: 0.0017892, 0.0016956, 0.00025619
walltime: 487.061 s
walltime/epoch: 58.269 ms

epoch=07400
residual: 0.0017741, 0.0016851, 0.0002435
walltime: 490.220 s
walltime/epoch: 63.172 ms

epoch=07450
residual: 0.0017509, 0.0016635, 0.00026171
walltime: 493.188 s
walltime/epoch: 59.370 ms

epoch=07500
residual: 0.0017247, 0.0016411, 0.00027541
walltime: 496.373 s
walltime/epoch: 63.695 ms
vx_00003.xmf vy_00003.xmf p_00003.xmf

epoch=07550
residual: 0.0017063, 0.001627, 0.00024693
walltime: 499.909 s
walltime/epoch: 70.711 ms

epoch=07600
residual: 0.0016917, 0.0016107, 0.00025474
walltime: 503.503 s
walltime/epoch: 71.896 ms

epoch=07650
residual: 0.0016756, 0.0015858, 0.00028642
walltime: 507.057 s
walltime/epoch: 71.064 ms

epoch=07700
residual: 0.0016459, 0.0015502, 0.0003212
walltime: 510.819 s
walltime/epoch: 75.246 ms

epoch=07750
residual: 0.0016206, 0.0015234, 0.00028611
walltime: 514.438 s
walltime/epoch: 72.374 ms

epoch=07800
residual: 0.0016062, 0.001505, 0.00026119
walltime: 518.489 s
walltime/epoch: 81.036 ms

epoch=07850
residual: 0.0015957, 0.001489, 0.00026479
walltime: 522.556 s
walltime/epoch: 81.323 ms

epoch=07900
residual: 0.0015828, 0.0014763, 0.00027029
walltime: 526.526 s
walltime/epoch: 79.406 ms

epoch=07950
residual: 0.001565, 0.0014654, 0.00026682
walltime: 529.877 s
walltime/epoch: 67.023 ms

epoch=08000
residual: 0.0015449, 0.0014509, 0.00026447
walltime: 533.075 s
walltime/epoch: 63.962 ms

epoch=08050
residual: 0.001527, 0.0014332, 0.00025529
walltime: 536.077 s
walltime/epoch: 60.028 ms

epoch=08100
residual: 0.0015149, 0.0014204, 0.00022884
walltime: 539.133 s
walltime/epoch: 61.131 ms

epoch=08150
residual: 0.0015077, 0.0014113, 0.00020533
walltime: 542.783 s
walltime/epoch: 73.007 ms

epoch=08200
residual: 0.001499, 0.001398, 0.0002188
walltime: 546.689 s
walltime/epoch: 78.116 ms

epoch=08250
residual: 0.0014867, 0.0013785, 0.0002433
walltime: 549.960 s
walltime/epoch: 65.415 ms

epoch=08300
residual: 0.0014722, 0.0013593, 0.00025205
walltime: 553.145 s
walltime/epoch: 63.701 ms

epoch=08350
residual: 0.0014562, 0.0013408, 0.00027081
walltime: 556.304 s
walltime/epoch: 63.179 ms

epoch=08400
residual: 0.0014386, 0.0013194, 0.00029382
walltime: 559.321 s
walltime/epoch: 60.328 ms

epoch=08450
residual: 0.0014201, 0.0012981, 0.00029565
walltime: 562.310 s
walltime/epoch: 59.787 ms

epoch=08500
residual: 0.0014047, 0.0012842, 0.0002658
walltime: 565.458 s
walltime/epoch: 62.964 ms

epoch=08550
residual: 0.0013941, 0.0012765, 0.0002357
walltime: 568.654 s
walltime/epoch: 63.915 ms

epoch=08600
residual: 0.0013831, 0.0012673, 0.00022441
walltime: 571.864 s
walltime/epoch: 64.203 ms

epoch=08650
residual: 0.0013719, 0.0012544, 0.00022091
walltime: 575.226 s
walltime/epoch: 67.243 ms

epoch=08700
residual: 0.0013618, 0.0012415, 0.00021731
walltime: 578.553 s
walltime/epoch: 66.547 ms

epoch=08750
residual: 0.0013522, 0.0012282, 0.00021389
walltime: 581.941 s
walltime/epoch: 67.741 ms

epoch=08800
residual: 0.0013427, 0.0012149, 0.00020826
walltime: 585.246 s
walltime/epoch: 66.103 ms

epoch=08850
residual: 0.0013332, 0.001202, 0.00019195
walltime: 588.484 s
walltime/epoch: 64.773 ms

epoch=08900
residual: 0.0013232, 0.0011915, 0.00017608
walltime: 591.872 s
walltime/epoch: 67.743 ms

epoch=08950
residual: 0.0013114, 0.0011822, 0.00018142
walltime: 595.603 s
walltime/epoch: 74.634 ms

epoch=09000
residual: 0.0012977, 0.0011689, 0.00020858
walltime: 600.122 s
walltime/epoch: 90.381 ms

epoch=09050
residual: 0.001281, 0.001148, 0.00024688
walltime: 603.668 s
walltime/epoch: 70.904 ms

epoch=09100
residual: 0.0012567, 0.0011196, 0.00027935
walltime: 606.842 s
walltime/epoch: 63.487 ms

epoch=09150
residual: 0.001235, 0.0011001, 0.00026164
walltime: 609.713 s
walltime/epoch: 57.427 ms

epoch=09200
residual: 0.0012204, 0.0010869, 0.00023581
walltime: 613.119 s
walltime/epoch: 68.120 ms

epoch=09250
residual: 0.0012089, 0.0010731, 0.00022008
walltime: 616.401 s
walltime/epoch: 65.640 ms

epoch=09300
residual: 0.0011949, 0.0010562, 0.00021401
walltime: 619.971 s
walltime/epoch: 71.402 ms

epoch=09350
residual: 0.0011811, 0.0010439, 0.00020293
walltime: 623.778 s
walltime/epoch: 76.125 ms

epoch=09400
residual: 0.0011641, 0.0010305, 0.00020997
walltime: 627.971 s
walltime/epoch: 83.871 ms

epoch=09450
residual: 0.0011462, 0.0010146, 0.00022506
walltime: 632.168 s
walltime/epoch: 83.934 ms

epoch=09500
residual: 0.0011332, 0.0010012, 0.00021101
walltime: 636.338 s
walltime/epoch: 83.407 ms

epoch=09550
residual: 0.001124, 0.00099221, 0.00018081
walltime: 640.679 s
walltime/epoch: 86.813 ms

epoch=09600
residual: 0.0011152, 0.00098214, 0.00016898
walltime: 643.760 s
walltime/epoch: 61.629 ms

epoch=09650
residual: 0.0011043, 0.00096936, 0.0001784
walltime: 647.141 s
walltime/epoch: 67.610 ms

epoch=09700
residual: 0.0010938, 0.00095909, 0.00017706
walltime: 650.684 s
walltime/epoch: 70.866 ms

epoch=09750
residual: 0.0010846, 0.00094975, 0.00018166
walltime: 654.413 s
walltime/epoch: 74.569 ms

epoch=09800
residual: 0.0010714, 0.00093376, 0.00020548
walltime: 658.590 s
walltime/epoch: 83.553 ms

epoch=09850
residual: 0.0010535, 0.00090997, 0.00023249
walltime: 662.911 s
walltime/epoch: 86.421 ms

epoch=09900
residual: 0.0010405, 0.00089489, 0.00021458
walltime: 667.434 s
walltime/epoch: 90.462 ms

epoch=09950
residual: 0.001031, 0.00088558, 0.00019999
walltime: 672.047 s
walltime/epoch: 92.244 ms

epoch=10000
residual: 0.0010196, 0.00087546, 0.00020369
walltime: 675.545 s
walltime/epoch: 69.966 ms
vx_00004.xmf vy_00004.xmf p_00004.xmf

epoch=10050
residual: 0.0010039, 0.00086205, 0.00020664
walltime: 678.796 s
walltime/epoch: 65.012 ms

epoch=10100
residual: 0.00098956, 0.00085197, 0.00019594
walltime: 682.087 s
walltime/epoch: 65.828 ms

epoch=10150
residual: 0.00097865, 0.00084215, 0.00019277
walltime: 685.493 s
walltime/epoch: 68.115 ms

epoch=10200
residual: 0.00096943, 0.00082728, 0.00019811
walltime: 688.878 s
walltime/epoch: 67.708 ms

epoch=10250
residual: 0.00096146, 0.00080844, 0.00018815
walltime: 692.223 s
walltime/epoch: 66.888 ms

epoch=10300
residual: 0.00095685, 0.00079492, 0.00016579
walltime: 695.804 s
walltime/epoch: 71.630 ms

epoch=10350
residual: 0.0009505, 0.00078232, 0.00015946
walltime: 698.977 s
walltime/epoch: 63.461 ms

epoch=10400
residual: 0.00094495, 0.00076527, 0.00015872
walltime: 702.296 s
walltime/epoch: 66.371 ms

epoch=10450
residual: 0.00094049, 0.00075353, 0.00014432
walltime: 705.191 s
walltime/epoch: 57.898 ms

epoch=10500
residual: 0.00093431, 0.00074663, 0.0001344
walltime: 707.997 s
walltime/epoch: 56.125 ms

epoch=10550
residual: 0.0009271, 0.00073788, 0.00014269
walltime: 710.968 s
walltime/epoch: 59.427 ms

epoch=10600
residual: 0.00092005, 0.00072911, 0.00014846
walltime: 713.997 s
walltime/epoch: 60.564 ms

epoch=10650
residual: 0.0009139, 0.00072049, 0.00014788
walltime: 717.298 s
walltime/epoch: 66.028 ms

epoch=10700
residual: 0.00090726, 0.00071171, 0.00014444
walltime: 720.289 s
walltime/epoch: 59.819 ms

epoch=10750
residual: 0.000899, 0.00070075, 0.00014618
walltime: 723.384 s
walltime/epoch: 61.910 ms

epoch=10800
residual: 0.00089017, 0.00069161, 0.00014479
walltime: 726.624 s
walltime/epoch: 64.797 ms

epoch=10850
residual: 0.00088315, 0.00068665, 0.00014353
walltime: 729.854 s
walltime/epoch: 64.592 ms

epoch=10900
residual: 0.00087633, 0.0006813, 0.00014498
walltime: 733.134 s
walltime/epoch: 65.600 ms

epoch=10950
residual: 0.00086927, 0.00067377, 0.00013746
walltime: 736.110 s
walltime/epoch: 59.523 ms

epoch=11000
residual: 0.00086282, 0.00066579, 0.00012284
walltime: 739.209 s
walltime/epoch: 61.981 ms

epoch=11050
residual: 0.00085667, 0.00066039, 0.00011026
walltime: 742.679 s
walltime/epoch: 69.405 ms

epoch=11100
residual: 0.00085196, 0.00065504, 0.00010589
walltime: 745.763 s
walltime/epoch: 61.670 ms

epoch=11150
residual: 0.00084783, 0.000649, 0.00010678
walltime: 748.628 s
walltime/epoch: 57.296 ms

epoch=11200
residual: 0.00083983, 0.0006373, 0.00012615
walltime: 752.503 s
walltime/epoch: 77.509 ms

epoch=11250
residual: 0.00082869, 0.00062667, 0.00013652
walltime: 756.629 s
walltime/epoch: 82.510 ms

epoch=11300
residual: 0.00081755, 0.0006187, 0.00013533
walltime: 761.825 s
walltime/epoch: 103.916 ms

epoch=11350
residual: 0.00081067, 0.00061357, 0.00012524
walltime: 764.777 s
walltime/epoch: 59.054 ms

epoch=11400
residual: 0.00080629, 0.00060972, 0.0001156
walltime: 767.795 s
walltime/epoch: 60.358 ms

epoch=11450
residual: 0.00080206, 0.00060561, 0.00011297
walltime: 770.597 s
walltime/epoch: 56.042 ms

epoch=11500
residual: 0.00079701, 0.00060063, 0.00011544
walltime: 773.561 s
walltime/epoch: 59.270 ms

epoch=11550
residual: 0.00079161, 0.00059458, 0.000116
walltime: 776.586 s
walltime/epoch: 60.511 ms

epoch=11600
residual: 0.00078574, 0.00058857, 0.00011854
walltime: 779.597 s
walltime/epoch: 60.207 ms

epoch=11650
residual: 0.00077826, 0.00058263, 0.00011886
walltime: 782.654 s
walltime/epoch: 61.148 ms

epoch=11700
residual: 0.00077034, 0.00057721, 0.00011521
walltime: 786.181 s
walltime/epoch: 70.530 ms

epoch=11750
residual: 0.00076384, 0.00057309, 0.00010553
walltime: 789.489 s
walltime/epoch: 66.163 ms

epoch=11800
residual: 0.0007578, 0.00056975, 9.9578e-05
walltime: 793.216 s
walltime/epoch: 74.544 ms

epoch=11850
residual: 0.00075154, 0.00056629, 0.00010021
walltime: 797.564 s
walltime/epoch: 86.968 ms

epoch=11900
residual: 0.00074381, 0.00056155, 0.00010529
walltime: 801.811 s
walltime/epoch: 84.941 ms

epoch=11950
residual: 0.0007386, 0.00055732, 0.00010655
walltime: 806.182 s
walltime/epoch: 87.419 ms

epoch=12000
residual: 0.00073395, 0.00055349, 0.00010768
walltime: 810.081 s
walltime/epoch: 77.977 ms

epoch=12050
residual: 0.00072925, 0.00054972, 0.00010992
walltime: 813.122 s
walltime/epoch: 60.815 ms

epoch=12100
residual: 0.00072403, 0.0005455, 0.0001105
walltime: 816.121 s
walltime/epoch: 59.979 ms

epoch=12150
residual: 0.00071666, 0.00054079, 0.00011024
walltime: 819.216 s
walltime/epoch: 61.892 ms

epoch=12200
residual: 0.00071043, 0.00053806, 0.00010564
walltime: 822.262 s
walltime/epoch: 60.918 ms

epoch=12250
residual: 0.00070424, 0.00053577, 0.00010361
walltime: 825.244 s
walltime/epoch: 59.646 ms

epoch=12300
residual: 0.0006992, 0.00053291, 9.9255e-05
walltime: 828.152 s
walltime/epoch: 58.164 ms

epoch=12350
residual: 0.00069466, 0.00053004, 9.0148e-05
walltime: 831.151 s
walltime/epoch: 59.977 ms

epoch=12400
residual: 0.00068869, 0.00052625, 9.2575e-05
walltime: 834.021 s
walltime/epoch: 57.411 ms

epoch=12450
residual: 0.00068314, 0.00052243, 9.7187e-05
walltime: 837.120 s
walltime/epoch: 61.970 ms

epoch=12500
residual: 0.00067896, 0.0005186, 9.7136e-05
walltime: 840.397 s
walltime/epoch: 65.542 ms
vx_00005.xmf vy_00005.xmf p_00005.xmf

epoch=12550
residual: 0.00067492, 0.00051469, 9.6615e-05
walltime: 843.444 s
walltime/epoch: 60.946 ms

epoch=12600
residual: 0.00066959, 0.00051012, 9.7321e-05
walltime: 846.464 s
walltime/epoch: 60.382 ms

epoch=12650
residual: 0.00066381, 0.00050561, 9.991e-05
walltime: 849.370 s
walltime/epoch: 58.131 ms

epoch=12700
residual: 0.0006588, 0.00050247, 9.9182e-05
walltime: 852.552 s
walltime/epoch: 63.648 ms

epoch=12750
residual: 0.00065464, 0.00049938, 0.00010049
walltime: 855.612 s
walltime/epoch: 61.190 ms

epoch=12800
residual: 0.0006486, 0.00049412, 0.00011
walltime: 858.554 s
walltime/epoch: 58.840 ms

epoch=12850
residual: 0.00063854, 0.00048537, 0.00011899
walltime: 861.539 s
walltime/epoch: 59.690 ms

epoch=12900
residual: 0.00063015, 0.00047907, 9.7825e-05
walltime: 864.927 s
walltime/epoch: 67.766 ms

epoch=12950
residual: 0.00062571, 0.00047607, 7.3885e-05
walltime: 868.303 s
walltime/epoch: 67.531 ms

epoch=13000
residual: 0.00062246, 0.00047341, 6.5141e-05
walltime: 871.805 s
walltime/epoch: 70.026 ms

epoch=13050
residual: 0.00061827, 0.00046949, 7.1943e-05
walltime: 875.003 s
walltime/epoch: 63.961 ms

epoch=13100
residual: 0.00061248, 0.00046447, 7.8026e-05
walltime: 878.052 s
walltime/epoch: 60.990 ms

epoch=13150
residual: 0.00060722, 0.00046174, 7.3544e-05
walltime: 881.398 s
walltime/epoch: 66.923 ms

epoch=13200
residual: 0.00060135, 0.00045945, 7.4426e-05
walltime: 884.406 s
walltime/epoch: 60.158 ms

epoch=13250
residual: 0.00059502, 0.00045692, 7.67e-05
walltime: 887.606 s
walltime/epoch: 63.984 ms

epoch=13300
residual: 0.00058934, 0.00045425, 7.7185e-05
walltime: 890.742 s
walltime/epoch: 62.738 ms

epoch=13350
residual: 0.00058522, 0.00045205, 7.0963e-05
walltime: 894.048 s
walltime/epoch: 66.112 ms

epoch=13400
residual: 0.00058218, 0.00044947, 6.9985e-05
walltime: 897.043 s
walltime/epoch: 59.908 ms

epoch=13450
residual: 0.00057891, 0.00044541, 7.3326e-05
walltime: 900.135 s
walltime/epoch: 61.825 ms

epoch=13500
residual: 0.00057565, 0.00044035, 7.2303e-05
walltime: 903.188 s
walltime/epoch: 61.063 ms

epoch=13550
residual: 0.00057303, 0.00043573, 6.6243e-05
walltime: 906.471 s
walltime/epoch: 65.669 ms

epoch=13600
residual: 0.00057028, 0.00043101, 6.6666e-05
walltime: 909.956 s
walltime/epoch: 69.700 ms

epoch=13650
residual: 0.0005661, 0.00042488, 7.349e-05
walltime: 913.435 s
walltime/epoch: 69.565 ms

epoch=13700
residual: 0.00056125, 0.00041844, 7.5594e-05
walltime: 916.442 s
walltime/epoch: 60.144 ms

epoch=13750
residual: 0.00055688, 0.00041222, 6.9645e-05
walltime: 919.369 s
walltime/epoch: 58.537 ms

epoch=13800
residual: 0.000553, 0.00040623, 6.7934e-05
walltime: 922.190 s
walltime/epoch: 56.428 ms

epoch=13850
residual: 0.00054978, 0.00040085, 6.5661e-05
walltime: 925.228 s
walltime/epoch: 60.746 ms

epoch=13900
residual: 0.00054666, 0.00039595, 6.704e-05
walltime: 928.131 s
walltime/epoch: 58.066 ms

epoch=13950
residual: 0.00054317, 0.00039069, 7.2137e-05
walltime: 931.118 s
walltime/epoch: 59.739 ms

epoch=14000
residual: 0.0005387, 0.00038603, 7.601e-05
walltime: 934.147 s
walltime/epoch: 60.577 ms

epoch=14050
residual: 0.00053377, 0.00038131, 7.6187e-05
walltime: 937.169 s
walltime/epoch: 60.455 ms

epoch=14100
residual: 0.0005304, 0.00037682, 7.2293e-05
walltime: 940.566 s
walltime/epoch: 67.928 ms

epoch=14150
residual: 0.00052824, 0.0003713, 7.0231e-05
walltime: 944.085 s
walltime/epoch: 70.383 ms

epoch=14200
residual: 0.00052626, 0.00036577, 6.7245e-05
walltime: 947.216 s
walltime/epoch: 62.618 ms

epoch=14250
residual: 0.00052436, 0.00036187, 5.9854e-05
walltime: 951.067 s
walltime/epoch: 77.018 ms

epoch=14300
residual: 0.00052185, 0.00035881, 5.7117e-05
walltime: 954.479 s
walltime/epoch: 68.241 ms

epoch=14350
residual: 0.00051846, 0.00035502, 6.1592e-05
walltime: 957.863 s
walltime/epoch: 67.683 ms

epoch=14400
residual: 0.00051367, 0.00034948, 6.961e-05
walltime: 961.254 s
walltime/epoch: 67.823 ms

epoch=14450
residual: 0.00050826, 0.00034343, 6.9692e-05
walltime: 964.288 s
walltime/epoch: 60.667 ms

epoch=14500
residual: 0.00050478, 0.00034004, 6.1911e-05
walltime: 967.293 s
walltime/epoch: 60.103 ms

epoch=14550
residual: 0.00050284, 0.00033881, 5.5145e-05
walltime: 970.152 s
walltime/epoch: 57.180 ms

epoch=14600
residual: 0.0005015, 0.00033785, 5.4208e-05
walltime: 973.535 s
walltime/epoch: 67.673 ms

epoch=14650
residual: 0.00050014, 0.00033624, 5.5761e-05
walltime: 976.905 s
walltime/epoch: 67.399 ms

epoch=14700
residual: 0.00049837, 0.00033334, 5.9092e-05
walltime: 979.927 s
walltime/epoch: 60.431 ms

epoch=14750
residual: 0.00049499, 0.00032799, 6.6844e-05
walltime: 983.294 s
walltime/epoch: 67.342 ms

epoch=14800
residual: 0.00049156, 0.00032323, 6.6717e-05
walltime: 987.097 s
walltime/epoch: 76.062 ms

epoch=14850
residual: 0.00048865, 0.00032039, 5.9919e-05
walltime: 991.511 s
walltime/epoch: 88.283 ms

epoch=14900
residual: 0.00048656, 0.00031862, 5.4125e-05
walltime: 996.574 s
walltime/epoch: 101.255 ms

epoch=14950
residual: 0.00048431, 0.00031686, 5.1452e-05
walltime: 1002.921 s
walltime/epoch: 126.938 ms

epoch=15000
residual: 0.00048189, 0.00031534, 4.8336e-05
walltime: 1007.379 s
walltime/epoch: 89.152 ms
vx_00006.xmf vy_00006.xmf p_00006.xmf

epoch=15050
residual: 0.00047969, 0.00031369, 4.5999e-05
walltime: 1011.841 s
walltime/epoch: 89.241 ms

epoch=15100
residual: 0.00047755, 0.00031147, 4.6648e-05
walltime: 1015.155 s
walltime/epoch: 66.280 ms

epoch=15150
residual: 0.00047533, 0.00030888, 4.7506e-05
walltime: 1018.277 s
walltime/epoch: 62.439 ms

epoch=15200
residual: 0.00047363, 0.00030661, 4.6701e-05
walltime: 1021.602 s
walltime/epoch: 66.503 ms

epoch=15250
residual: 0.00047234, 0.00030463, 4.5618e-05
walltime: 1024.939 s
walltime/epoch: 66.745 ms

epoch=15300
residual: 0.00047096, 0.00030278, 4.6837e-05
walltime: 1028.296 s
walltime/epoch: 67.145 ms

epoch=15350
residual: 0.00046864, 0.00030022, 5.2804e-05
walltime: 1031.772 s
walltime/epoch: 69.510 ms

epoch=15400
residual: 0.00046558, 0.00029737, 5.7617e-05
walltime: 1035.493 s
walltime/epoch: 74.424 ms

epoch=15450
residual: 0.00046247, 0.00029477, 5.6803e-05
walltime: 1039.059 s
walltime/epoch: 71.312 ms

epoch=15500
residual: 0.00045997, 0.00029303, 5.5763e-05
walltime: 1042.422 s
walltime/epoch: 67.271 ms

epoch=15550
residual: 0.00045731, 0.00029097, 5.5342e-05
walltime: 1045.862 s
walltime/epoch: 68.794 ms

epoch=15600
residual: 0.00045513, 0.00028833, 5.2372e-05
walltime: 1049.166 s
walltime/epoch: 66.078 ms

epoch=15650
residual: 0.00045322, 0.00028575, 4.7781e-05
walltime: 1052.874 s
walltime/epoch: 74.160 ms

epoch=15700
residual: 0.00045093, 0.00028356, 4.4586e-05
walltime: 1056.571 s
walltime/epoch: 73.949 ms

epoch=15750
residual: 0.00044807, 0.00028199, 4.735e-05
walltime: 1060.018 s
walltime/epoch: 68.924 ms

epoch=15800
residual: 0.00044509, 0.00028026, 5.0634e-05
walltime: 1063.617 s
walltime/epoch: 71.997 ms

epoch=15850
residual: 0.00044232, 0.00027873, 5.019e-05
walltime: 1067.048 s
walltime/epoch: 68.603 ms

epoch=15900
residual: 0.00044009, 0.00027766, 4.8278e-05
walltime: 1070.178 s
walltime/epoch: 62.611 ms

epoch=15950
residual: 0.00043766, 0.00027674, 4.9707e-05
walltime: 1073.610 s
walltime/epoch: 68.643 ms

epoch=16000
residual: 0.00043528, 0.00027575, 5.1278e-05
walltime: 1076.757 s
walltime/epoch: 62.927 ms

epoch=16050
residual: 0.00043277, 0.00027402, 5.1366e-05
walltime: 1079.933 s
walltime/epoch: 63.530 ms

epoch=16100
residual: 0.00043044, 0.00027217, 5.1101e-05
walltime: 1082.904 s
walltime/epoch: 59.416 ms

epoch=16150
residual: 0.00042764, 0.00027077, 5.1323e-05
walltime: 1086.140 s
walltime/epoch: 64.721 ms

epoch=16200
residual: 0.00042523, 0.00027009, 4.753e-05
walltime: 1089.366 s
walltime/epoch: 64.521 ms

epoch=16250
residual: 0.00042321, 0.00026973, 4.44e-05
walltime: 1092.417 s
walltime/epoch: 61.024 ms

epoch=16300
residual: 0.00042123, 0.00026942, 4.2576e-05
walltime: 1095.566 s
walltime/epoch: 62.968 ms

epoch=16350
residual: 0.00041889, 0.00026884, 4.3228e-05
walltime: 1098.507 s
walltime/epoch: 58.820 ms

epoch=16400
residual: 0.00041605, 0.00026883, 4.055e-05
walltime: 1101.645 s
walltime/epoch: 62.763 ms

epoch=16450
residual: 0.00041321, 0.00026845, 3.9839e-05
walltime: 1104.663 s
walltime/epoch: 60.366 ms

epoch=16500
residual: 0.0004107, 0.00026691, 4.5276e-05
walltime: 1108.355 s
walltime/epoch: 73.842 ms

epoch=16550
residual: 0.00040776, 0.00026465, 5.1975e-05
walltime: 1111.618 s
walltime/epoch: 65.249 ms

epoch=16600
residual: 0.00040506, 0.00026326, 5.3084e-05
walltime: 1114.461 s
walltime/epoch: 56.866 ms

epoch=16650
residual: 0.00040271, 0.00026273, 5.1862e-05
walltime: 1117.735 s
walltime/epoch: 65.479 ms

epoch=16700
residual: 0.00040043, 0.0002623, 4.9109e-05
walltime: 1121.223 s
walltime/epoch: 69.750 ms

epoch=16750
residual: 0.00039846, 0.00026175, 4.4567e-05
walltime: 1124.633 s
walltime/epoch: 68.203 ms

epoch=16800
residual: 0.00039679, 0.00026154, 3.8492e-05
walltime: 1128.059 s
walltime/epoch: 68.520 ms

epoch=16850
residual: 0.00039548, 0.00026114, 3.6995e-05
walltime: 1131.212 s
walltime/epoch: 63.058 ms

epoch=16900
residual: 0.00039332, 0.00026074, 4.0291e-05
walltime: 1134.214 s
walltime/epoch: 60.048 ms

epoch=16950
residual: 0.00039067, 0.00025998, 4.1804e-05
walltime: 1137.254 s
walltime/epoch: 60.804 ms

epoch=17000
residual: 0.00038796, 0.00025964, 3.9944e-05
walltime: 1140.213 s
walltime/epoch: 59.172 ms

epoch=17050
residual: 0.00038484, 0.00025951, 3.9704e-05
walltime: 1143.328 s
walltime/epoch: 62.305 ms

epoch=17100
residual: 0.00038187, 0.00025885, 4.1343e-05
walltime: 1146.345 s
walltime/epoch: 60.333 ms

epoch=17150
residual: 0.00037977, 0.00025852, 3.8565e-05
walltime: 1149.567 s
walltime/epoch: 64.453 ms

epoch=17200
residual: 0.00037805, 0.00025829, 3.7413e-05
walltime: 1152.435 s
walltime/epoch: 57.358 ms

epoch=17250
residual: 0.00037569, 0.00025789, 4.2246e-05
walltime: 1155.273 s
walltime/epoch: 56.743 ms

epoch=17300
residual: 0.00037235, 0.00025755, 4.8179e-05
walltime: 1159.793 s
walltime/epoch: 90.418 ms

epoch=17350
residual: 0.00036946, 0.00025761, 4.6343e-05
walltime: 1163.332 s
walltime/epoch: 70.779 ms

epoch=17400
residual: 0.00036771, 0.00025734, 4.2125e-05
walltime: 1166.239 s
walltime/epoch: 58.122 ms

epoch=17450
residual: 0.0003655, 0.00025689, 4.2264e-05
walltime: 1169.487 s
walltime/epoch: 64.960 ms

epoch=17500
residual: 0.000363, 0.00025624, 4.0649e-05
walltime: 1172.629 s
walltime/epoch: 62.859 ms
vx_00007.xmf vy_00007.xmf p_00007.xmf

epoch=17550
residual: 0.00036112, 0.00025586, 3.5059e-05
walltime: 1175.702 s
walltime/epoch: 61.443 ms

epoch=17600
residual: 0.00035965, 0.00025533, 3.353e-05
walltime: 1178.788 s
walltime/epoch: 61.733 ms

epoch=17650
residual: 0.00035805, 0.000254, 3.7217e-05
walltime: 1181.897 s
walltime/epoch: 62.182 ms

epoch=17700
residual: 0.00035596, 0.00025208, 4.0843e-05
walltime: 1185.112 s
walltime/epoch: 64.285 ms

epoch=17750
residual: 0.00035362, 0.00025074, 3.8019e-05
walltime: 1188.052 s
walltime/epoch: 58.815 ms

epoch=17800
residual: 0.0003516, 0.00025034, 3.5159e-05
walltime: 1191.411 s
walltime/epoch: 67.168 ms

epoch=17850
residual: 0.00034981, 0.00024976, 3.6719e-05
walltime: 1194.925 s
walltime/epoch: 70.276 ms

epoch=17900
residual: 0.00034808, 0.00024882, 3.7356e-05
walltime: 1198.277 s
walltime/epoch: 67.040 ms

epoch=17950
residual: 0.00034677, 0.00024786, 3.4505e-05
walltime: 1201.561 s
walltime/epoch: 65.696 ms

epoch=18000
residual: 0.00034472, 0.00024657, 3.8424e-05
walltime: 1204.459 s
walltime/epoch: 57.948 ms

epoch=18050
residual: 0.00034155, 0.00024461, 4.4959e-05
walltime: 1208.075 s
walltime/epoch: 72.316 ms

epoch=18100
residual: 0.00033875, 0.00024314, 4.5543e-05
walltime: 1211.324 s
walltime/epoch: 64.992 ms

epoch=18150
residual: 0.00033663, 0.00024226, 4.3425e-05
walltime: 1214.578 s
walltime/epoch: 65.072 ms

epoch=18200
residual: 0.00033406, 0.00024123, 4.4553e-05
walltime: 1218.166 s
walltime/epoch: 71.754 ms

epoch=18250
residual: 0.00033031, 0.00023991, 4.5659e-05
walltime: 1221.607 s
walltime/epoch: 68.832 ms

epoch=18300
residual: 0.00032741, 0.00023889, 4.0912e-05
walltime: 1225.141 s
walltime/epoch: 70.679 ms

epoch=18350
residual: 0.00032542, 0.00023839, 3.8814e-05
walltime: 1228.011 s
walltime/epoch: 57.392 ms

epoch=18400
residual: 0.00032355, 0.00023776, 4.034e-05
walltime: 1231.326 s
walltime/epoch: 66.302 ms

epoch=18450
residual: 0.00032141, 0.00023693, 4.2466e-05
walltime: 1235.386 s
walltime/epoch: 81.205 ms

epoch=18500
residual: 0.00031986, 0.00023593, 4.0937e-05
walltime: 1238.410 s
walltime/epoch: 60.470 ms

epoch=18550
residual: 0.00031815, 0.00023508, 3.8766e-05
walltime: 1241.713 s
walltime/epoch: 66.059 ms

epoch=18600
residual: 0.00031612, 0.00023431, 3.9192e-05
walltime: 1244.894 s
walltime/epoch: 63.629 ms

epoch=18650
residual: 0.00031304, 0.00023314, 4.333e-05
walltime: 1248.420 s
walltime/epoch: 70.508 ms

epoch=18700
residual: 0.00031037, 0.00023226, 4.4023e-05
walltime: 1251.941 s
walltime/epoch: 70.423 ms

epoch=18750
residual: 0.00030865, 0.00023161, 4.232e-05
walltime: 1255.298 s
walltime/epoch: 67.147 ms

epoch=18800
residual: 0.00030705, 0.00023052, 4.2013e-05
walltime: 1258.631 s
walltime/epoch: 66.662 ms

epoch=18850
residual: 0.00030477, 0.00022848, 4.3878e-05
walltime: 1261.840 s
walltime/epoch: 64.181 ms

epoch=18900
residual: 0.00030181, 0.00022648, 4.3328e-05
walltime: 1264.813 s
walltime/epoch: 59.460 ms

epoch=18950
residual: 0.000299, 0.00022573, 4.0864e-05
walltime: 1267.744 s
walltime/epoch: 58.619 ms

epoch=19000
residual: 0.00029678, 0.00022493, 4.0861e-05
walltime: 1270.698 s
walltime/epoch: 59.076 ms

epoch=19050
residual: 0.00029479, 0.00022321, 4.2418e-05
walltime: 1273.825 s
walltime/epoch: 62.541 ms

epoch=19100
residual: 0.00029297, 0.00022109, 3.9072e-05
walltime: 1276.790 s
walltime/epoch: 59.298 ms

epoch=19150
residual: 0.00029173, 0.00021989, 3.236e-05
walltime: 1279.994 s
walltime/epoch: 64.079 ms

epoch=19200
residual: 0.00029035, 0.00021926, 2.9007e-05
walltime: 1283.033 s
walltime/epoch: 60.787 ms

epoch=19250
residual: 0.00028906, 0.00021879, 2.9161e-05
walltime: 1286.014 s
walltime/epoch: 59.613 ms

epoch=19300
residual: 0.00028793, 0.00021824, 2.8767e-05
walltime: 1289.187 s
walltime/epoch: 63.469 ms

epoch=19350
residual: 0.00028681, 0.00021751, 2.7779e-05
walltime: 1292.245 s
walltime/epoch: 61.143 ms

epoch=19400
residual: 0.00028518, 0.00021615, 3.2024e-05
walltime: 1295.350 s
walltime/epoch: 62.116 ms

epoch=19450
residual: 0.00028283, 0.00021414, 3.8138e-05
walltime: 1298.314 s
walltime/epoch: 59.271 ms

epoch=19500
residual: 0.00028075, 0.00021208, 4.1304e-05
walltime: 1301.216 s
walltime/epoch: 58.047 ms

epoch=19550
residual: 0.00027922, 0.00021052, 4.1034e-05
walltime: 1304.089 s
walltime/epoch: 57.445 ms

epoch=19600
residual: 0.00027759, 0.00020916, 3.9853e-05
walltime: 1307.053 s
walltime/epoch: 59.279 ms

epoch=19650
residual: 0.0002762, 0.0002079, 3.7388e-05
walltime: 1310.079 s
walltime/epoch: 60.525 ms

epoch=19700
residual: 0.00027514, 0.00020708, 3.2077e-05
walltime: 1313.111 s
walltime/epoch: 60.648 ms

epoch=19750
residual: 0.0002742, 0.00020633, 2.9921e-05
walltime: 1316.085 s
walltime/epoch: 59.470 ms

epoch=19800
residual: 0.00027287, 0.00020535, 3.1053e-05
walltime: 1318.925 s
walltime/epoch: 56.797 ms

epoch=19850
residual: 0.00027072, 0.000204, 3.3331e-05
walltime: 1322.007 s
walltime/epoch: 61.653 ms

epoch=19900
residual: 0.0002682, 0.00020275, 3.4421e-05
walltime: 1325.008 s
walltime/epoch: 60.019 ms

epoch=19950
residual: 0.00026621, 0.00020149, 3.5425e-05
walltime: 1328.400 s
walltime/epoch: 67.830 ms

epoch=20000
residual: 0.00026396, 0.00019977, 4.0205e-05
walltime: 1331.378 s
walltime/epoch: 59.566 ms
vx_00008.xmf vy_00008.xmf p_00008.xmf

epoch=20050
residual: 0.00026117, 0.00019784, 4.4503e-05
walltime: 1334.573 s
walltime/epoch: 63.902 ms

epoch=20100
residual: 0.00025907, 0.00019708, 4.2464e-05
walltime: 1337.606 s
walltime/epoch: 60.664 ms

epoch=20150
residual: 0.00025719, 0.00019674, 4.1282e-05
walltime: 1340.559 s
walltime/epoch: 59.059 ms

epoch=20200
residual: 0.00025509, 0.00019625, 4.067e-05
walltime: 1343.966 s
walltime/epoch: 68.128 ms

epoch=20250
residual: 0.00025325, 0.00019554, 3.6396e-05
walltime: 1347.107 s
walltime/epoch: 62.824 ms

epoch=20300
residual: 0.00025187, 0.00019477, 3.1366e-05
walltime: 1350.137 s
walltime/epoch: 60.594 ms

epoch=20350
residual: 0.00025046, 0.00019401, 3.0852e-05
walltime: 1353.085 s
walltime/epoch: 58.965 ms

epoch=20400
residual: 0.00024867, 0.00019263, 3.5189e-05
walltime: 1356.040 s
walltime/epoch: 59.103 ms

epoch=20450
residual: 0.00024725, 0.00019093, 3.6553e-05
walltime: 1359.018 s
walltime/epoch: 59.555 ms

epoch=20500
residual: 0.0002462, 0.00018945, 3.5857e-05
walltime: 1362.013 s
walltime/epoch: 59.910 ms

epoch=20550
residual: 0.00024452, 0.00018767, 3.8225e-05
walltime: 1364.967 s
walltime/epoch: 59.074 ms

epoch=20600
residual: 0.00024259, 0.00018587, 3.6868e-05
walltime: 1368.162 s
walltime/epoch: 63.898 ms

epoch=20650
residual: 0.00024146, 0.00018467, 3.3227e-05
walltime: 1371.183 s
walltime/epoch: 60.421 ms

epoch=20700
residual: 0.00023991, 0.00018353, 3.3435e-05
walltime: 1374.327 s
walltime/epoch: 62.888 ms

epoch=20750
residual: 0.00023706, 0.00018194, 3.7361e-05
walltime: 1377.532 s
walltime/epoch: 64.097 ms

epoch=20800
residual: 0.00023442, 0.00018079, 3.6826e-05
walltime: 1380.578 s
walltime/epoch: 60.903 ms

epoch=20850
residual: 0.00023281, 0.0001802, 3.4464e-05
walltime: 1383.756 s
walltime/epoch: 63.574 ms

epoch=20900
residual: 0.00023178, 0.0001796, 3.3331e-05
walltime: 1386.914 s
walltime/epoch: 63.150 ms

epoch=20950
residual: 0.00023085, 0.00017888, 3.2055e-05
walltime: 1391.734 s
walltime/epoch: 96.399 ms

epoch=21000
residual: 0.00022956, 0.0001781, 3.0563e-05
walltime: 1395.067 s
walltime/epoch: 66.660 ms

epoch=21050
residual: 0.00022811, 0.0001773, 2.8739e-05
walltime: 1398.237 s
walltime/epoch: 63.400 ms

epoch=21100
residual: 0.00022633, 0.00017585, 3.067e-05
walltime: 1401.683 s
walltime/epoch: 68.931 ms

epoch=21150
residual: 0.00022424, 0.00017355, 3.3005e-05
walltime: 1405.289 s
walltime/epoch: 72.112 ms

epoch=21200
residual: 0.00022237, 0.00017162, 3.218e-05
walltime: 1408.735 s
walltime/epoch: 68.930 ms

epoch=21250
residual: 0.00022082, 0.00017052, 3.1113e-05
walltime: 1412.988 s
walltime/epoch: 85.061 ms

epoch=21300
residual: 0.00021944, 0.00016965, 3.2077e-05
walltime: 1416.043 s
walltime/epoch: 61.099 ms

epoch=21350
residual: 0.00021808, 0.00016844, 3.2883e-05
walltime: 1419.475 s
walltime/epoch: 68.636 ms

epoch=21400
residual: 0.00021665, 0.00016706, 3.246e-05
walltime: 1422.489 s
walltime/epoch: 60.269 ms

epoch=21450
residual: 0.00021458, 0.00016543, 3.2446e-05
walltime: 1425.615 s
walltime/epoch: 62.536 ms

epoch=21500
residual: 0.0002121, 0.00016419, 3.3242e-05
walltime: 1428.896 s
walltime/epoch: 65.618 ms

epoch=21550
residual: 0.00020992, 0.00016318, 3.1299e-05
walltime: 1433.205 s
walltime/epoch: 86.167 ms

epoch=21600
residual: 0.00020846, 0.00016242, 2.9699e-05
walltime: 1436.641 s
walltime/epoch: 68.718 ms

epoch=21650
residual: 0.00020741, 0.0001618, 2.8459e-05
walltime: 1439.962 s
walltime/epoch: 66.420 ms

epoch=21700
residual: 0.00020621, 0.00016122, 2.7383e-05
walltime: 1442.968 s
walltime/epoch: 60.134 ms

epoch=21750
residual: 0.0002051, 0.00016082, 2.6004e-05
walltime: 1445.793 s
walltime/epoch: 56.493 ms

epoch=21800
residual: 0.00020386, 0.00016028, 2.6113e-05
walltime: 1448.917 s
walltime/epoch: 62.478 ms

epoch=21850
residual: 0.00020248, 0.00015953, 2.7034e-05
walltime: 1452.099 s
walltime/epoch: 63.633 ms

epoch=21900
residual: 0.00020074, 0.00015869, 2.8152e-05
walltime: 1455.600 s
walltime/epoch: 70.026 ms

epoch=21950
residual: 0.00019913, 0.00015797, 2.8391e-05
walltime: 1460.076 s
walltime/epoch: 89.524 ms

epoch=22000
residual: 0.00019794, 0.00015714, 2.7667e-05
walltime: 1463.300 s
walltime/epoch: 64.475 ms

epoch=22050
residual: 0.00019661, 0.00015606, 2.9419e-05
walltime: 1466.237 s
walltime/epoch: 58.750 ms

epoch=22100
residual: 0.00019501, 0.00015459, 3.1689e-05
walltime: 1471.251 s
walltime/epoch: 100.273 ms

epoch=22150
residual: 0.00019361, 0.00015342, 3.2226e-05
walltime: 1474.718 s
walltime/epoch: 69.331 ms

epoch=22200
residual: 0.00019255, 0.0001526, 3.2065e-05
walltime: 1477.642 s
walltime/epoch: 58.493 ms

epoch=22250
residual: 0.00019179, 0.00015184, 3.1591e-05
walltime: 1480.558 s
walltime/epoch: 58.311 ms

epoch=22300
residual: 0.00019075, 0.00015041, 3.0998e-05
walltime: 1483.559 s
walltime/epoch: 60.025 ms

epoch=22350
residual: 0.00018955, 0.00014867, 2.8534e-05
walltime: 1486.636 s
walltime/epoch: 61.532 ms

epoch=22400
residual: 0.00018832, 0.00014757, 2.6723e-05
walltime: 1489.607 s
walltime/epoch: 59.437 ms

epoch=22450
residual: 0.0001871, 0.00014682, 2.7424e-05
walltime: 1492.556 s
walltime/epoch: 58.962 ms

epoch=22500
residual: 0.00018606, 0.00014606, 2.7696e-05
walltime: 1495.423 s
walltime/epoch: 57.352 ms
vx_00009.xmf vy_00009.xmf p_00009.xmf

epoch=22550
residual: 0.00018521, 0.00014511, 2.7939e-05
walltime: 1498.465 s
walltime/epoch: 60.841 ms

epoch=22600
residual: 0.00018431, 0.00014391, 2.7865e-05
walltime: 1501.670 s
walltime/epoch: 64.099 ms

epoch=22650
residual: 0.0001833, 0.00014281, 2.7573e-05
walltime: 1505.738 s
walltime/epoch: 81.358 ms

epoch=22700
residual: 0.00018234, 0.00014195, 2.6022e-05
walltime: 1508.902 s
walltime/epoch: 63.285 ms

epoch=22750
residual: 0.00018161, 0.00014126, 2.4147e-05
walltime: 1512.015 s
walltime/epoch: 62.247 ms

epoch=22800
residual: 0.00018081, 0.00014055, 2.3602e-05
walltime: 1515.172 s
walltime/epoch: 63.143 ms

epoch=22850
residual: 0.00017974, 0.00013989, 2.3744e-05
walltime: 1518.509 s
walltime/epoch: 66.736 ms

epoch=22900
residual: 0.0001786, 0.00013932, 2.3481e-05
walltime: 1521.505 s
walltime/epoch: 59.922 ms

epoch=22950
residual: 0.00017769, 0.00013893, 2.3428e-05
walltime: 1524.407 s
walltime/epoch: 58.047 ms

epoch=23000
residual: 0.00017647, 0.00013847, 2.5066e-05
walltime: 1527.572 s
walltime/epoch: 63.289 ms

epoch=23050
residual: 0.00017515, 0.00013797, 2.5202e-05
walltime: 1530.818 s
walltime/epoch: 64.934 ms

epoch=23100
residual: 0.00017417, 0.00013769, 2.2605e-05
walltime: 1533.989 s
walltime/epoch: 63.414 ms

epoch=23150
residual: 0.0001733, 0.0001375, 2.0606e-05
walltime: 1537.066 s
walltime/epoch: 61.548 ms

epoch=23200
residual: 0.00017221, 0.00013716, 2.0823e-05
walltime: 1540.159 s
walltime/epoch: 61.843 ms

epoch=23250
residual: 0.00017049, 0.00013666, 2.2191e-05
walltime: 1543.197 s
walltime/epoch: 60.766 ms

epoch=23300
residual: 0.00016849, 0.00013618, 2.3604e-05
walltime: 1546.198 s
walltime/epoch: 60.016 ms

epoch=23350
residual: 0.00016702, 0.0001358, 2.3935e-05
walltime: 1549.116 s
walltime/epoch: 58.360 ms

epoch=23400
residual: 0.00016568, 0.00013532, 2.4271e-05
walltime: 1552.142 s
walltime/epoch: 60.515 ms

epoch=23450
residual: 0.00016456, 0.0001348, 2.3392e-05
walltime: 1556.179 s
walltime/epoch: 80.758 ms

epoch=23500
residual: 0.0001639, 0.00013439, 2.242e-05
walltime: 1559.575 s
walltime/epoch: 67.912 ms

epoch=23550
residual: 0.00016305, 0.00013393, 2.3265e-05
walltime: 1562.644 s
walltime/epoch: 61.381 ms

epoch=23600
residual: 0.00016204, 0.00013349, 2.3446e-05
walltime: 1565.815 s
walltime/epoch: 63.415 ms

epoch=23650
residual: 0.00016106, 0.00013314, 2.2434e-05
walltime: 1568.753 s
walltime/epoch: 58.766 ms

epoch=23700
residual: 0.00016013, 0.00013257, 2.1935e-05
walltime: 1571.733 s
walltime/epoch: 59.601 ms

epoch=23750
residual: 0.00015882, 0.00013186, 2.2967e-05
walltime: 1574.765 s
walltime/epoch: 60.627 ms

epoch=23800
residual: 0.00015742, 0.00013131, 2.3454e-05
walltime: 1577.864 s
walltime/epoch: 61.977 ms

epoch=23850
residual: 0.00015655, 0.00013098, 2.2542e-05
walltime: 1580.979 s
walltime/epoch: 62.304 ms

epoch=23900
residual: 0.00015589, 0.00013055, 2.201e-05
walltime: 1583.827 s
walltime/epoch: 56.957 ms

epoch=23950
residual: 0.00015503, 0.00012981, 2.1938e-05
walltime: 1586.750 s
walltime/epoch: 58.469 ms

epoch=24000
residual: 0.00015379, 0.00012894, 2.1626e-05
walltime: 1589.792 s
walltime/epoch: 60.836 ms

epoch=24050
residual: 0.00015229, 0.00012832, 2.2336e-05
walltime: 1592.786 s
walltime/epoch: 59.877 ms

epoch=24100
residual: 0.00015095, 0.00012785, 2.34e-05
walltime: 1595.805 s
walltime/epoch: 60.375 ms

epoch=24150
residual: 0.00014976, 0.00012735, 2.3248e-05
walltime: 1598.703 s
walltime/epoch: 57.957 ms

epoch=24200
residual: 0.00014887, 0.00012697, 2.1078e-05
walltime: 1601.565 s
walltime/epoch: 57.255 ms

epoch=24250
residual: 0.00014781, 0.00012662, 2.0591e-05
walltime: 1604.321 s
walltime/epoch: 55.114 ms

epoch=24300
residual: 0.00014641, 0.00012611, 2.1628e-05
walltime: 1607.358 s
walltime/epoch: 60.736 ms

epoch=24350
residual: 0.00014534, 0.00012564, 2.2165e-05
walltime: 1610.382 s
walltime/epoch: 60.489 ms

epoch=24400
residual: 0.00014428, 0.00012508, 2.3321e-05
walltime: 1613.231 s
walltime/epoch: 56.982 ms

epoch=24450
residual: 0.00014306, 0.00012426, 2.4406e-05
walltime: 1616.017 s
walltime/epoch: 55.715 ms

epoch=24500
residual: 0.00014154, 0.00012304, 2.3257e-05
walltime: 1618.176 s
walltime/epoch: 43.178 ms

epoch=24550
residual: 0.00014025, 0.00012184, 2.0156e-05
walltime: 1620.529 s
walltime/epoch: 47.051 ms

epoch=24600
residual: 0.00013917, 0.00012076, 1.8563e-05
walltime: 1622.758 s
walltime/epoch: 44.583 ms

epoch=24650
residual: 0.00013814, 0.00011934, 2.0034e-05
walltime: 1624.924 s
walltime/epoch: 43.328 ms

epoch=24700
residual: 0.00013746, 0.00011817, 2.012e-05
walltime: 1627.102 s
walltime/epoch: 43.559 ms

epoch=24750
residual: 0.00013687, 0.0001173, 2.01e-05
walltime: 1629.334 s
walltime/epoch: 44.631 ms

epoch=24800
residual: 0.00013609, 0.0001166, 2.0426e-05
walltime: 1631.821 s
walltime/epoch: 49.754 ms

epoch=24850
residual: 0.00013518, 0.00011564, 2.1574e-05
walltime: 1634.108 s
walltime/epoch: 45.727 ms

epoch=24900
residual: 0.0001342, 0.00011425, 2.2354e-05
walltime: 1636.333 s
walltime/epoch: 44.510 ms

epoch=24950
residual: 0.00013337, 0.00011338, 2.2394e-05
walltime: 1638.564 s
walltime/epoch: 44.609 ms

epoch=25000
residual: 0.00013231, 0.00011258, 2.3242e-05
walltime: 1640.738 s
walltime/epoch: 43.479 ms
vx_00010.xmf vy_00010.xmf p_00010.xmf
Namespace(epochs=25001, evals=26104, task='STOP: TOTAL NO. of ITERATIONS REACHED LIMIT')
