./body3d.py --outdir out_circle_bfgsi2 --dim 3 --plot_every 2000 --body circle --blend 1 --optimizer lbfgs --ref_path ref3d_circle_blend1/ref.pickle --infer_chi 1 --imposed ring --nimp 2048
Entering 'out_circle_bfgsi2'
levels [129, 65, 65] [65, 33, 33] [33, 17, 17] [17, 9, 9] [9, 5, 5] [5, 3, 3]
Loading reference solution from '../ref3d_circle_blend1/ref.pickle'
Running L-BFGS_TF optimizer

epoch=00000
residual: 0.0066929, 0, 0, 0, 5.6548, 1.4157, 1.4082
walltime: 56.204 s
vx_00000.xmf vy_00000.xmf vz_00000.xmf p_00000.xmf chi_00000.xmf

epoch=00050
residual: 0.33925, 0.13003, 0.13154, 0.18857, 0.078817, 0.034901, 0.029434
walltime: 97.339 s
walltime/epoch: 1946.730 ms

epoch=00100
residual: 0.26457, 0.11441, 0.11609, 0.10652, 0.033858, 0.019615, 0.018195
walltime: 114.786 s
walltime/epoch: 348.938 ms

epoch=00150
residual: 0.24079, 0.10071, 0.10204, 0.091177, 0.019234, 0.013515, 0.013938
walltime: 131.943 s
walltime/epoch: 343.133 ms

epoch=00200
residual: 0.23005, 0.092379, 0.093437, 0.086595, 0.016397, 0.011311, 0.010895
walltime: 149.495 s
walltime/epoch: 351.035 ms

epoch=00250
residual: 0.22064, 0.083903, 0.084151, 0.089704, 0.01422, 0.0097091, 0.0091686
walltime: 166.712 s
walltime/epoch: 344.341 ms

epoch=00300
residual: 0.20925, 0.075375, 0.075114, 0.09141, 0.013499, 0.0081944, 0.0077154
walltime: 184.384 s
walltime/epoch: 353.446 ms

epoch=00350
residual: 0.19969, 0.068727, 0.068599, 0.093724, 0.013013, 0.0076026, 0.007091
walltime: 201.618 s
walltime/epoch: 344.679 ms

epoch=00400
residual: 0.19481, 0.063085, 0.062803, 0.090316, 0.010981, 0.0065014, 0.0067396
walltime: 219.290 s
walltime/epoch: 353.444 ms

epoch=00450
residual: 0.18903, 0.058825, 0.058563, 0.090768, 0.01002, 0.0058323, 0.0064214
walltime: 236.621 s
walltime/epoch: 346.625 ms

epoch=00500
residual: 0.18518, 0.05572, 0.055399, 0.090704, 0.0083661, 0.0053242, 0.0055763
walltime: 253.838 s
walltime/epoch: 344.323 ms

epoch=00550
residual: 0.18326, 0.053735, 0.053481, 0.088986, 0.0079566, 0.0049432, 0.0053588
walltime: 271.623 s
walltime/epoch: 355.698 ms

epoch=00600
residual: 0.18221, 0.052195, 0.051941, 0.088138, 0.0069712, 0.0043781, 0.0046333
walltime: 289.509 s
walltime/epoch: 357.720 ms

epoch=00650
residual: 0.18137, 0.050963, 0.050669, 0.087925, 0.0066018, 0.0041265, 0.0044718
walltime: 307.650 s
walltime/epoch: 362.826 ms

epoch=00700
residual: 0.18109, 0.050397, 0.050211, 0.086818, 0.006082, 0.0038833, 0.0040585
walltime: 325.174 s
walltime/epoch: 350.490 ms

epoch=00750
residual: 0.18083, 0.049794, 0.049552, 0.086289, 0.0057681, 0.0036587, 0.0038609
walltime: 342.887 s
walltime/epoch: 354.249 ms

epoch=00800
residual: 0.18072, 0.049341, 0.049134, 0.085719, 0.0058054, 0.0036053, 0.0037008
walltime: 360.726 s
walltime/epoch: 356.786 ms

epoch=00850
residual: 0.18064, 0.049077, 0.048859, 0.085108, 0.0057413, 0.0033294, 0.0036539
walltime: 378.243 s
walltime/epoch: 350.334 ms

epoch=00900
residual: 0.18071, 0.048932, 0.048716, 0.084329, 0.0056779, 0.0033343, 0.0034935
walltime: 395.785 s
walltime/epoch: 350.833 ms

epoch=00950
residual: 0.18066, 0.048727, 0.048482, 0.084042, 0.0055749, 0.0032331, 0.0033825
walltime: 413.799 s
walltime/epoch: 360.292 ms

epoch=01000
residual: 0.18073, 0.048602, 0.048348, 0.083612, 0.0055063, 0.0031241, 0.0033397
walltime: 431.133 s
walltime/epoch: 346.683 ms

epoch=01050
residual: 0.18074, 0.048417, 0.0482, 0.083414, 0.0055275, 0.0030986, 0.0032473
walltime: 449.067 s
walltime/epoch: 358.677 ms

epoch=01100
residual: 0.18075, 0.048335, 0.048124, 0.08324, 0.0054611, 0.0030672, 0.0032384
walltime: 466.750 s
walltime/epoch: 353.647 ms

epoch=01150
residual: 0.18074, 0.048255, 0.048027, 0.083119, 0.0053979, 0.0030065, 0.0032183
walltime: 484.716 s
walltime/epoch: 359.336 ms

epoch=01200
residual: 0.18074, 0.048216, 0.047982, 0.082989, 0.0053218, 0.0030003, 0.0031617
walltime: 502.598 s
walltime/epoch: 357.635 ms

epoch=01250
residual: 0.18076, 0.048198, 0.047944, 0.082823, 0.0053817, 0.0029997, 0.0031903
walltime: 520.717 s
walltime/epoch: 362.389 ms

epoch=01300
residual: 0.18079, 0.048148, 0.047885, 0.082685, 0.0054329, 0.0029937, 0.0031765
walltime: 538.721 s
walltime/epoch: 360.065 ms

epoch=01350
residual: 0.18078, 0.048107, 0.047844, 0.082648, 0.0053627, 0.0029828, 0.0031595
walltime: 556.692 s
walltime/epoch: 359.423 ms

epoch=01400
residual: 0.18079, 0.048086, 0.047809, 0.08254, 0.0053968, 0.0029739, 0.0031584
walltime: 574.290 s
walltime/epoch: 351.952 ms

epoch=01450
residual: 0.18081, 0.048056, 0.047761, 0.082401, 0.0053307, 0.0030089, 0.0031426
walltime: 592.267 s
walltime/epoch: 359.544 ms

epoch=01500
residual: 0.1808, 0.048078, 0.047753, 0.082243, 0.0053925, 0.0030331, 0.0031474
walltime: 610.103 s
walltime/epoch: 356.730 ms

epoch=01550
residual: 0.18072, 0.048099, 0.047739, 0.082112, 0.0054207, 0.0030489, 0.0032045
walltime: 627.902 s
walltime/epoch: 355.980 ms

epoch=01600
residual: 0.18044, 0.048109, 0.047708, 0.082091, 0.005613, 0.0032043, 0.0032238
walltime: 645.523 s
walltime/epoch: 352.408 ms

epoch=01650
residual: 0.12856, 0.045172, 0.043445, 0.097995, 0.013408, 0.0087566, 0.0085378
walltime: 663.829 s
walltime/epoch: 366.135 ms

epoch=01700
residual: 0.11174, 0.038422, 0.036858, 0.091275, 0.0095325, 0.0063061, 0.0061407
walltime: 681.454 s
walltime/epoch: 352.496 ms

epoch=01750
residual: 0.099831, 0.033381, 0.032117, 0.082735, 0.0081254, 0.0054743, 0.0052962
walltime: 699.148 s
walltime/epoch: 353.881 ms

epoch=01800
residual: 0.092108, 0.029974, 0.029139, 0.07519, 0.0072929, 0.0045878, 0.0055599
walltime: 716.833 s
walltime/epoch: 353.696 ms

epoch=01850
residual: 0.086304, 0.028007, 0.027091, 0.067687, 0.0059585, 0.0043364, 0.0041874
walltime: 734.280 s
walltime/epoch: 348.944 ms

epoch=01900
residual: 0.080792, 0.026538, 0.025802, 0.05969, 0.0061115, 0.0039659, 0.0042565
walltime: 751.662 s
walltime/epoch: 347.640 ms

epoch=01950
residual: 0.076321, 0.025467, 0.02467, 0.052125, 0.0059202, 0.0042813, 0.0039149
walltime: 769.163 s
walltime/epoch: 350.019 ms

epoch=02000
residual: 0.070591, 0.023994, 0.023362, 0.046816, 0.004619, 0.0033798, 0.0030122
walltime: 786.530 s
walltime/epoch: 347.334 ms
vx_00001.xmf vy_00001.xmf vz_00001.xmf p_00001.xmf chi_00001.xmf

epoch=02050
residual: 0.065563, 0.022313, 0.02181, 0.042244, 0.004463, 0.0034891, 0.003281
walltime: 805.043 s
walltime/epoch: 370.256 ms

epoch=02100
residual: 0.060513, 0.020733, 0.020365, 0.039045, 0.0042936, 0.0032531, 0.0030435
walltime: 822.572 s
walltime/epoch: 350.578 ms

epoch=02150
residual: 0.056352, 0.019583, 0.019271, 0.036169, 0.0039261, 0.0030481, 0.0026176
walltime: 840.239 s
walltime/epoch: 353.349 ms

epoch=02200
residual: 0.053143, 0.01833, 0.018074, 0.033911, 0.0032982, 0.002571, 0.002544
walltime: 857.814 s
walltime/epoch: 351.487 ms

epoch=02250
residual: 0.050252, 0.017332, 0.017118, 0.031942, 0.0032045, 0.0024855, 0.0023412
walltime: 875.545 s
walltime/epoch: 354.629 ms

epoch=02300
residual: 0.047708, 0.016458, 0.016235, 0.029891, 0.0029779, 0.0022106, 0.0019926
walltime: 893.176 s
walltime/epoch: 352.627 ms

epoch=02350
residual: 0.045691, 0.015602, 0.015433, 0.02801, 0.0028602, 0.0020006, 0.0023257
walltime: 910.804 s
walltime/epoch: 352.552 ms

epoch=02400
residual: 0.043762, 0.014852, 0.014685, 0.026361, 0.0026875, 0.0021395, 0.002081
walltime: 928.358 s
walltime/epoch: 351.085 ms

epoch=02450
residual: 0.042313, 0.014213, 0.014048, 0.024966, 0.0025013, 0.0019681, 0.0019493
walltime: 945.541 s
walltime/epoch: 343.649 ms

epoch=02500
residual: 0.041055, 0.013574, 0.013419, 0.023768, 0.0025412, 0.0017395, 0.001707
walltime: 963.010 s
walltime/epoch: 349.380 ms

epoch=02550
residual: 0.039928, 0.013094, 0.012965, 0.022847, 0.0023419, 0.001696, 0.0017583
walltime: 980.384 s
walltime/epoch: 347.479 ms

epoch=02600
residual: 0.038963, 0.012669, 0.012516, 0.021999, 0.0023525, 0.0017191, 0.0016515
walltime: 997.964 s
walltime/epoch: 351.617 ms

epoch=02650
residual: 0.038199, 0.012358, 0.012201, 0.021286, 0.0021564, 0.0015301, 0.0016227
walltime: 1015.373 s
walltime/epoch: 348.179 ms

epoch=02700
residual: 0.037507, 0.012118, 0.011927, 0.020442, 0.0021306, 0.0016273, 0.0015808
walltime: 1033.115 s
walltime/epoch: 354.821 ms

epoch=02750
residual: 0.036874, 0.012006, 0.011791, 0.01967, 0.0020753, 0.0016517, 0.0016314
walltime: 1050.403 s
walltime/epoch: 345.778 ms

epoch=02800
residual: 0.036274, 0.011875, 0.011627, 0.018891, 0.0021025, 0.0015528, 0.0016158
walltime: 1067.870 s
walltime/epoch: 349.334 ms

epoch=02850
residual: 0.035699, 0.011802, 0.011498, 0.018103, 0.0019679, 0.0015931, 0.001519
walltime: 1085.681 s
walltime/epoch: 356.215 ms

epoch=02900
residual: 0.035119, 0.011734, 0.011423, 0.01735, 0.0020091, 0.0015254, 0.0014549
walltime: 1103.437 s
walltime/epoch: 355.114 ms

epoch=02950
residual: 0.034588, 0.01164, 0.011334, 0.016618, 0.0019355, 0.0014957, 0.0014732
walltime: 1120.627 s
walltime/epoch: 343.804 ms

epoch=03000
residual: 0.034113, 0.011537, 0.011237, 0.015919, 0.0019475, 0.001513, 0.0014956
walltime: 1138.264 s
walltime/epoch: 352.736 ms

epoch=03050
residual: 0.033637, 0.011492, 0.011195, 0.015352, 0.0018831, 0.0014889, 0.0013914
walltime: 1155.739 s
walltime/epoch: 349.508 ms

epoch=03100
residual: 0.033167, 0.011408, 0.011098, 0.014829, 0.00196, 0.0014562, 0.0014896
walltime: 1173.154 s
walltime/epoch: 348.303 ms

epoch=03150
residual: 0.032722, 0.011327, 0.01103, 0.014454, 0.0019402, 0.001473, 0.0014227
walltime: 1190.522 s
walltime/epoch: 347.358 ms

epoch=03200
residual: 0.03226, 0.011225, 0.010951, 0.014015, 0.0018572, 0.0014253, 0.0013972
walltime: 1207.902 s
walltime/epoch: 347.589 ms

epoch=03250
residual: 0.031846, 0.011061, 0.010799, 0.013633, 0.0018703, 0.0014166, 0.0013645
walltime: 1225.183 s
walltime/epoch: 345.630 ms

epoch=03300
residual: 0.031439, 0.010873, 0.010606, 0.013352, 0.0018057, 0.0013873, 0.0013828
walltime: 1242.634 s
walltime/epoch: 349.023 ms

epoch=03350
residual: 0.031034, 0.010673, 0.010429, 0.013145, 0.0017359, 0.0013489, 0.0013237
walltime: 1259.893 s
walltime/epoch: 345.173 ms

epoch=03400
residual: 0.030601, 0.010441, 0.010209, 0.013009, 0.0018168, 0.0012968, 0.0012855
walltime: 1277.628 s
walltime/epoch: 354.706 ms

epoch=03450
residual: 0.03021, 0.010245, 0.010016, 0.012814, 0.0016881, 0.001331, 0.001301
walltime: 1295.017 s
walltime/epoch: 347.772 ms

epoch=03500
residual: 0.029795, 0.010048, 0.0098203, 0.012719, 0.0017555, 0.0012325, 0.0012304
walltime: 1312.494 s
walltime/epoch: 349.542 ms

epoch=03550
residual: 0.029422, 0.0098648, 0.0096255, 0.012648, 0.0016273, 0.001285, 0.0012516
walltime: 1330.277 s
walltime/epoch: 355.658 ms

epoch=03600
residual: 0.029031, 0.0096827, 0.0094418, 0.012594, 0.0016874, 0.0012416, 0.0012543
walltime: 1347.924 s
walltime/epoch: 352.944 ms

epoch=03650
residual: 0.028677, 0.0095072, 0.0092742, 0.012515, 0.0016418, 0.0012103, 0.0012223
walltime: 1365.355 s
walltime/epoch: 348.611 ms

epoch=03700
residual: 0.028313, 0.0093716, 0.0091375, 0.012459, 0.0016478, 0.0011653, 0.0011955
walltime: 1383.237 s
walltime/epoch: 357.641 ms

epoch=03750
residual: 0.027979, 0.0092415, 0.0089936, 0.012343, 0.0016211, 0.0011951, 0.001188
walltime: 1400.643 s
walltime/epoch: 348.123 ms

epoch=03800
residual: 0.027701, 0.0091246, 0.0088673, 0.012179, 0.001629, 0.0011713, 0.0012059
walltime: 1418.048 s
walltime/epoch: 348.098 ms

epoch=03850
residual: 0.027411, 0.0090079, 0.0087689, 0.011997, 0.0015904, 0.0011903, 0.0011268
walltime: 1435.784 s
walltime/epoch: 354.716 ms

epoch=03900
residual: 0.027139, 0.008903, 0.0086536, 0.011827, 0.0015691, 0.0011633, 0.0011519
walltime: 1453.312 s
walltime/epoch: 350.565 ms

epoch=03950
residual: 0.026855, 0.0087976, 0.0085436, 0.011637, 0.0015654, 0.001125, 0.0011475
walltime: 1471.235 s
walltime/epoch: 358.473 ms

epoch=04000
residual: 0.026574, 0.0087205, 0.0084549, 0.011481, 0.0015875, 0.0011232, 0.001104
walltime: 1488.568 s
walltime/epoch: 346.657 ms
vx_00002.xmf vy_00002.xmf vz_00002.xmf p_00002.xmf chi_00002.xmf

epoch=04050
residual: 0.026279, 0.0086315, 0.0083681, 0.011313, 0.0015085, 0.0011034, 0.0011094
walltime: 1506.888 s
walltime/epoch: 366.386 ms

epoch=04100
residual: 0.026012, 0.0085473, 0.0082921, 0.011156, 0.0014712, 0.0010901, 0.0010909
walltime: 1524.268 s
walltime/epoch: 347.602 ms

epoch=04150
residual: 0.02572, 0.0084515, 0.0082126, 0.01097, 0.0014554, 0.0011462, 0.0010962
walltime: 1542.030 s
walltime/epoch: 355.244 ms

epoch=04200
residual: 0.025428, 0.0083665, 0.0081454, 0.010819, 0.0014598, 0.0010868, 0.00099721
walltime: 1559.297 s
walltime/epoch: 345.339 ms

epoch=04250
residual: 0.025094, 0.0082641, 0.0080453, 0.010654, 0.0014535, 0.0010856, 0.0010658
walltime: 1576.795 s
walltime/epoch: 349.959 ms

epoch=04300
residual: 0.024794, 0.0081786, 0.0079601, 0.010499, 0.0014529, 0.0010488, 0.0010274
walltime: 1594.225 s
walltime/epoch: 348.597 ms

epoch=04350
residual: 0.024445, 0.0080691, 0.0078533, 0.010364, 0.0014423, 0.0010229, 0.0010517
walltime: 1611.550 s
walltime/epoch: 346.498 ms

epoch=04400
residual: 0.024124, 0.0079748, 0.0077566, 0.01026, 0.0014233, 0.0010086, 0.00099043
walltime: 1629.071 s
walltime/epoch: 350.434 ms

epoch=04450
residual: 0.023797, 0.0078862, 0.0076553, 0.010173, 0.0013938, 0.0010182, 0.00096764
walltime: 1646.437 s
walltime/epoch: 347.306 ms

epoch=04500
residual: 0.023516, 0.0077981, 0.0075656, 0.010043, 0.0013592, 0.00099197, 0.00098543
walltime: 1663.729 s
walltime/epoch: 345.844 ms

epoch=04550
residual: 0.023217, 0.0077045, 0.0074663, 0.0099334, 0.0013556, 0.00094598, 0.00093962
walltime: 1681.537 s
walltime/epoch: 356.165 ms

epoch=04600
residual: 0.022952, 0.0075914, 0.0073702, 0.0098333, 0.0013343, 0.00096605, 0.00093018
walltime: 1699.411 s
walltime/epoch: 357.469 ms

epoch=04650
residual: 0.022705, 0.0074814, 0.0072768, 0.0097047, 0.0013309, 0.00090227, 0.00091748
walltime: 1716.772 s
walltime/epoch: 347.238 ms

epoch=04700
residual: 0.02248, 0.007374, 0.0071835, 0.0095842, 0.0013245, 0.00090298, 0.00091576
walltime: 1734.302 s
walltime/epoch: 350.582 ms

epoch=04750
residual: 0.022277, 0.0072616, 0.0070767, 0.0094641, 0.0012928, 0.00090891, 0.00090484
walltime: 1752.147 s
walltime/epoch: 356.900 ms

epoch=04800
residual: 0.022097, 0.0071515, 0.0069693, 0.0093618, 0.0012829, 0.00089167, 0.00088294
walltime: 1769.214 s
walltime/epoch: 341.339 ms

epoch=04850
residual: 0.02192, 0.0070254, 0.0068481, 0.0092475, 0.0012975, 0.00086672, 0.00085237
walltime: 1786.855 s
walltime/epoch: 352.827 ms

epoch=04900
residual: 0.02177, 0.0068947, 0.0067198, 0.0091308, 0.0012846, 0.00087539, 0.00086651
walltime: 1804.556 s
walltime/epoch: 354.032 ms

epoch=04950
residual: 0.021608, 0.0067948, 0.0066116, 0.0090275, 0.0012299, 0.00085731, 0.00086486
walltime: 1822.076 s
walltime/epoch: 350.399 ms

epoch=05000
residual: 0.021447, 0.0066908, 0.0065176, 0.0089448, 0.0012522, 0.00084797, 0.00083961
walltime: 1840.202 s
walltime/epoch: 362.513 ms

epoch=05050
residual: 0.021306, 0.0066096, 0.0064513, 0.0088554, 0.0012082, 0.00083235, 0.0008128
walltime: 1858.040 s
walltime/epoch: 356.767 ms

epoch=05100
residual: 0.021146, 0.0065302, 0.0063856, 0.0087894, 0.0012148, 0.00081141, 0.00081419
walltime: 1876.284 s
walltime/epoch: 364.871 ms

epoch=05150
residual: 0.021003, 0.0064639, 0.0063222, 0.0087045, 0.0012095, 0.00079984, 0.00077987
walltime: 1894.223 s
walltime/epoch: 358.785 ms

epoch=05200
residual: 0.020855, 0.0063977, 0.0062561, 0.008591, 0.0011956, 0.00080041, 0.00080387
walltime: 1912.870 s
walltime/epoch: 372.925 ms

epoch=05250
residual: 0.020693, 0.0063524, 0.0062122, 0.0085072, 0.0011842, 0.00076391, 0.00077975
walltime: 1931.402 s
walltime/epoch: 370.655 ms

epoch=05300
residual: 0.020518, 0.0062962, 0.0061535, 0.0084068, 0.0011897, 0.00077878, 0.00077514
walltime: 1949.577 s
walltime/epoch: 363.500 ms

epoch=05350
residual: 0.020372, 0.0062138, 0.0060694, 0.0082892, 0.0011715, 0.00074771, 0.00074916
walltime: 1968.068 s
walltime/epoch: 369.813 ms

epoch=05400
residual: 0.020214, 0.0061293, 0.00598, 0.0081633, 0.0011525, 0.0007376, 0.00076131
walltime: 1986.425 s
walltime/epoch: 367.138 ms

epoch=05450
residual: 0.020069, 0.0060694, 0.0059209, 0.0080495, 0.0011581, 0.00072378, 0.00071638
walltime: 2004.812 s
walltime/epoch: 367.743 ms

epoch=05500
residual: 0.019895, 0.0060037, 0.0058567, 0.0079193, 0.0011453, 0.00071415, 0.00072627
walltime: 2023.555 s
walltime/epoch: 374.847 ms

epoch=05550
residual: 0.019718, 0.0059477, 0.0058097, 0.0078335, 0.0011407, 0.00072488, 0.00072652
walltime: 2041.788 s
walltime/epoch: 364.666 ms

epoch=05600
residual: 0.0195, 0.0058817, 0.0057507, 0.0077539, 0.0011095, 0.00071454, 0.00072201
walltime: 2059.864 s
walltime/epoch: 361.520 ms

epoch=05650
residual: 0.019316, 0.0058339, 0.0057051, 0.0076908, 0.0011195, 0.00070248, 0.00070253
walltime: 2077.750 s
walltime/epoch: 357.729 ms

epoch=05700
residual: 0.019109, 0.0057668, 0.0056439, 0.0076376, 0.0011031, 0.00069503, 0.00069008
walltime: 2095.471 s
walltime/epoch: 354.422 ms

epoch=05750
residual: 0.018929, 0.0057195, 0.0055975, 0.007601, 0.0010829, 0.00068643, 0.00066339
walltime: 2113.323 s
walltime/epoch: 357.040 ms

epoch=05800
residual: 0.018723, 0.0056734, 0.0055493, 0.0075571, 0.0010856, 0.00066762, 0.00066318
walltime: 2130.662 s
walltime/epoch: 346.779 ms

epoch=05850
residual: 0.018541, 0.0056318, 0.0055074, 0.0075196, 0.0010974, 0.00066944, 0.00066553
walltime: 2148.547 s
walltime/epoch: 357.692 ms

epoch=05900
residual: 0.018321, 0.0056067, 0.005481, 0.0074917, 0.0010583, 0.00065504, 0.0007061
walltime: 2166.853 s
walltime/epoch: 366.116 ms

epoch=05950
residual: 0.018107, 0.0055755, 0.0054652, 0.0074556, 0.0010797, 0.0006728, 0.00066038
walltime: 2185.329 s
walltime/epoch: 369.517 ms

epoch=06000
residual: 0.01789, 0.0055467, 0.0054438, 0.0074373, 0.0010405, 0.00066435, 0.00066929
walltime: 2203.690 s
walltime/epoch: 367.226 ms
vx_00003.xmf vy_00003.xmf vz_00003.xmf p_00003.xmf chi_00003.xmf

epoch=06050
residual: 0.017685, 0.0055135, 0.0054079, 0.0074039, 0.0010781, 0.00063667, 0.00065742
walltime: 2222.539 s
walltime/epoch: 376.979 ms

epoch=06100
residual: 0.017508, 0.0054511, 0.0053481, 0.0073475, 0.0010434, 0.00063666, 0.00064357
walltime: 2241.021 s
walltime/epoch: 369.643 ms

epoch=06150
residual: 0.017355, 0.0053723, 0.0052692, 0.0072614, 0.001021, 0.00063245, 0.00063667
walltime: 2259.701 s
walltime/epoch: 373.594 ms

epoch=06200
residual: 0.017199, 0.0053067, 0.005197, 0.007206, 0.00099634, 0.0006364, 0.00061438
walltime: 2278.745 s
walltime/epoch: 380.893 ms

epoch=06250
residual: 0.017032, 0.0052386, 0.0051437, 0.0071523, 0.0010087, 0.00060828, 0.00061172
walltime: 2297.218 s
walltime/epoch: 369.450 ms

epoch=06300
residual: 0.016857, 0.0051832, 0.0050948, 0.0071125, 0.00099603, 0.00061373, 0.00060599
walltime: 2315.991 s
walltime/epoch: 375.461 ms

epoch=06350
residual: 0.016688, 0.0050952, 0.0050058, 0.0070352, 0.0010057, 0.00061301, 0.00059516
walltime: 2334.035 s
walltime/epoch: 360.882 ms

epoch=06400
residual: 0.01655, 0.0050196, 0.0049321, 0.006977, 0.0010086, 0.00058843, 0.00060383
walltime: 2352.580 s
walltime/epoch: 370.908 ms

epoch=06450
residual: 0.016407, 0.004941, 0.0048575, 0.0069015, 0.00097323, 0.00059259, 0.00057667
walltime: 2370.788 s
walltime/epoch: 364.159 ms

epoch=06500
residual: 0.016275, 0.0048813, 0.004798, 0.0068299, 0.00099341, 0.00057522, 0.00059304
walltime: 2389.793 s
walltime/epoch: 380.100 ms

epoch=06550
residual: 0.016144, 0.0048203, 0.0047384, 0.0067422, 0.00097385, 0.00056732, 0.00058319
walltime: 2408.098 s
walltime/epoch: 366.101 ms

epoch=06600
residual: 0.016012, 0.0047692, 0.0046927, 0.0066985, 0.00097154, 0.00056506, 0.00056963
walltime: 2426.640 s
walltime/epoch: 370.824 ms

epoch=06650
residual: 0.01587, 0.0047235, 0.0046521, 0.0066288, 0.00095204, 0.00055298, 0.00057401
walltime: 2445.373 s
walltime/epoch: 374.674 ms

epoch=06700
residual: 0.015748, 0.0046684, 0.0046004, 0.0065567, 0.00093028, 0.00053891, 0.00055032
walltime: 2463.681 s
walltime/epoch: 366.152 ms

epoch=06750
residual: 0.015607, 0.0045914, 0.0045287, 0.0064881, 0.00093482, 0.00055132, 0.00055424
walltime: 2481.593 s
walltime/epoch: 358.235 ms

epoch=06800
residual: 0.015448, 0.0045523, 0.0044939, 0.0064871, 0.00091337, 0.00051119, 0.00052735
walltime: 2499.772 s
walltime/epoch: 363.589 ms

epoch=06850
residual: 0.015256, 0.0044957, 0.0044471, 0.0064502, 0.00091044, 0.00050939, 0.00053975
walltime: 2517.852 s
walltime/epoch: 361.603 ms

epoch=06900
residual: 0.015098, 0.0044456, 0.0043926, 0.0063961, 0.00094403, 0.0005161, 0.00053244
walltime: 2536.544 s
walltime/epoch: 373.841 ms

epoch=06950
residual: 0.014939, 0.0043857, 0.0043224, 0.0063135, 0.00089406, 0.00051714, 0.00050871
walltime: 2554.941 s
walltime/epoch: 367.927 ms

epoch=07000
residual: 0.014802, 0.0043365, 0.0042766, 0.0062385, 0.00089643, 0.000515, 0.00051167
walltime: 2573.397 s
walltime/epoch: 369.118 ms

epoch=07050
residual: 0.014647, 0.0042883, 0.0042379, 0.0061712, 0.00087866, 0.00050398, 0.00049571
walltime: 2591.806 s
walltime/epoch: 368.191 ms

epoch=07100
residual: 0.014508, 0.0042579, 0.0042064, 0.0060847, 0.00088582, 0.00048819, 0.00047835
walltime: 2609.873 s
walltime/epoch: 361.343 ms

epoch=07150
residual: 0.014348, 0.0042084, 0.0041495, 0.0059903, 0.0008771, 0.00049392, 0.00049798
walltime: 2628.616 s
walltime/epoch: 374.848 ms

epoch=07200
residual: 0.014199, 0.0041523, 0.0040853, 0.0059463, 0.00085998, 0.00047787, 0.00049024
walltime: 2647.201 s
walltime/epoch: 371.706 ms

epoch=07250
residual: 0.01404, 0.0040887, 0.0040222, 0.0058943, 0.00085855, 0.00048299, 0.00049979
walltime: 2665.615 s
walltime/epoch: 368.280 ms

epoch=07300
residual: 0.013903, 0.0040317, 0.0039703, 0.0058205, 0.00084944, 0.00048931, 0.00046682
walltime: 2684.746 s
walltime/epoch: 382.614 ms

epoch=07350
residual: 0.013749, 0.0039743, 0.0039229, 0.0057636, 0.00085851, 0.00045152, 0.00047783
walltime: 2703.440 s
walltime/epoch: 373.880 ms

epoch=07400
residual: 0.013598, 0.0039314, 0.0038913, 0.0057238, 0.0008261, 0.00046178, 0.00047515
walltime: 2722.046 s
walltime/epoch: 372.127 ms

epoch=07450
residual: 0.013457, 0.0038878, 0.0038585, 0.0056814, 0.00081584, 0.00044302, 0.00046015
walltime: 2740.322 s
walltime/epoch: 365.509 ms

epoch=07500
residual: 0.01331, 0.0038533, 0.0038263, 0.0056438, 0.00080145, 0.00044087, 0.00046761
walltime: 2759.163 s
walltime/epoch: 376.827 ms

epoch=07550
residual: 0.013182, 0.0038229, 0.0037961, 0.0055959, 0.00080259, 0.00044478, 0.00042968
walltime: 2778.200 s
walltime/epoch: 380.744 ms

epoch=07600
residual: 0.01307, 0.0037915, 0.0037612, 0.0055069, 0.00078463, 0.00042593, 0.00041292
walltime: 2796.998 s
walltime/epoch: 375.950 ms

epoch=07650
residual: 0.01298, 0.0037704, 0.0037304, 0.0054067, 0.00079627, 0.00039893, 0.00040461
walltime: 2815.726 s
walltime/epoch: 374.558 ms

epoch=07700
residual: 0.012864, 0.0037523, 0.0037125, 0.0053189, 0.00078057, 0.00041012, 0.00040501
walltime: 2834.561 s
walltime/epoch: 376.700 ms

epoch=07750
residual: 0.012751, 0.0037412, 0.0036987, 0.0052847, 0.00078375, 0.00040795, 0.00042049
walltime: 2852.821 s
walltime/epoch: 365.207 ms

epoch=07800
residual: 0.012627, 0.0037286, 0.0036905, 0.0052717, 0.00075669, 0.00040609, 0.00041998
walltime: 2871.188 s
walltime/epoch: 367.337 ms

epoch=07850
residual: 0.012523, 0.0036958, 0.0036643, 0.0052455, 0.00078399, 0.00042066, 0.00041887
walltime: 2889.585 s
walltime/epoch: 367.937 ms

epoch=07900
residual: 0.01243, 0.0036529, 0.0036258, 0.0052116, 0.00074815, 0.00038912, 0.00039894
walltime: 2908.220 s
walltime/epoch: 372.702 ms

epoch=07950
residual: 0.012343, 0.0036104, 0.0035825, 0.0051934, 0.00076454, 0.00040448, 0.00040192
walltime: 2926.589 s
walltime/epoch: 367.382 ms

epoch=08000
residual: 0.012265, 0.0035571, 0.00353, 0.0051444, 0.00075, 0.00039431, 0.00039429
walltime: 2944.856 s
walltime/epoch: 365.349 ms
vx_00004.xmf vy_00004.xmf vz_00004.xmf p_00004.xmf chi_00004.xmf

epoch=08050
residual: 0.012196, 0.00352, 0.0034879, 0.0051051, 0.00074265, 0.00039718, 0.00040238
walltime: 2964.492 s
walltime/epoch: 392.721 ms

epoch=08100
residual: 0.012114, 0.0034798, 0.0034396, 0.0050753, 0.00073568, 0.00038322, 0.00040379
walltime: 2982.981 s
walltime/epoch: 369.778 ms

epoch=08150
residual: 0.012043, 0.0034363, 0.0033973, 0.0050572, 0.00073966, 0.00039357, 0.00039874
walltime: 3001.062 s
walltime/epoch: 361.608 ms

epoch=08200
residual: 0.01196, 0.003389, 0.0033533, 0.005041, 0.00073457, 0.0003768, 0.00039425
walltime: 3019.946 s
walltime/epoch: 377.676 ms

epoch=08250
residual: 0.011898, 0.0033498, 0.0033162, 0.005012, 0.00073962, 0.00037315, 0.00038966
walltime: 3038.864 s
walltime/epoch: 378.371 ms

epoch=08300
residual: 0.011827, 0.0033086, 0.0032807, 0.0049797, 0.00072745, 0.00036954, 0.00038119
walltime: 3057.318 s
walltime/epoch: 369.079 ms

epoch=08350
residual: 0.011768, 0.0032774, 0.003249, 0.0049524, 0.0007194, 0.00037456, 0.00037874
walltime: 3075.975 s
walltime/epoch: 373.136 ms

epoch=08400
residual: 0.011699, 0.0032521, 0.0032183, 0.0049204, 0.00072965, 0.00036563, 0.00038461
walltime: 3094.950 s
walltime/epoch: 379.500 ms

epoch=08450
residual: 0.011634, 0.0032315, 0.0031983, 0.0049126, 0.0007082, 0.00036335, 0.00036808
walltime: 3113.292 s
walltime/epoch: 366.838 ms

epoch=08500
residual: 0.011561, 0.0032098, 0.0031744, 0.0049084, 0.00068782, 0.0003638, 0.00037499
walltime: 3131.309 s
walltime/epoch: 360.352 ms

epoch=08550
residual: 0.011487, 0.0031988, 0.0031632, 0.0049004, 0.00070492, 0.00035834, 0.00036629
walltime: 3149.903 s
walltime/epoch: 371.863 ms

epoch=08600
residual: 0.011411, 0.0031835, 0.0031518, 0.0048741, 0.00068015, 0.00035172, 0.00035112
walltime: 3168.103 s
walltime/epoch: 364.010 ms

epoch=08650
residual: 0.011348, 0.003167, 0.0031422, 0.004835, 0.00069996, 0.00036102, 0.00036572
walltime: 3186.910 s
walltime/epoch: 376.128 ms

epoch=08700
residual: 0.011288, 0.0031437, 0.0031251, 0.0047868, 0.00068773, 0.00035495, 0.00036588
walltime: 3205.791 s
walltime/epoch: 377.638 ms

epoch=08750
residual: 0.011235, 0.0031244, 0.0031068, 0.0047304, 0.00068784, 0.00035149, 0.00036914
walltime: 3224.503 s
walltime/epoch: 374.233 ms

epoch=08800
residual: 0.011178, 0.0031001, 0.0030822, 0.0046798, 0.00067343, 0.00034588, 0.00036459
walltime: 3242.743 s
walltime/epoch: 364.792 ms

epoch=08850
residual: 0.011113, 0.0030839, 0.0030649, 0.0046586, 0.00069394, 0.00035135, 0.00036091
walltime: 3261.132 s
walltime/epoch: 367.796 ms

epoch=08900
residual: 0.011052, 0.0030649, 0.0030429, 0.0046299, 0.00066864, 0.00034429, 0.00035798
walltime: 3279.735 s
walltime/epoch: 372.057 ms

epoch=08950
residual: 0.011006, 0.0030379, 0.003016, 0.0045738, 0.00067521, 0.00034601, 0.00035543
walltime: 3298.275 s
walltime/epoch: 370.798 ms

epoch=09000
residual: 0.010951, 0.003008, 0.0029886, 0.0045364, 0.00067919, 0.00033654, 0.0003595
walltime: 3317.300 s
walltime/epoch: 380.493 ms

epoch=09050
residual: 0.010892, 0.00298, 0.0029635, 0.0045091, 0.0006702, 0.0003379, 0.00036328
walltime: 3335.793 s
walltime/epoch: 369.856 ms

epoch=09100
residual: 0.010827, 0.00295, 0.0029344, 0.0045001, 0.00066616, 0.00034167, 0.00034336
walltime: 3353.923 s
walltime/epoch: 362.601 ms

epoch=09150
residual: 0.010764, 0.0029187, 0.0029055, 0.0044831, 0.00065143, 0.00034799, 0.00034192
walltime: 3372.550 s
walltime/epoch: 372.538 ms

epoch=09200
residual: 0.010714, 0.0028929, 0.0028852, 0.0044379, 0.00066999, 0.00033728, 0.00034056
walltime: 3390.868 s
walltime/epoch: 366.365 ms

epoch=09250
residual: 0.010656, 0.0028676, 0.0028605, 0.0044082, 0.00065447, 0.00033014, 0.00033273
walltime: 3409.398 s
walltime/epoch: 370.603 ms

epoch=09300
residual: 0.010609, 0.0028479, 0.0028395, 0.004376, 0.00065648, 0.00033355, 0.00034718
walltime: 3427.802 s
walltime/epoch: 368.075 ms

epoch=09350
residual: 0.010557, 0.0028309, 0.0028237, 0.0043474, 0.00064639, 0.00032915, 0.00033525
walltime: 3446.133 s
walltime/epoch: 366.629 ms

epoch=09400
residual: 0.010503, 0.0028146, 0.0028067, 0.0043376, 0.00064794, 0.00032556, 0.00032386
walltime: 3464.516 s
walltime/epoch: 367.658 ms

epoch=09450
residual: 0.010448, 0.0027956, 0.0027873, 0.0043168, 0.00064102, 0.00031748, 0.00033012
walltime: 3482.873 s
walltime/epoch: 367.133 ms

epoch=09500
residual: 0.010394, 0.0027773, 0.0027699, 0.0043227, 0.00063842, 0.00031948, 0.00033989
walltime: 3501.742 s
walltime/epoch: 377.379 ms

epoch=09550
residual: 0.010337, 0.0027597, 0.002753, 0.0043114, 0.00062958, 0.00031767, 0.00032756
walltime: 3520.725 s
walltime/epoch: 379.661 ms

epoch=09600
residual: 0.010289, 0.0027392, 0.0027357, 0.0042981, 0.00063915, 0.0003139, 0.00032557
walltime: 3539.283 s
walltime/epoch: 371.157 ms

epoch=09650
residual: 0.010244, 0.0027252, 0.002721, 0.0042687, 0.00063187, 0.00031888, 0.00033455
walltime: 3558.043 s
walltime/epoch: 375.200 ms

epoch=09700
residual: 0.010208, 0.0027119, 0.0027079, 0.0042326, 0.00062679, 0.00030619, 0.00031654
walltime: 3576.384 s
walltime/epoch: 366.826 ms

epoch=09750
residual: 0.010163, 0.002695, 0.0026886, 0.004205, 0.00062413, 0.00030817, 0.00031931
walltime: 3594.485 s
walltime/epoch: 362.021 ms

epoch=09800
residual: 0.010125, 0.002676, 0.0026734, 0.0041757, 0.0006396, 0.0003063, 0.00031525
walltime: 3612.734 s
walltime/epoch: 364.974 ms

epoch=09850
residual: 0.010084, 0.002657, 0.0026555, 0.0041503, 0.00063503, 0.00030618, 0.00030936
walltime: 3631.303 s
walltime/epoch: 371.379 ms

epoch=09900
residual: 0.010042, 0.0026439, 0.0026413, 0.0041311, 0.00062693, 0.00030882, 0.00031624
walltime: 3650.261 s
walltime/epoch: 379.163 ms

epoch=09950
residual: 0.010001, 0.0026297, 0.0026281, 0.0041094, 0.0006268, 0.00030454, 0.00031498
walltime: 3668.184 s
walltime/epoch: 358.465 ms

epoch=10000
residual: 0.0099543, 0.0026198, 0.0026173, 0.0041007, 0.00061279, 0.00030427, 0.00031595
walltime: 3686.491 s
walltime/epoch: 366.131 ms
vx_00005.xmf vy_00005.xmf vz_00005.xmf p_00005.xmf chi_00005.xmf

epoch=10050
residual: 0.009906, 0.002608, 0.0026066, 0.0040908, 0.00062309, 0.0002969, 0.00031308
walltime: 3705.744 s
walltime/epoch: 385.056 ms

epoch=10100
residual: 0.0098592, 0.0026, 0.0025972, 0.0040774, 0.0006221, 0.00029713, 0.00032088
walltime: 3723.719 s
walltime/epoch: 359.509 ms

epoch=10150
residual: 0.0098062, 0.002596, 0.002594, 0.0040647, 0.00062321, 0.00030395, 0.00030053
walltime: 3742.072 s
walltime/epoch: 367.055 ms

epoch=10200
residual: 0.0097532, 0.0025917, 0.0025891, 0.0040563, 0.00061431, 0.00029341, 0.00030688
walltime: 3760.884 s
walltime/epoch: 376.241 ms

epoch=10250
residual: 0.0096992, 0.0025903, 0.0025873, 0.0040372, 0.00061851, 0.00029658, 0.00030757
walltime: 3779.302 s
walltime/epoch: 368.354 ms

epoch=10300
residual: 0.0096448, 0.0025828, 0.0025809, 0.004028, 0.00060994, 0.0002961, 0.00031125
walltime: 3798.008 s
walltime/epoch: 374.124 ms

epoch=10350
residual: 0.0095907, 0.002574, 0.0025736, 0.0040186, 0.0006156, 0.00029329, 0.00031515
walltime: 3816.563 s
walltime/epoch: 371.104 ms

epoch=10400
residual: 0.0095364, 0.0025589, 0.0025602, 0.0040162, 0.00061608, 0.00030064, 0.00031573
walltime: 3835.427 s
walltime/epoch: 377.274 ms

epoch=10450
residual: 0.0094878, 0.0025433, 0.0025447, 0.0040053, 0.00061283, 0.00029554, 0.00031248
walltime: 3853.715 s
walltime/epoch: 365.770 ms

epoch=10500
residual: 0.0094452, 0.0025203, 0.0025231, 0.0039785, 0.00061434, 0.00028697, 0.00030571
walltime: 3872.074 s
walltime/epoch: 367.172 ms

epoch=10550
residual: 0.0094103, 0.0024994, 0.0025027, 0.0039598, 0.00060159, 0.00028647, 0.00030347
walltime: 3890.487 s
walltime/epoch: 368.254 ms

epoch=10600
residual: 0.0093701, 0.002481, 0.0024852, 0.0039345, 0.00060223, 0.00028602, 0.0003018
walltime: 3908.958 s
walltime/epoch: 369.428 ms

epoch=10650
residual: 0.0093292, 0.0024645, 0.0024703, 0.003927, 0.00059624, 0.00028856, 0.00030224
walltime: 3927.373 s
walltime/epoch: 368.307 ms

epoch=10700
residual: 0.0092824, 0.0024525, 0.0024601, 0.0039237, 0.00059296, 0.0002847, 0.00029822
walltime: 3945.469 s
walltime/epoch: 361.917 ms

epoch=10750
residual: 0.009245, 0.0024376, 0.0024474, 0.0039152, 0.00059661, 0.00028495, 0.00029039
walltime: 3963.646 s
walltime/epoch: 363.526 ms

epoch=10800
residual: 0.0091991, 0.0024266, 0.002435, 0.0039084, 0.00059814, 0.00028813, 0.00029121
walltime: 3982.285 s
walltime/epoch: 372.781 ms

epoch=10850
residual: 0.0091636, 0.0024124, 0.0024213, 0.0038958, 0.00059441, 0.00027724, 0.00029266
walltime: 4000.146 s
walltime/epoch: 357.220 ms

epoch=10900
residual: 0.0091168, 0.0024023, 0.0024144, 0.0038831, 0.00059113, 0.00027592, 0.00029156
walltime: 4019.177 s
walltime/epoch: 380.629 ms

epoch=10950
residual: 0.009071, 0.0023933, 0.0024074, 0.0038825, 0.00058994, 0.00028055, 0.00028738
walltime: 4037.272 s
walltime/epoch: 361.894 ms

epoch=11000
residual: 0.0090321, 0.0023835, 0.0023967, 0.0038551, 0.0005917, 0.00026914, 0.0002883
walltime: 4055.795 s
walltime/epoch: 370.467 ms

epoch=11050
residual: 0.0089935, 0.0023737, 0.0023871, 0.0038233, 0.00058732, 0.0002806, 0.0002894
walltime: 4074.389 s
walltime/epoch: 371.870 ms

epoch=11100
residual: 0.0089563, 0.0023578, 0.0023698, 0.0037967, 0.00058379, 0.00026547, 0.00027718
walltime: 4093.047 s
walltime/epoch: 373.165 ms

epoch=11150
residual: 0.0089208, 0.0023471, 0.0023569, 0.0037762, 0.00058197, 0.00026884, 0.00028073
walltime: 4110.767 s
walltime/epoch: 354.411 ms

epoch=11200
residual: 0.008884, 0.0023335, 0.0023416, 0.003746, 0.00057939, 0.000275, 0.00028836
walltime: 4129.694 s
walltime/epoch: 378.520 ms

epoch=11250
residual: 0.0088502, 0.0023193, 0.0023267, 0.0037118, 0.00057899, 0.00026666, 0.00027807
walltime: 4148.500 s
walltime/epoch: 376.121 ms

epoch=11300
residual: 0.0088162, 0.0023076, 0.0023147, 0.003683, 0.0005735, 0.00026348, 0.0002774
walltime: 4166.736 s
walltime/epoch: 364.720 ms

epoch=11350
residual: 0.0087748, 0.002297, 0.0023042, 0.0036707, 0.00058138, 0.00026229, 0.00026635
walltime: 4184.928 s
walltime/epoch: 363.839 ms

epoch=11400
residual: 0.0087363, 0.002289, 0.0022966, 0.0036626, 0.00057865, 0.00026125, 0.00026805
walltime: 4202.853 s
walltime/epoch: 358.514 ms

epoch=11450
residual: 0.0086958, 0.0022801, 0.0022908, 0.0036594, 0.00056884, 0.0002568, 0.00027092
walltime: 4221.417 s
walltime/epoch: 371.276 ms

epoch=11500
residual: 0.0086535, 0.0022714, 0.0022844, 0.0036523, 0.00056597, 0.00025367, 0.00026612
walltime: 4239.666 s
walltime/epoch: 364.980 ms

epoch=11550
residual: 0.008613, 0.002263, 0.0022747, 0.0036444, 0.00056722, 0.00025505, 0.00026553
walltime: 4257.786 s
walltime/epoch: 362.403 ms

epoch=11600
residual: 0.0085672, 0.0022572, 0.0022699, 0.0036489, 0.00057187, 0.00026046, 0.00026916
walltime: 4276.105 s
walltime/epoch: 366.383 ms

epoch=11650
residual: 0.0085305, 0.0022472, 0.0022611, 0.0036346, 0.00056946, 0.00025701, 0.00027009
walltime: 4294.567 s
walltime/epoch: 369.227 ms

epoch=11700
residual: 0.0085008, 0.0022341, 0.0022488, 0.0036048, 0.00056569, 0.00025185, 0.00026598
walltime: 4313.259 s
walltime/epoch: 373.848 ms

epoch=11750
residual: 0.0084715, 0.0022244, 0.0022368, 0.0035828, 0.00056552, 0.00025643, 0.00026201
walltime: 4332.072 s
walltime/epoch: 376.254 ms

epoch=11800
residual: 0.008443, 0.0022123, 0.0022272, 0.0035715, 0.00056094, 0.00025457, 0.00026389
walltime: 4350.738 s
walltime/epoch: 373.326 ms

epoch=11850
residual: 0.0084112, 0.0022005, 0.0022174, 0.003558, 0.0005739, 0.00024985, 0.00025831
walltime: 4369.466 s
walltime/epoch: 374.564 ms

epoch=11900
residual: 0.0083836, 0.0021875, 0.0022057, 0.0035527, 0.00055642, 0.00025164, 0.00025926
walltime: 4388.078 s
walltime/epoch: 372.233 ms

epoch=11950
residual: 0.0083588, 0.0021762, 0.0021953, 0.0035371, 0.00056746, 0.00024804, 0.00026144
walltime: 4406.613 s
walltime/epoch: 370.703 ms

epoch=12000
residual: 0.008339, 0.002169, 0.0021877, 0.0035155, 0.00055603, 0.00025072, 0.00026232
walltime: 4425.263 s
walltime/epoch: 372.999 ms
vx_00006.xmf vy_00006.xmf vz_00006.xmf p_00006.xmf chi_00006.xmf

epoch=12050
residual: 0.0083144, 0.002163, 0.0021791, 0.0034959, 0.00055461, 0.00024671, 0.00025967
walltime: 4444.525 s
walltime/epoch: 385.245 ms

epoch=12100
residual: 0.0082898, 0.0021572, 0.0021753, 0.0034829, 0.00055186, 0.00024378, 0.00025977
walltime: 4463.025 s
walltime/epoch: 369.994 ms

epoch=12150
residual: 0.0082624, 0.0021491, 0.0021702, 0.0034672, 0.00055023, 0.00024696, 0.00025464
walltime: 4481.216 s
walltime/epoch: 363.819 ms

epoch=12200
residual: 0.0082316, 0.0021436, 0.0021655, 0.0034614, 0.00055492, 0.00024468, 0.00024738
walltime: 4499.481 s
walltime/epoch: 365.304 ms

epoch=12250
residual: 0.0082017, 0.0021363, 0.0021594, 0.0034543, 0.00054607, 0.00025004, 0.00026186
walltime: 4517.916 s
walltime/epoch: 368.691 ms

epoch=12300
residual: 0.008173, 0.0021295, 0.0021539, 0.0034457, 0.00054759, 0.00024444, 0.00026015
walltime: 4536.544 s
walltime/epoch: 372.557 ms

epoch=12350
residual: 0.0081424, 0.0021215, 0.0021475, 0.0034402, 0.00054581, 0.00024649, 0.00025251
walltime: 4555.063 s
walltime/epoch: 370.376 ms

epoch=12400
residual: 0.0081145, 0.0021147, 0.0021409, 0.0034326, 0.00054267, 0.00024439, 0.00025265
walltime: 4573.054 s
walltime/epoch: 359.828 ms

epoch=12450
residual: 0.0080906, 0.0021054, 0.0021319, 0.0034137, 0.00054443, 0.00024806, 0.00025444
walltime: 4591.180 s
walltime/epoch: 362.523 ms

epoch=12500
residual: 0.0080631, 0.0021005, 0.0021283, 0.0034036, 0.00054147, 0.00024286, 0.00025375
walltime: 4609.985 s
walltime/epoch: 376.090 ms

epoch=12550
residual: 0.0080343, 0.0020915, 0.0021208, 0.0033901, 0.0005362, 0.00024438, 0.00025643
walltime: 4628.561 s
walltime/epoch: 371.537 ms

epoch=12600
residual: 0.0080054, 0.0020819, 0.002113, 0.00339, 0.00054689, 0.00024344, 0.00025097
walltime: 4647.385 s
walltime/epoch: 376.473 ms

epoch=12650
residual: 0.0079741, 0.0020748, 0.0021052, 0.0033895, 0.0005364, 0.00024674, 0.00025755
walltime: 4666.356 s
walltime/epoch: 379.415 ms

epoch=12700
residual: 0.0079463, 0.0020672, 0.002098, 0.0033845, 0.00053045, 0.000245, 0.00024393
walltime: 4684.516 s
walltime/epoch: 363.208 ms

epoch=12750
residual: 0.0079205, 0.0020578, 0.0020859, 0.0033746, 0.00053111, 0.00024028, 0.00025375
walltime: 4703.609 s
walltime/epoch: 381.851 ms

epoch=12800
residual: 0.0078929, 0.0020496, 0.0020764, 0.0033724, 0.00053264, 0.00023888, 0.0002453
walltime: 4722.224 s
walltime/epoch: 372.308 ms

epoch=12850
residual: 0.0078615, 0.0020431, 0.0020701, 0.0033719, 0.00052356, 0.00024318, 0.00025004
walltime: 4741.140 s
walltime/epoch: 378.319 ms

epoch=12900
residual: 0.0078309, 0.0020368, 0.0020629, 0.0033686, 0.00052389, 0.000239, 0.00025203
walltime: 4759.449 s
walltime/epoch: 366.171 ms

epoch=12950
residual: 0.007795, 0.0020269, 0.0020562, 0.003371, 0.00053043, 0.00023488, 0.00024358
walltime: 4778.076 s
walltime/epoch: 372.539 ms

epoch=13000
residual: 0.0077665, 0.0020149, 0.0020474, 0.0033597, 0.00052263, 0.00023561, 0.0002481
walltime: 4797.051 s
walltime/epoch: 379.506 ms

epoch=13050
residual: 0.0077403, 0.0020054, 0.0020395, 0.0033431, 0.00053119, 0.0002418, 0.00024455
walltime: 4815.808 s
walltime/epoch: 375.134 ms

epoch=13100
residual: 0.0077077, 0.0019954, 0.0020323, 0.0033321, 0.00052175, 0.00023993, 0.00024328
walltime: 4834.074 s
walltime/epoch: 365.319 ms

epoch=13150
residual: 0.0076753, 0.0019885, 0.0020259, 0.0033315, 0.00052108, 0.00023099, 0.0002428
walltime: 4852.019 s
walltime/epoch: 358.897 ms

epoch=13200
residual: 0.0076493, 0.001981, 0.00202, 0.0033143, 0.00051836, 0.00022678, 0.00024267
walltime: 4871.014 s
walltime/epoch: 379.906 ms

epoch=13250
residual: 0.0076241, 0.0019726, 0.0020117, 0.0032935, 0.00051339, 0.00022992, 0.0002462
walltime: 4888.779 s
walltime/epoch: 355.297 ms

epoch=13300
residual: 0.0075934, 0.0019639, 0.0020064, 0.0032803, 0.00051235, 0.00023234, 0.00024173
walltime: 4907.277 s
walltime/epoch: 369.976 ms

epoch=13350
residual: 0.0075698, 0.0019563, 0.0020007, 0.0032607, 0.0005114, 0.00023135, 0.00023975
walltime: 4925.794 s
walltime/epoch: 370.324 ms

epoch=13400
residual: 0.0075401, 0.0019476, 0.0019922, 0.003236, 0.00050377, 0.00022748, 0.00024141
walltime: 4944.502 s
walltime/epoch: 374.175 ms

epoch=13450
residual: 0.0075072, 0.001937, 0.0019862, 0.003224, 0.0005148, 0.00023411, 0.00023399
walltime: 4963.319 s
walltime/epoch: 376.337 ms

epoch=13500
residual: 0.0074759, 0.0019247, 0.0019759, 0.0032077, 0.00050485, 0.00022541, 0.00023813
walltime: 4981.759 s
walltime/epoch: 368.802 ms

epoch=13550
residual: 0.0074467, 0.0019144, 0.0019659, 0.0031942, 0.00050852, 0.00022899, 0.00023453
walltime: 5000.728 s
walltime/epoch: 379.367 ms

epoch=13600
residual: 0.0074151, 0.0019004, 0.0019502, 0.0031744, 0.00050127, 0.00022602, 0.00023314
walltime: 5019.771 s
walltime/epoch: 380.868 ms

epoch=13650
residual: 0.0073905, 0.0018871, 0.0019344, 0.0031465, 0.00049749, 0.0002243, 0.00023577
walltime: 5038.777 s
walltime/epoch: 380.120 ms

epoch=13700
residual: 0.0073612, 0.0018738, 0.0019215, 0.0031263, 0.00049364, 0.00022369, 0.00023149
walltime: 5057.479 s
walltime/epoch: 374.044 ms

epoch=13750
residual: 0.0073282, 0.0018633, 0.0019122, 0.0031148, 0.00048642, 0.00022239, 0.00022934
walltime: 5075.843 s
walltime/epoch: 367.279 ms

epoch=13800
residual: 0.0072927, 0.0018531, 0.0019025, 0.0031148, 0.00048501, 0.00021407, 0.00022008
walltime: 5094.452 s
walltime/epoch: 372.181 ms

epoch=13850
residual: 0.0072592, 0.0018475, 0.0018973, 0.0031087, 0.00048189, 0.00021291, 0.00022471
walltime: 5113.180 s
walltime/epoch: 374.559 ms

epoch=13900
residual: 0.0072244, 0.0018398, 0.0018892, 0.0031049, 0.0004821, 0.00020714, 0.00022349
walltime: 5131.658 s
walltime/epoch: 369.558 ms

epoch=13950
residual: 0.0071961, 0.0018302, 0.0018794, 0.0030896, 0.0004853, 0.00021629, 0.00021914
walltime: 5149.985 s
walltime/epoch: 366.524 ms

epoch=14000
residual: 0.0071694, 0.0018204, 0.0018708, 0.0030699, 0.00047653, 0.0002116, 0.0002177
walltime: 5168.465 s
walltime/epoch: 369.609 ms
vx_00007.xmf vy_00007.xmf vz_00007.xmf p_00007.xmf chi_00007.xmf

epoch=14050
residual: 0.0071416, 0.0018132, 0.0018635, 0.0030498, 0.00048351, 0.00021309, 0.0002193
walltime: 5187.183 s
walltime/epoch: 374.361 ms

epoch=14100
residual: 0.0071145, 0.0018073, 0.0018586, 0.0030385, 0.00047527, 0.00021535, 0.000216
walltime: 5205.609 s
walltime/epoch: 368.527 ms

epoch=14150
residual: 0.0070817, 0.0018025, 0.0018543, 0.0030406, 0.00047041, 0.00020765, 0.00021918
walltime: 5224.030 s
walltime/epoch: 368.411 ms

epoch=14200
residual: 0.0070558, 0.0017939, 0.0018472, 0.0030307, 0.00047323, 0.00021449, 0.00021307
walltime: 5242.711 s
walltime/epoch: 373.611 ms

epoch=14250
residual: 0.0070353, 0.0017869, 0.0018376, 0.0030119, 0.00047067, 0.00020924, 0.00021325
walltime: 5260.782 s
walltime/epoch: 361.422 ms

epoch=14300
residual: 0.0070132, 0.0017809, 0.0018323, 0.0030022, 0.00047402, 0.0002039, 0.00021413
walltime: 5278.401 s
walltime/epoch: 352.387 ms

epoch=14350
residual: 0.0069899, 0.0017756, 0.0018297, 0.0029892, 0.00047174, 0.00020565, 0.00020959
walltime: 5296.469 s
walltime/epoch: 361.368 ms

epoch=14400
residual: 0.0069692, 0.0017727, 0.0018267, 0.0029753, 0.00047041, 0.00020877, 0.00021555
walltime: 5314.356 s
walltime/epoch: 357.734 ms

epoch=14450
residual: 0.0069454, 0.0017677, 0.0018217, 0.0029603, 0.0004665, 0.00020587, 0.00020926
walltime: 5332.654 s
walltime/epoch: 365.958 ms

epoch=14500
residual: 0.0069292, 0.0017609, 0.0018144, 0.00294, 0.00046943, 0.00020361, 0.0002148
walltime: 5350.188 s
walltime/epoch: 350.688 ms

epoch=14550
residual: 0.0069088, 0.0017538, 0.0018078, 0.0029284, 0.00046431, 0.00020722, 0.00021243
walltime: 5367.811 s
walltime/epoch: 352.460 ms

epoch=14600
residual: 0.0068908, 0.0017496, 0.001804, 0.0029184, 0.00046344, 0.0002084, 0.00021177
walltime: 5385.749 s
walltime/epoch: 358.743 ms

epoch=14650
residual: 0.0068736, 0.0017445, 0.0017999, 0.0029058, 0.00045706, 0.00020533, 0.00021372
walltime: 5403.273 s
walltime/epoch: 350.496 ms

epoch=14700
residual: 0.0068575, 0.0017404, 0.0017959, 0.0028934, 0.00045751, 0.00020547, 0.00020586
walltime: 5421.119 s
walltime/epoch: 356.908 ms

epoch=14750
residual: 0.0068405, 0.0017333, 0.0017892, 0.0028822, 0.00046576, 0.00020776, 0.00020962
walltime: 5439.141 s
walltime/epoch: 360.433 ms

epoch=14800
residual: 0.0068229, 0.001728, 0.0017837, 0.0028796, 0.00046026, 0.00020388, 0.00021014
walltime: 5457.055 s
walltime/epoch: 358.290 ms

epoch=14850
residual: 0.0068031, 0.0017225, 0.0017779, 0.0028784, 0.00046328, 0.00020531, 0.00021067
walltime: 5474.724 s
walltime/epoch: 353.379 ms

epoch=14900
residual: 0.0067851, 0.001716, 0.0017724, 0.0028769, 0.00045973, 0.00020475, 0.00020817
walltime: 5492.530 s
walltime/epoch: 356.126 ms

epoch=14950
residual: 0.0067704, 0.0017085, 0.0017654, 0.0028705, 0.00045781, 0.00020122, 0.00020763
walltime: 5510.109 s
walltime/epoch: 351.568 ms

epoch=15000
residual: 0.0067527, 0.0017017, 0.0017601, 0.0028695, 0.00045945, 0.00020217, 0.00020269
walltime: 5527.828 s
walltime/epoch: 354.380 ms

epoch=15050
residual: 0.0067343, 0.0016967, 0.0017545, 0.002869, 0.00045814, 0.00020092, 0.00020236
walltime: 5545.919 s
walltime/epoch: 361.834 ms

epoch=15100
residual: 0.0067148, 0.001693, 0.0017505, 0.0028674, 0.00045036, 0.00020655, 0.0002029
walltime: 5563.493 s
walltime/epoch: 351.467 ms

epoch=15150
residual: 0.0066931, 0.0016911, 0.0017491, 0.0028678, 0.00045094, 0.00019819, 0.00020396
walltime: 5581.221 s
walltime/epoch: 354.567 ms

epoch=15200
residual: 0.0066757, 0.0016887, 0.0017478, 0.0028567, 0.00045224, 0.00019981, 0.00020538
walltime: 5598.882 s
walltime/epoch: 353.210 ms

epoch=15250
residual: 0.0066549, 0.0016877, 0.0017455, 0.0028497, 0.00045144, 0.00020124, 0.00020734
walltime: 5616.781 s
walltime/epoch: 357.979 ms

epoch=15300
residual: 0.0066341, 0.0016856, 0.001743, 0.0028456, 0.0004469, 0.000198, 0.00020477
walltime: 5634.715 s
walltime/epoch: 358.680 ms

epoch=15350
residual: 0.0066133, 0.0016829, 0.0017411, 0.0028375, 0.00045083, 0.00019913, 0.00020688
walltime: 5652.517 s
walltime/epoch: 356.050 ms

epoch=15400
residual: 0.0065906, 0.0016823, 0.0017407, 0.002834, 0.00044625, 0.00020237, 0.00020238
walltime: 5670.148 s
walltime/epoch: 352.623 ms

epoch=15450
residual: 0.0065702, 0.0016787, 0.0017373, 0.0028262, 0.00044475, 0.00019864, 0.00020543
walltime: 5687.986 s
walltime/epoch: 356.748 ms

epoch=15500
residual: 0.0065455, 0.0016764, 0.0017349, 0.0028252, 0.00044637, 0.00019985, 0.00020357
walltime: 5705.763 s
walltime/epoch: 355.548 ms

epoch=15550
residual: 0.006523, 0.0016741, 0.001733, 0.0028249, 0.00044393, 0.00019711, 0.00020319
walltime: 5723.423 s
walltime/epoch: 353.192 ms

epoch=15600
residual: 0.006502, 0.0016708, 0.0017303, 0.0028163, 0.00044681, 0.00019452, 0.00020135
walltime: 5741.084 s
walltime/epoch: 353.226 ms

epoch=15650
residual: 0.0064815, 0.0016675, 0.0017269, 0.0028103, 0.00044228, 0.00020066, 0.00020375
walltime: 5758.822 s
walltime/epoch: 354.765 ms

epoch=15700
residual: 0.0064593, 0.0016639, 0.001722, 0.0027994, 0.00044085, 0.00019816, 0.00020189
walltime: 5776.877 s
walltime/epoch: 361.082 ms

epoch=15750
residual: 0.0064357, 0.0016617, 0.0017191, 0.0027939, 0.00043885, 0.00019575, 0.00020028
walltime: 5794.830 s
walltime/epoch: 359.070 ms

epoch=15800
residual: 0.0064206, 0.0016558, 0.0017138, 0.0027702, 0.00044241, 0.00019817, 0.00019907
walltime: 5813.377 s
walltime/epoch: 370.932 ms

epoch=15850
residual: 0.0063987, 0.0016514, 0.0017094, 0.0027616, 0.00043947, 0.00019648, 0.00019964
walltime: 5831.858 s
walltime/epoch: 369.629 ms

epoch=15900
residual: 0.0063743, 0.0016472, 0.0017062, 0.0027616, 0.00043568, 0.00019532, 0.00020094
walltime: 5849.980 s
walltime/epoch: 362.437 ms

epoch=15950
residual: 0.0063546, 0.0016436, 0.0017025, 0.0027524, 0.00043707, 0.00019107, 0.00019517
walltime: 5868.652 s
walltime/epoch: 373.439 ms

epoch=16000
residual: 0.0063343, 0.0016396, 0.0016966, 0.0027416, 0.00043754, 0.00019485, 0.00020043
walltime: 5887.381 s
walltime/epoch: 374.587 ms
vx_00008.xmf vy_00008.xmf vz_00008.xmf p_00008.xmf chi_00008.xmf

epoch=16050
residual: 0.0063141, 0.0016361, 0.0016923, 0.0027369, 0.00043295, 0.0001898, 0.00019341
walltime: 5905.839 s
walltime/epoch: 369.156 ms

epoch=16100
residual: 0.0062883, 0.0016356, 0.0016904, 0.0027374, 0.00043832, 0.00019907, 0.00019797
walltime: 5924.205 s
walltime/epoch: 367.317 ms

epoch=16150
residual: 0.0062659, 0.0016338, 0.0016885, 0.0027325, 0.0004289, 0.00019617, 0.00019705
walltime: 5941.918 s
walltime/epoch: 354.257 ms

epoch=16200
residual: 0.0062406, 0.0016325, 0.0016852, 0.0027286, 0.00042995, 0.00019523, 0.00019655
walltime: 5959.687 s
walltime/epoch: 355.386 ms

epoch=16250
residual: 0.006224, 0.0016273, 0.0016801, 0.0027153, 0.00042869, 0.00019536, 0.00019904
walltime: 5977.748 s
walltime/epoch: 361.216 ms

epoch=16300
residual: 0.0062098, 0.001623, 0.0016761, 0.0027003, 0.00042379, 0.0001958, 0.00019656
walltime: 5995.415 s
walltime/epoch: 353.344 ms

epoch=16350
residual: 0.006191, 0.0016196, 0.0016755, 0.0026867, 0.0004217, 0.00019468, 0.00019619
walltime: 6013.333 s
walltime/epoch: 358.351 ms

epoch=16400
residual: 0.0061742, 0.0016138, 0.0016709, 0.0026765, 0.00042173, 0.00019144, 0.00019625
walltime: 6031.033 s
walltime/epoch: 354.016 ms

epoch=16450
residual: 0.0061575, 0.00161, 0.0016686, 0.0026703, 0.00042828, 0.0001911, 0.00019246
walltime: 6048.963 s
walltime/epoch: 358.597 ms

epoch=16500
residual: 0.0061399, 0.0016068, 0.001666, 0.0026652, 0.00042204, 0.00018943, 0.00019207
walltime: 6067.037 s
walltime/epoch: 361.464 ms

epoch=16550
residual: 0.0061258, 0.0016007, 0.0016616, 0.0026551, 0.0004242, 0.0001912, 0.00019332
walltime: 6085.005 s
walltime/epoch: 359.367 ms

epoch=16600
residual: 0.0061127, 0.0015965, 0.0016579, 0.0026424, 0.00042124, 0.00018978, 0.00019205
walltime: 6103.119 s
walltime/epoch: 362.280 ms

epoch=16650
residual: 0.0061025, 0.0015907, 0.0016514, 0.0026265, 0.0004248, 0.00018622, 0.00019529
walltime: 6121.012 s
walltime/epoch: 357.860 ms

epoch=16700
residual: 0.0060922, 0.0015866, 0.0016464, 0.0026129, 0.00042147, 0.00018584, 0.00019154
walltime: 6138.813 s
walltime/epoch: 356.021 ms

epoch=16750
residual: 0.00608, 0.0015839, 0.001641, 0.0026015, 0.00041712, 0.0001854, 0.0001942
walltime: 6156.923 s
walltime/epoch: 362.195 ms

epoch=16800
residual: 0.006067, 0.0015797, 0.0016373, 0.0025971, 0.0004144, 0.00018936, 0.00018729
walltime: 6175.005 s
walltime/epoch: 361.651 ms

epoch=16850
residual: 0.0060545, 0.001575, 0.0016324, 0.0025882, 0.00042103, 0.00018471, 0.00018949
walltime: 6192.629 s
walltime/epoch: 352.481 ms

epoch=16900
residual: 0.0060428, 0.0015705, 0.0016282, 0.0025843, 0.00041732, 0.00018793, 0.0001918
walltime: 6210.516 s
walltime/epoch: 357.741 ms

epoch=16950
residual: 0.0060292, 0.0015667, 0.0016238, 0.0025798, 0.00042016, 0.00018388, 0.00019107
walltime: 6228.249 s
walltime/epoch: 354.649 ms

epoch=17000
residual: 0.0060188, 0.0015612, 0.0016199, 0.0025728, 0.00041472, 0.00018634, 0.00018986
walltime: 6246.874 s
walltime/epoch: 372.494 ms

epoch=17050
residual: 0.0060089, 0.001557, 0.0016154, 0.0025624, 0.00041413, 0.00018437, 0.00018817
walltime: 6264.632 s
walltime/epoch: 355.170 ms

epoch=17100
residual: 0.0059953, 0.0015526, 0.0016115, 0.0025585, 0.00041325, 0.00018527, 0.00018525
walltime: 6282.342 s
walltime/epoch: 354.197 ms

epoch=17150
residual: 0.0059808, 0.0015483, 0.0016077, 0.002556, 0.00041286, 0.00018597, 0.00018873
walltime: 6300.439 s
walltime/epoch: 361.943 ms

epoch=17200
residual: 0.0059689, 0.0015449, 0.0016033, 0.0025509, 0.00040703, 0.00018128, 0.0001841
walltime: 6318.120 s
walltime/epoch: 353.625 ms

epoch=17250
residual: 0.0059539, 0.001541, 0.0015995, 0.0025483, 0.00041488, 0.00018357, 0.00018697
walltime: 6336.041 s
walltime/epoch: 358.405 ms

epoch=17300
residual: 0.0059402, 0.0015382, 0.0015973, 0.002547, 0.00040552, 0.00018569, 0.00018625
walltime: 6353.993 s
walltime/epoch: 359.052 ms

epoch=17350
residual: 0.005927, 0.0015367, 0.0015951, 0.0025418, 0.00040791, 0.00018184, 0.00018688
walltime: 6371.867 s
walltime/epoch: 357.467 ms

epoch=17400
residual: 0.005911, 0.0015347, 0.0015933, 0.0025406, 0.00040458, 0.00018116, 0.00018574
walltime: 6389.916 s
walltime/epoch: 360.996 ms

epoch=17450
residual: 0.0058937, 0.0015326, 0.0015923, 0.0025433, 0.00040887, 0.00018053, 0.00018542
walltime: 6408.277 s
walltime/epoch: 367.206 ms

epoch=17500
residual: 0.0058793, 0.0015308, 0.0015908, 0.002541, 0.00040574, 0.00018449, 0.0001894
walltime: 6426.037 s
walltime/epoch: 355.202 ms

epoch=17550
residual: 0.0058631, 0.0015288, 0.0015886, 0.0025385, 0.00040292, 0.00018526, 0.00018889
walltime: 6444.129 s
walltime/epoch: 361.853 ms

epoch=17600
residual: 0.0058451, 0.0015275, 0.0015865, 0.0025388, 0.0004029, 0.00018129, 0.00018627
walltime: 6462.052 s
walltime/epoch: 358.453 ms

epoch=17650
residual: 0.0058321, 0.0015236, 0.0015822, 0.002527, 0.0004014, 0.00018324, 0.00018643
walltime: 6480.092 s
walltime/epoch: 360.797 ms

epoch=17700
residual: 0.0058192, 0.0015198, 0.001579, 0.0025185, 0.00039891, 0.0001805, 0.00018333
walltime: 6498.107 s
walltime/epoch: 360.295 ms

epoch=17750
residual: 0.0058029, 0.0015173, 0.0015764, 0.0025145, 0.00039989, 0.00018505, 0.00018535
walltime: 6515.763 s
walltime/epoch: 353.116 ms

epoch=17800
residual: 0.0057894, 0.0015152, 0.0015743, 0.0025064, 0.00039994, 0.00017845, 0.00018533
walltime: 6533.642 s
walltime/epoch: 357.581 ms

epoch=17850
residual: 0.0057705, 0.0015146, 0.0015727, 0.0025078, 0.0003952, 0.00018237, 0.00018166
walltime: 6551.843 s
walltime/epoch: 364.023 ms

epoch=17900
residual: 0.0057546, 0.0015129, 0.0015705, 0.0025018, 0.00039724, 0.0001833, 0.00018374
walltime: 6570.017 s
walltime/epoch: 363.478 ms

epoch=17950
residual: 0.0057394, 0.0015101, 0.0015675, 0.0024943, 0.00039811, 0.0001801, 0.00018037
walltime: 6587.923 s
walltime/epoch: 358.136 ms

epoch=18000
residual: 0.0057245, 0.0015074, 0.0015638, 0.0024861, 0.00039467, 0.00017983, 0.00018501
walltime: 6605.678 s
walltime/epoch: 355.089 ms
vx_00009.xmf vy_00009.xmf vz_00009.xmf p_00009.xmf chi_00009.xmf

epoch=18050
residual: 0.0057094, 0.0015036, 0.0015603, 0.0024793, 0.00039478, 0.00018145, 0.00018366
walltime: 6624.375 s
walltime/epoch: 373.943 ms

epoch=18100
residual: 0.0056924, 0.0015018, 0.0015576, 0.002478, 0.00039296, 0.0001782, 0.00018139
walltime: 6641.976 s
walltime/epoch: 352.027 ms

epoch=18150
residual: 0.0056762, 0.0014984, 0.0015543, 0.0024736, 0.00039118, 0.00017863, 0.00018034
walltime: 6659.604 s
walltime/epoch: 352.541 ms

epoch=18200
residual: 0.0056664, 0.0014927, 0.0015485, 0.0024558, 0.00039259, 0.00017837, 0.00018248
walltime: 6677.748 s
walltime/epoch: 362.899 ms

epoch=18250
residual: 0.0056488, 0.0014905, 0.0015459, 0.0024523, 0.00038842, 0.0001766, 0.00018499
walltime: 6695.523 s
walltime/epoch: 355.499 ms

epoch=18300
residual: 0.0056321, 0.0014881, 0.0015439, 0.0024477, 0.00038897, 0.00017963, 0.00018352
walltime: 6713.587 s
walltime/epoch: 361.266 ms

epoch=18350
residual: 0.0056131, 0.0014866, 0.0015424, 0.0024459, 0.00038968, 0.00017982, 0.00018036
walltime: 6731.421 s
walltime/epoch: 356.682 ms

epoch=18400
residual: 0.0055941, 0.0014846, 0.0015389, 0.0024471, 0.00038774, 0.00017825, 0.00018134
walltime: 6749.294 s
walltime/epoch: 357.463 ms

epoch=18450
residual: 0.0055793, 0.0014824, 0.0015368, 0.00244, 0.00038247, 0.00017883, 0.00018252
walltime: 6767.120 s
walltime/epoch: 356.522 ms

epoch=18500
residual: 0.0055657, 0.0014795, 0.0015343, 0.0024242, 0.0003854, 0.00017751, 0.00018099
walltime: 6785.139 s
walltime/epoch: 360.368 ms

epoch=18550
residual: 0.0055451, 0.0014772, 0.0015321, 0.0024209, 0.000383, 0.00017884, 0.00018279
walltime: 6802.975 s
walltime/epoch: 356.734 ms

epoch=18600
residual: 0.0055253, 0.001477, 0.0015309, 0.0024197, 0.0003807, 0.00017659, 0.00017857
walltime: 6820.904 s
walltime/epoch: 358.565 ms

epoch=18650
residual: 0.0055058, 0.0014754, 0.0015298, 0.0024151, 0.00038484, 0.00017862, 0.00018256
walltime: 6838.970 s
walltime/epoch: 361.322 ms

epoch=18700
residual: 0.0054849, 0.0014732, 0.0015264, 0.0024142, 0.00037826, 0.00017667, 0.00018014
walltime: 6856.693 s
walltime/epoch: 354.464 ms

epoch=18750
residual: 0.0054638, 0.001471, 0.0015236, 0.0024149, 0.00038147, 0.00017787, 0.00018092
walltime: 6874.100 s
walltime/epoch: 348.138 ms

epoch=18800
residual: 0.0054457, 0.0014676, 0.0015199, 0.0024126, 0.00037707, 0.00017612, 0.00017984
walltime: 6892.018 s
walltime/epoch: 358.372 ms

epoch=18850
residual: 0.005427, 0.0014645, 0.0015174, 0.0024063, 0.00037941, 0.00017945, 0.0001786
walltime: 6909.676 s
walltime/epoch: 353.148 ms

epoch=18900
residual: 0.0054052, 0.0014634, 0.0015143, 0.0023992, 0.00037582, 0.000181, 0.0001815
walltime: 6927.706 s
walltime/epoch: 360.605 ms

epoch=18950
residual: 0.0053817, 0.0014603, 0.0015093, 0.0023971, 0.00038051, 0.00017537, 0.0001744
walltime: 6945.562 s
walltime/epoch: 357.123 ms

epoch=19000
residual: 0.0053646, 0.0014552, 0.0015041, 0.0023873, 0.00037121, 0.00017489, 0.00017987
walltime: 6963.530 s
walltime/epoch: 359.353 ms

epoch=19050
residual: 0.0053413, 0.0014519, 0.0015005, 0.0023881, 0.00037103, 0.000179, 0.00017717
walltime: 6981.705 s
walltime/epoch: 363.505 ms

epoch=19100
residual: 0.0053221, 0.0014472, 0.0014959, 0.0023839, 0.00036455, 0.0001762, 0.00018022
walltime: 6999.315 s
walltime/epoch: 352.197 ms

epoch=19150
residual: 0.0053036, 0.0014447, 0.0014938, 0.0023718, 0.00036977, 0.00017982, 0.00017801
walltime: 7017.245 s
walltime/epoch: 358.590 ms

epoch=19200
residual: 0.0052822, 0.0014414, 0.0014906, 0.0023691, 0.00036877, 0.00017727, 0.00017954
walltime: 7034.948 s
walltime/epoch: 354.064 ms

epoch=19250
residual: 0.0052658, 0.0014371, 0.0014857, 0.0023585, 0.00036643, 0.00017635, 0.00018045
walltime: 7052.984 s
walltime/epoch: 360.716 ms

epoch=19300
residual: 0.0052454, 0.0014346, 0.0014845, 0.002352, 0.00036676, 0.00017626, 0.00017983
walltime: 7070.786 s
walltime/epoch: 356.050 ms

epoch=19350
residual: 0.0052239, 0.0014325, 0.0014807, 0.0023477, 0.00036265, 0.0001756, 0.00018152
walltime: 7088.563 s
walltime/epoch: 355.534 ms

epoch=19400
residual: 0.0052027, 0.0014297, 0.0014785, 0.0023479, 0.00035926, 0.00017002, 0.00017535
walltime: 7106.560 s
walltime/epoch: 359.943 ms

epoch=19450
residual: 0.0051797, 0.0014268, 0.0014747, 0.0023456, 0.00036076, 0.00017443, 0.00017547
walltime: 7124.297 s
walltime/epoch: 354.736 ms

epoch=19500
residual: 0.0051605, 0.0014231, 0.0014701, 0.0023407, 0.00035995, 0.00017181, 0.00017591
walltime: 7142.399 s
walltime/epoch: 362.035 ms

epoch=19550
residual: 0.0051405, 0.0014221, 0.0014671, 0.0023337, 0.00035488, 0.00017063, 0.00017501
walltime: 7160.006 s
walltime/epoch: 352.142 ms

epoch=19600
residual: 0.00512, 0.0014178, 0.0014623, 0.0023284, 0.0003557, 0.00017533, 0.00017727
walltime: 7177.972 s
walltime/epoch: 359.333 ms

epoch=19650
residual: 0.0051045, 0.0014134, 0.0014573, 0.0023093, 0.0003521, 0.00017063, 0.00017249
walltime: 7195.762 s
walltime/epoch: 355.791 ms

epoch=19700
residual: 0.0050943, 0.0014039, 0.0014507, 0.0022791, 0.00035995, 0.00017061, 0.00017428
walltime: 7213.664 s
walltime/epoch: 358.035 ms

epoch=19750
residual: 0.0050808, 0.0013955, 0.0014442, 0.002265, 0.00035621, 0.00017013, 0.00017212
walltime: 7231.383 s
walltime/epoch: 354.389 ms

epoch=19800
residual: 0.0050689, 0.0013902, 0.0014388, 0.0022523, 0.0003504, 0.00016893, 0.0001722
walltime: 7249.054 s
walltime/epoch: 353.427 ms

epoch=19850
residual: 0.0050546, 0.0013845, 0.0014325, 0.002244, 0.00035672, 0.00016958, 0.00017183
walltime: 7267.067 s
walltime/epoch: 360.245 ms

epoch=19900
residual: 0.0050441, 0.0013808, 0.0014271, 0.0022328, 0.00035275, 0.00016603, 0.00017211
walltime: 7285.244 s
walltime/epoch: 363.552 ms

epoch=19950
residual: 0.0050368, 0.0013751, 0.0014216, 0.0022181, 0.00035083, 0.00016667, 0.00017036
walltime: 7302.820 s
walltime/epoch: 351.505 ms

epoch=20000
residual: 0.0050261, 0.0013719, 0.0014179, 0.0022142, 0.00035239, 0.00016572, 0.0001722
walltime: 7320.599 s
walltime/epoch: 355.580 ms
vx_00010.xmf vy_00010.xmf vz_00010.xmf p_00010.xmf chi_00010.xmf
Namespace(epochs=0, evals=29897)
