./body3d.py --outdir out_circle_bfgs_171 --dim 3 --plot_every 2000 --body circle --blend 1 --optimizer lbfgs --N 65 --ref_path ref3d_circle_blend1/ref.pickle --infer_chi 1 --imposed ring --nimp 512
Entering 'out_circle_bfgs_171'
levels [129, 65, 65] [65, 33, 33] [33, 17, 17] [17, 9, 9] [9, 5, 5] [5, 3, 3]
Loading reference solution from '../ref3d_circle_blend1/ref.pickle'
Running L-BFGS_TF optimizer

epoch=00000
residual: 0.0066929, 0, 0, 0, 11.957, 2.3913, 2.8167
walltime: 56.046 s
vx_00000.xmf vy_00000.xmf vz_00000.xmf p_00000.xmf chi_00000.xmf

epoch=00050
residual: 0.32434, 0.1114, 0.12, 0.19731, 0.042351, 0.025823, 0.017259
walltime: 97.117 s
walltime/epoch: 1942.282 ms

epoch=00100
residual: 0.25765, 0.095937, 0.10652, 0.11535, 0.014846, 0.0088325, 0.0090963
walltime: 115.404 s
walltime/epoch: 365.734 ms

epoch=00150
residual: 0.22696, 0.093834, 0.10204, 0.099057, 0.011705, 0.0053805, 0.007555
walltime: 133.000 s
walltime/epoch: 351.933 ms

epoch=00200
residual: 0.20776, 0.086922, 0.095489, 0.089168, 0.0086532, 0.0062957, 0.0071378
walltime: 151.264 s
walltime/epoch: 365.270 ms

epoch=00250
residual: 0.19878, 0.082542, 0.0911, 0.086721, 0.006951, 0.0037973, 0.0042555
walltime: 169.489 s
walltime/epoch: 364.503 ms

epoch=00300
residual: 0.19301, 0.078755, 0.087345, 0.087274, 0.0049985, 0.003576, 0.0055023
walltime: 187.263 s
walltime/epoch: 355.483 ms

epoch=00350
residual: 0.1903, 0.07673, 0.084936, 0.08553, 0.0060637, 0.0034969, 0.0034712
walltime: 205.460 s
walltime/epoch: 363.940 ms

epoch=00400
residual: 0.18905, 0.075121, 0.082998, 0.083407, 0.004352, 0.0031909, 0.003778
walltime: 223.567 s
walltime/epoch: 362.131 ms

epoch=00450
residual: 0.18772, 0.073902, 0.081236, 0.082899, 0.0038051, 0.002844, 0.0038517
walltime: 241.640 s
walltime/epoch: 361.469 ms

epoch=00500
residual: 0.18671, 0.072542, 0.07983, 0.082989, 0.0038812, 0.0032198, 0.0034369
walltime: 259.535 s
walltime/epoch: 357.903 ms

epoch=00550
residual: 0.18582, 0.071781, 0.078532, 0.082937, 0.0037375, 0.0032635, 0.0027874
walltime: 277.468 s
walltime/epoch: 358.654 ms

epoch=00600
residual: 0.18493, 0.071059, 0.077471, 0.083601, 0.0033241, 0.0030851, 0.0028894
walltime: 295.277 s
walltime/epoch: 356.172 ms

epoch=00650
residual: 0.18402, 0.070403, 0.076598, 0.08445, 0.0033014, 0.0021129, 0.00259
walltime: 312.911 s
walltime/epoch: 352.680 ms

epoch=00700
residual: 0.18354, 0.069916, 0.075984, 0.084763, 0.0028737, 0.0022525, 0.0028929
walltime: 331.198 s
walltime/epoch: 365.738 ms

epoch=00750
residual: 0.1833, 0.069048, 0.075043, 0.085205, 0.0030952, 0.0023338, 0.002624
walltime: 349.153 s
walltime/epoch: 359.100 ms

epoch=00800
residual: 0.18273, 0.068703, 0.07458, 0.085953, 0.0033821, 0.0022201, 0.0023895
walltime: 367.426 s
walltime/epoch: 365.463 ms

epoch=00850
residual: 0.18239, 0.068264, 0.074008, 0.086356, 0.0035238, 0.0020838, 0.002432
walltime: 385.712 s
walltime/epoch: 365.726 ms

epoch=00900
residual: 0.1823, 0.067661, 0.073355, 0.086659, 0.0027808, 0.002165, 0.0026261
walltime: 403.723 s
walltime/epoch: 360.212 ms

epoch=00950
residual: 0.18219, 0.067133, 0.072703, 0.086812, 0.0030435, 0.0021616, 0.0027251
walltime: 421.593 s
walltime/epoch: 357.408 ms

epoch=01000
residual: 0.18187, 0.066719, 0.072191, 0.08726, 0.0029594, 0.0022459, 0.0025869
walltime: 439.469 s
walltime/epoch: 357.524 ms

epoch=01050
residual: 0.18196, 0.065877, 0.071211, 0.087443, 0.002944, 0.0021066, 0.0027676
walltime: 457.651 s
walltime/epoch: 363.641 ms

epoch=01100
residual: 0.18195, 0.065022, 0.070215, 0.087686, 0.0027649, 0.0024659, 0.0025208
walltime: 475.199 s
walltime/epoch: 350.943 ms

epoch=01150
residual: 0.18194, 0.063627, 0.068754, 0.088402, 0.0028153, 0.0019968, 0.0026252
walltime: 493.982 s
walltime/epoch: 375.676 ms

epoch=01200
residual: 0.18161, 0.062478, 0.067365, 0.089134, 0.0030778, 0.0021523, 0.0024613
walltime: 512.292 s
walltime/epoch: 366.192 ms

epoch=01250
residual: 0.18176, 0.060654, 0.065321, 0.089415, 0.0030012, 0.0020732, 0.002667
walltime: 530.380 s
walltime/epoch: 361.766 ms

epoch=01300
residual: 0.18118, 0.059203, 0.06364, 0.090253, 0.0028622, 0.0024165, 0.0022973
walltime: 548.503 s
walltime/epoch: 362.455 ms

epoch=01350
residual: 0.18066, 0.057934, 0.06218, 0.090582, 0.0034907, 0.0020529, 0.0021348
walltime: 566.743 s
walltime/epoch: 364.793 ms

epoch=01400
residual: 0.18004, 0.057264, 0.061296, 0.089948, 0.0027792, 0.0018716, 0.002209
walltime: 585.144 s
walltime/epoch: 368.028 ms

epoch=01450
residual: 0.17959, 0.056254, 0.060131, 0.089793, 0.0024289, 0.0020498, 0.0021982
walltime: 603.337 s
walltime/epoch: 363.864 ms

epoch=01500
residual: 0.1788, 0.055754, 0.0596, 0.089311, 0.0028708, 0.0023458, 0.0021663
walltime: 621.539 s
walltime/epoch: 364.027 ms

epoch=01550
residual: 0.17846, 0.055276, 0.058935, 0.088275, 0.0026397, 0.0020362, 0.0021766
walltime: 639.935 s
walltime/epoch: 367.921 ms

epoch=01600
residual: 0.17783, 0.055016, 0.058522, 0.087506, 0.0028005, 0.0019472, 0.0023734
walltime: 658.278 s
walltime/epoch: 366.871 ms

epoch=01650
residual: 0.17724, 0.054599, 0.057862, 0.086882, 0.0026444, 0.0023042, 0.002285
walltime: 676.317 s
walltime/epoch: 360.765 ms

epoch=01700
residual: 0.17656, 0.054218, 0.05724, 0.086517, 0.0024267, 0.001704, 0.0023667
walltime: 694.585 s
walltime/epoch: 365.374 ms

epoch=01750
residual: 0.17621, 0.053908, 0.056689, 0.085643, 0.0021712, 0.0018325, 0.0021691
walltime: 712.542 s
walltime/epoch: 359.127 ms

epoch=01800
residual: 0.1756, 0.053756, 0.056428, 0.085219, 0.0025714, 0.001607, 0.0021813
walltime: 730.521 s
walltime/epoch: 359.595 ms

epoch=01850
residual: 0.17524, 0.053245, 0.055791, 0.084953, 0.0024154, 0.0018796, 0.00175
walltime: 748.735 s
walltime/epoch: 364.263 ms

epoch=01900
residual: 0.17477, 0.053065, 0.055512, 0.084596, 0.0022814, 0.0018542, 0.0019458
walltime: 767.562 s
walltime/epoch: 376.546 ms

epoch=01950
residual: 0.1746, 0.052435, 0.054717, 0.084363, 0.0023615, 0.0015188, 0.0019344
walltime: 785.890 s
walltime/epoch: 366.557 ms

epoch=02000
residual: 0.17405, 0.052405, 0.054687, 0.08426, 0.0020471, 0.0016586, 0.0019781
walltime: 804.229 s
walltime/epoch: 366.780 ms
vx_00001.xmf vy_00001.xmf vz_00001.xmf p_00001.xmf chi_00001.xmf

epoch=02050
residual: 0.17408, 0.051853, 0.054007, 0.083786, 0.0022194, 0.0014695, 0.0018135
walltime: 823.162 s
walltime/epoch: 378.673 ms

epoch=02100
residual: 0.17382, 0.051688, 0.053702, 0.083547, 0.0020672, 0.0015181, 0.0022041
walltime: 841.275 s
walltime/epoch: 362.250 ms

epoch=02150
residual: 0.17378, 0.05119, 0.053161, 0.08321, 0.0018961, 0.0016692, 0.0017589
walltime: 859.535 s
walltime/epoch: 365.196 ms

epoch=02200
residual: 0.17358, 0.050812, 0.052687, 0.08312, 0.0022084, 0.0016037, 0.0018488
walltime: 877.557 s
walltime/epoch: 360.440 ms

epoch=02250
residual: 0.17337, 0.050334, 0.052137, 0.083139, 0.0019709, 0.0014556, 0.0017742
walltime: 895.689 s
walltime/epoch: 362.643 ms

epoch=02300
residual: 0.17315, 0.049965, 0.051731, 0.083036, 0.0020494, 0.0015987, 0.0018847
walltime: 913.821 s
walltime/epoch: 362.639 ms

epoch=02350
residual: 0.17319, 0.049414, 0.051084, 0.0827, 0.0020582, 0.001387, 0.0017209
walltime: 931.693 s
walltime/epoch: 357.440 ms

epoch=02400
residual: 0.17296, 0.049219, 0.05081, 0.082483, 0.0018846, 0.0014046, 0.0017262
walltime: 949.915 s
walltime/epoch: 364.431 ms

epoch=02450
residual: 0.17304, 0.048451, 0.049994, 0.082293, 0.0019412, 0.0013474, 0.0017193
walltime: 967.903 s
walltime/epoch: 359.766 ms

epoch=02500
residual: 0.17277, 0.048343, 0.049714, 0.082137, 0.001958, 0.0014224, 0.0017436
walltime: 985.946 s
walltime/epoch: 360.861 ms

epoch=02550
residual: 0.17282, 0.047663, 0.049012, 0.081956, 0.0018491, 0.0012783, 0.0016666
walltime: 1004.207 s
walltime/epoch: 365.228 ms

epoch=02600
residual: 0.17258, 0.047447, 0.048721, 0.081893, 0.0019071, 0.0012842, 0.0013734
walltime: 1022.425 s
walltime/epoch: 364.360 ms

epoch=02650
residual: 0.17265, 0.047075, 0.048307, 0.081388, 0.0019415, 0.0012882, 0.0016113
walltime: 1040.902 s
walltime/epoch: 369.524 ms

epoch=02700
residual: 0.17256, 0.046772, 0.047978, 0.081191, 0.0017417, 0.0012585, 0.0014579
walltime: 1058.950 s
walltime/epoch: 360.977 ms

epoch=02750
residual: 0.17248, 0.04646, 0.047652, 0.080961, 0.001865, 0.0011598, 0.0014513
walltime: 1077.054 s
walltime/epoch: 362.081 ms

epoch=02800
residual: 0.17236, 0.046316, 0.047439, 0.080647, 0.001841, 0.0012061, 0.0013135
walltime: 1095.144 s
walltime/epoch: 361.794 ms

epoch=02850
residual: 0.17239, 0.045923, 0.047091, 0.080303, 0.0017067, 0.0013251, 0.0014462
walltime: 1113.484 s
walltime/epoch: 366.795 ms

epoch=02900
residual: 0.17216, 0.045853, 0.046874, 0.080153, 0.0019232, 0.0010937, 0.0013248
walltime: 1131.984 s
walltime/epoch: 370.011 ms

epoch=02950
residual: 0.17224, 0.045341, 0.046301, 0.079874, 0.0014025, 0.0010307, 0.0013308
walltime: 1150.224 s
walltime/epoch: 364.794 ms

epoch=03000
residual: 0.17205, 0.045161, 0.046112, 0.079686, 0.0017189, 0.0010947, 0.0014522
walltime: 1168.512 s
walltime/epoch: 365.752 ms

epoch=03050
residual: 0.17205, 0.044866, 0.045554, 0.079411, 0.0015698, 0.0010771, 0.0012455
walltime: 1187.246 s
walltime/epoch: 374.686 ms

epoch=03100
residual: 0.172, 0.044675, 0.045415, 0.07898, 0.0014759, 0.0010601, 0.0011619
walltime: 1205.427 s
walltime/epoch: 363.611 ms

epoch=03150
residual: 0.17191, 0.044596, 0.045036, 0.078678, 0.0014992, 0.00097134, 0.0012465
walltime: 1223.876 s
walltime/epoch: 368.988 ms

epoch=03200
residual: 0.17189, 0.044222, 0.044621, 0.078393, 0.0015434, 0.0010469, 0.0010699
walltime: 1242.125 s
walltime/epoch: 364.981 ms

epoch=03250
residual: 0.17178, 0.043947, 0.044327, 0.078192, 0.0016923, 0.0010696, 0.0011067
walltime: 1259.999 s
walltime/epoch: 357.481 ms

epoch=03300
residual: 0.1717, 0.043664, 0.04401, 0.077892, 0.0016735, 0.0010652, 0.0010987
walltime: 1278.035 s
walltime/epoch: 360.710 ms

epoch=03350
residual: 0.17164, 0.043415, 0.043688, 0.077518, 0.0015769, 0.00096379, 0.0011286
walltime: 1296.061 s
walltime/epoch: 360.534 ms

epoch=03400
residual: 0.17151, 0.043118, 0.043465, 0.077138, 0.0015517, 0.0013018, 0.0012287
walltime: 1314.431 s
walltime/epoch: 367.389 ms

epoch=03450
residual: 0.17135, 0.042845, 0.043038, 0.076726, 0.0016963, 0.00094334, 0.0014678
walltime: 1332.765 s
walltime/epoch: 366.676 ms

epoch=03500
residual: 0.17123, 0.042403, 0.042635, 0.075985, 0.0018068, 0.0013374, 0.0012946
walltime: 1350.564 s
walltime/epoch: 355.995 ms

epoch=03550
residual: 0.17043, 0.042763, 0.042746, 0.075099, 0.0022048, 0.0015112, 0.0018991
walltime: 1368.924 s
walltime/epoch: 367.192 ms

epoch=03600
residual: 0.16775, 0.044618, 0.04409, 0.073868, 0.0033946, 0.0030576, 0.0029205
walltime: 1386.959 s
walltime/epoch: 360.694 ms

epoch=03650
residual: 0.15591, 0.051935, 0.050596, 0.072294, 0.0056112, 0.0053495, 0.0045866
walltime: 1405.031 s
walltime/epoch: 361.443 ms

epoch=03700
residual: 0.13929, 0.053202, 0.051779, 0.070303, 0.0046438, 0.0055437, 0.0056478
walltime: 1422.908 s
walltime/epoch: 357.542 ms

epoch=03750
residual: 0.12615, 0.049298, 0.048161, 0.063203, 0.0048066, 0.0048891, 0.0041456
walltime: 1440.770 s
walltime/epoch: 357.246 ms

epoch=03800
residual: 0.11677, 0.044713, 0.043788, 0.056249, 0.0050004, 0.0041554, 0.0053506
walltime: 1458.736 s
walltime/epoch: 359.305 ms

epoch=03850
residual: 0.109, 0.038839, 0.03818, 0.049428, 0.0045198, 0.0041752, 0.0043039
walltime: 1476.778 s
walltime/epoch: 360.845 ms

epoch=03900
residual: 0.1019, 0.035558, 0.035128, 0.045236, 0.0038668, 0.0034616, 0.0035327
walltime: 1495.169 s
walltime/epoch: 367.820 ms

epoch=03950
residual: 0.096511, 0.032224, 0.031912, 0.041143, 0.003512, 0.003284, 0.0028786
walltime: 1512.677 s
walltime/epoch: 350.152 ms

epoch=04000
residual: 0.091525, 0.030449, 0.029987, 0.037569, 0.002715, 0.0026351, 0.0025732
walltime: 1530.717 s
walltime/epoch: 360.815 ms
vx_00002.xmf vy_00002.xmf vz_00002.xmf p_00002.xmf chi_00002.xmf

epoch=04050
residual: 0.087543, 0.028777, 0.028276, 0.034872, 0.0026522, 0.0021601, 0.0024196
walltime: 1549.571 s
walltime/epoch: 377.078 ms

epoch=04100
residual: 0.083357, 0.027711, 0.027072, 0.032394, 0.0027206, 0.0021711, 0.0022345
walltime: 1567.899 s
walltime/epoch: 366.564 ms

epoch=04150
residual: 0.079709, 0.026754, 0.026093, 0.030822, 0.0020754, 0.0023698, 0.0019798
walltime: 1585.821 s
walltime/epoch: 358.436 ms

epoch=04200
residual: 0.076012, 0.025981, 0.025165, 0.029411, 0.0022887, 0.0017397, 0.0021216
walltime: 1604.035 s
walltime/epoch: 364.279 ms

epoch=04250
residual: 0.072665, 0.025204, 0.02425, 0.0285, 0.0017699, 0.0021947, 0.0017816
walltime: 1621.977 s
walltime/epoch: 358.842 ms

epoch=04300
residual: 0.0692, 0.02454, 0.023515, 0.027262, 0.0019095, 0.0016572, 0.0014464
walltime: 1640.257 s
walltime/epoch: 365.590 ms

epoch=04350
residual: 0.066115, 0.023812, 0.02274, 0.026361, 0.001745, 0.0016389, 0.0018306
walltime: 1658.117 s
walltime/epoch: 357.212 ms

epoch=04400
residual: 0.062953, 0.022952, 0.021963, 0.025656, 0.0021572, 0.0015491, 0.0017373
walltime: 1675.776 s
walltime/epoch: 353.177 ms

epoch=04450
residual: 0.060135, 0.022106, 0.021144, 0.025027, 0.0017865, 0.0014629, 0.0017257
walltime: 1693.776 s
walltime/epoch: 359.999 ms

epoch=04500
residual: 0.05747, 0.02123, 0.020325, 0.024245, 0.0016624, 0.0014434, 0.0017694
walltime: 1712.443 s
walltime/epoch: 373.338 ms

epoch=04550
residual: 0.055115, 0.020504, 0.019724, 0.023703, 0.0015061, 0.0014222, 0.0013709
walltime: 1730.618 s
walltime/epoch: 363.498 ms

epoch=04600
residual: 0.052822, 0.019748, 0.019123, 0.023129, 0.0013155, 0.0014745, 0.0014017
walltime: 1748.717 s
walltime/epoch: 361.988 ms

epoch=04650
residual: 0.050795, 0.019136, 0.018634, 0.02247, 0.0016422, 0.0013287, 0.0014931
walltime: 1766.718 s
walltime/epoch: 360.007 ms

epoch=04700
residual: 0.048757, 0.018494, 0.018144, 0.021931, 0.0012393, 0.0012821, 0.0014531
walltime: 1784.786 s
walltime/epoch: 361.367 ms

epoch=04750
residual: 0.047, 0.017855, 0.017672, 0.021456, 0.0012126, 0.00092681, 0.0012006
walltime: 1802.961 s
walltime/epoch: 363.507 ms

epoch=04800
residual: 0.04542, 0.017268, 0.017177, 0.020953, 0.00096181, 0.0010167, 0.0012957
walltime: 1820.848 s
walltime/epoch: 357.734 ms

epoch=04850
residual: 0.043914, 0.016694, 0.016755, 0.020523, 0.0012884, 0.00080004, 0.0010703
walltime: 1838.835 s
walltime/epoch: 359.732 ms

epoch=04900
residual: 0.042684, 0.016222, 0.016414, 0.020028, 0.0011397, 0.0011716, 0.0009964
walltime: 1857.067 s
walltime/epoch: 364.634 ms

epoch=04950
residual: 0.041412, 0.015774, 0.016057, 0.019517, 0.0010746, 0.00094715, 0.0010593
walltime: 1874.960 s
walltime/epoch: 357.873 ms

epoch=05000
residual: 0.040401, 0.015444, 0.015787, 0.019167, 0.00081516, 0.00065866, 0.00089499
walltime: 1892.942 s
walltime/epoch: 359.641 ms

epoch=05050
residual: 0.039348, 0.015045, 0.015462, 0.018751, 0.00094376, 0.00081838, 0.00088131
walltime: 1910.968 s
walltime/epoch: 360.521 ms

epoch=05100
residual: 0.038426, 0.014772, 0.015225, 0.018434, 0.00073374, 0.00090157, 0.00078534
walltime: 1928.947 s
walltime/epoch: 359.572 ms

epoch=05150
residual: 0.037488, 0.014473, 0.014932, 0.018093, 0.00094701, 0.00078446, 0.00078276
walltime: 1947.033 s
walltime/epoch: 361.723 ms

epoch=05200
residual: 0.03668, 0.014194, 0.014713, 0.017777, 0.00090648, 0.0007971, 0.00083955
walltime: 1964.600 s
walltime/epoch: 351.343 ms

epoch=05250
residual: 0.035907, 0.013924, 0.014444, 0.017464, 0.00084176, 0.00091582, 0.00064968
walltime: 1982.714 s
walltime/epoch: 362.268 ms

epoch=05300
residual: 0.035182, 0.013699, 0.014229, 0.017156, 0.00087605, 0.0006159, 0.00072893
walltime: 2000.595 s
walltime/epoch: 357.620 ms

epoch=05350
residual: 0.03444, 0.013477, 0.013988, 0.016767, 0.00087434, 0.00065572, 0.00070615
walltime: 2019.143 s
walltime/epoch: 370.973 ms

epoch=05400
residual: 0.033767, 0.013301, 0.013792, 0.016451, 0.00071763, 0.00053578, 0.00079522
walltime: 2038.015 s
walltime/epoch: 377.435 ms

epoch=05450
residual: 0.033147, 0.013092, 0.013597, 0.016124, 0.00069197, 0.00064825, 0.00067631
walltime: 2056.032 s
walltime/epoch: 360.339 ms

epoch=05500
residual: 0.032554, 0.012895, 0.013387, 0.01586, 0.00066672, 0.00058305, 0.00073321
walltime: 2074.409 s
walltime/epoch: 367.532 ms

epoch=05550
residual: 0.032002, 0.01273, 0.013201, 0.015593, 0.00072877, 0.00050823, 0.00067939
walltime: 2092.498 s
walltime/epoch: 361.787 ms

epoch=05600
residual: 0.031456, 0.012544, 0.013021, 0.015377, 0.00067982, 0.00055198, 0.00068936
walltime: 2110.372 s
walltime/epoch: 357.473 ms

epoch=05650
residual: 0.030926, 0.012393, 0.012831, 0.015173, 0.00071219, 0.00063545, 0.00064397
walltime: 2128.222 s
walltime/epoch: 357.010 ms

epoch=05700
residual: 0.030413, 0.012225, 0.012659, 0.014933, 0.00069886, 0.00060086, 0.00059844
walltime: 2146.248 s
walltime/epoch: 360.507 ms

epoch=05750
residual: 0.029965, 0.012062, 0.012497, 0.014768, 0.00056115, 0.00057784, 0.00054266
walltime: 2164.271 s
walltime/epoch: 360.475 ms

epoch=05800
residual: 0.029519, 0.011933, 0.012354, 0.014511, 0.00056481, 0.00040903, 0.00048605
walltime: 2182.160 s
walltime/epoch: 357.777 ms

epoch=05850
residual: 0.029124, 0.011783, 0.012205, 0.014319, 0.00055711, 0.00053502, 0.00056261
walltime: 2199.972 s
walltime/epoch: 356.232 ms

epoch=05900
residual: 0.028691, 0.011664, 0.012087, 0.014125, 0.00060279, 0.00048516, 0.00049573
walltime: 2218.096 s
walltime/epoch: 362.487 ms

epoch=05950
residual: 0.02836, 0.011529, 0.011935, 0.013923, 0.00063917, 0.00047477, 0.00057229
walltime: 2236.176 s
walltime/epoch: 361.603 ms

epoch=06000
residual: 0.027966, 0.011418, 0.011819, 0.013711, 0.00052349, 0.00056072, 0.00049004
walltime: 2254.161 s
walltime/epoch: 359.700 ms
vx_00003.xmf vy_00003.xmf vz_00003.xmf p_00003.xmf chi_00003.xmf

epoch=06050
residual: 0.027621, 0.011312, 0.011711, 0.013518, 0.0005366, 0.00050653, 0.00049608
walltime: 2272.598 s
walltime/epoch: 368.735 ms

epoch=06100
residual: 0.027297, 0.011192, 0.011575, 0.013302, 0.00058716, 0.00048862, 0.00047085
walltime: 2290.212 s
walltime/epoch: 352.288 ms

epoch=06150
residual: 0.026958, 0.011091, 0.011474, 0.013119, 0.00062484, 0.0004751, 0.00050253
walltime: 2308.214 s
walltime/epoch: 360.031 ms

epoch=06200
residual: 0.026647, 0.010969, 0.01135, 0.01294, 0.00063858, 0.00041635, 0.00052722
walltime: 2326.369 s
walltime/epoch: 363.104 ms

epoch=06250
residual: 0.026359, 0.01086, 0.011252, 0.012782, 0.00063623, 0.00043283, 0.00043626
walltime: 2344.207 s
walltime/epoch: 356.750 ms

epoch=06300
residual: 0.026042, 0.010756, 0.011136, 0.012639, 0.00051501, 0.00051833, 0.00052521
walltime: 2362.204 s
walltime/epoch: 359.946 ms

epoch=06350
residual: 0.025764, 0.010686, 0.011042, 0.01249, 0.00053289, 0.00038334, 0.00045358
walltime: 2380.196 s
walltime/epoch: 359.843 ms

epoch=06400
residual: 0.025471, 0.010577, 0.010944, 0.012354, 0.00049305, 0.00042252, 0.00043896
walltime: 2398.013 s
walltime/epoch: 356.337 ms

epoch=06450
residual: 0.025186, 0.01049, 0.010848, 0.012251, 0.0005775, 0.00045095, 0.0004562
walltime: 2416.208 s
walltime/epoch: 363.906 ms

epoch=06500
residual: 0.024934, 0.010383, 0.010747, 0.012137, 0.00052944, 0.00041362, 0.00054091
walltime: 2434.534 s
walltime/epoch: 366.505 ms

epoch=06550
residual: 0.024649, 0.010309, 0.010678, 0.01207, 0.00048193, 0.00039904, 0.00050545
walltime: 2452.613 s
walltime/epoch: 361.588 ms

epoch=06600
residual: 0.024387, 0.010243, 0.010616, 0.012006, 0.00042902, 0.00036083, 0.0004102
walltime: 2470.608 s
walltime/epoch: 359.901 ms

epoch=06650
residual: 0.024096, 0.010173, 0.010552, 0.011943, 0.00048644, 0.00037531, 0.00043761
walltime: 2489.177 s
walltime/epoch: 371.378 ms

epoch=06700
residual: 0.023865, 0.010099, 0.01047, 0.011858, 0.00048004, 0.00041878, 0.00043146
walltime: 2507.275 s
walltime/epoch: 361.956 ms

epoch=06750
residual: 0.023603, 0.010018, 0.010391, 0.011778, 0.00047743, 0.00043502, 0.00044282
walltime: 2525.269 s
walltime/epoch: 359.876 ms

epoch=06800
residual: 0.023377, 0.0099503, 0.010314, 0.011719, 0.00051122, 0.00043915, 0.00041375
walltime: 2543.242 s
walltime/epoch: 359.460 ms

epoch=06850
residual: 0.023144, 0.0098792, 0.010254, 0.011649, 0.00048359, 0.00041959, 0.00045091
walltime: 2561.137 s
walltime/epoch: 357.911 ms

epoch=06900
residual: 0.0229, 0.0098272, 0.010195, 0.011602, 0.00052302, 0.00042494, 0.00043439
walltime: 2579.210 s
walltime/epoch: 361.451 ms

epoch=06950
residual: 0.022651, 0.0097506, 0.010141, 0.011571, 0.0004688, 0.00043352, 0.00040723
walltime: 2596.870 s
walltime/epoch: 353.213 ms

epoch=07000
residual: 0.022436, 0.0096825, 0.010073, 0.011534, 0.00044738, 0.00041315, 0.00038418
walltime: 2614.701 s
walltime/epoch: 356.609 ms

epoch=07050
residual: 0.022192, 0.0096031, 0.01001, 0.011487, 0.00048612, 0.00039206, 0.000364
walltime: 2632.648 s
walltime/epoch: 358.938 ms

epoch=07100
residual: 0.021954, 0.0095348, 0.0099596, 0.011448, 0.00044586, 0.00041194, 0.00037132
walltime: 2650.500 s
walltime/epoch: 357.042 ms

epoch=07150
residual: 0.021739, 0.0094606, 0.0098985, 0.011374, 0.00040727, 0.00038423, 0.00041145
walltime: 2668.392 s
walltime/epoch: 357.833 ms

epoch=07200
residual: 0.021524, 0.00939, 0.0098397, 0.01133, 0.00044511, 0.00040437, 0.00039738
walltime: 2685.602 s
walltime/epoch: 344.208 ms

epoch=07250
residual: 0.021291, 0.0093347, 0.0098117, 0.01129, 0.00042955, 0.00039776, 0.00039884
walltime: 2703.735 s
walltime/epoch: 362.661 ms

epoch=07300
residual: 0.021114, 0.0092689, 0.0097557, 0.01125, 0.00044452, 0.00039882, 0.00043785
walltime: 2721.990 s
walltime/epoch: 365.096 ms

epoch=07350
residual: 0.020888, 0.0092196, 0.0097268, 0.011219, 0.00041871, 0.00041788, 0.00040109
walltime: 2740.348 s
walltime/epoch: 367.159 ms

epoch=07400
residual: 0.020699, 0.0091646, 0.0096894, 0.011182, 0.00040693, 0.00039135, 0.00037419
walltime: 2758.640 s
walltime/epoch: 365.843 ms

epoch=07450
residual: 0.020518, 0.0090943, 0.0096397, 0.011141, 0.00041624, 0.00034373, 0.00037238
walltime: 2776.782 s
walltime/epoch: 362.838 ms

epoch=07500
residual: 0.020344, 0.0090368, 0.0095972, 0.011096, 0.00044353, 0.00031643, 0.00036115
walltime: 2794.853 s
walltime/epoch: 361.425 ms

epoch=07550
residual: 0.020192, 0.0089764, 0.0095401, 0.011031, 0.00041469, 0.00031908, 0.00038652
walltime: 2813.489 s
walltime/epoch: 372.718 ms

epoch=07600
residual: 0.02003, 0.0089199, 0.0095016, 0.010982, 0.00041282, 0.00035496, 0.00038474
walltime: 2830.911 s
walltime/epoch: 348.447 ms

epoch=07650
residual: 0.019882, 0.0088578, 0.0094455, 0.010939, 0.00041552, 0.00035094, 0.00033676
walltime: 2849.457 s
walltime/epoch: 370.909 ms

epoch=07700
residual: 0.019724, 0.0088002, 0.0093991, 0.010886, 0.00038816, 0.00038263, 0.00037136
walltime: 2867.521 s
walltime/epoch: 361.292 ms

epoch=07750
residual: 0.019572, 0.0087416, 0.0093514, 0.010843, 0.00039665, 0.00030877, 0.0003694
walltime: 2885.385 s
walltime/epoch: 357.281 ms

epoch=07800
residual: 0.019438, 0.0086732, 0.0092985, 0.010779, 0.00037677, 0.0003586, 0.00031625
walltime: 2903.414 s
walltime/epoch: 360.571 ms

epoch=07850
residual: 0.019297, 0.0086181, 0.0092535, 0.010731, 0.00037943, 0.00038271, 0.00035358
walltime: 2921.143 s
walltime/epoch: 354.574 ms

epoch=07900
residual: 0.01918, 0.0085523, 0.0091905, 0.010668, 0.00039668, 0.00031943, 0.00039844
walltime: 2939.646 s
walltime/epoch: 370.068 ms

epoch=07950
residual: 0.019054, 0.0085066, 0.009148, 0.010628, 0.00040229, 0.00036352, 0.00035332
walltime: 2957.949 s
walltime/epoch: 366.061 ms

epoch=08000
residual: 0.018933, 0.0084514, 0.0091037, 0.010587, 0.00038237, 0.00033457, 0.00031693
walltime: 2976.047 s
walltime/epoch: 361.946 ms
vx_00004.xmf vy_00004.xmf vz_00004.xmf p_00004.xmf chi_00004.xmf

epoch=08050
residual: 0.018824, 0.0084024, 0.0090596, 0.010551, 0.00039268, 0.00034063, 0.00038078
walltime: 2994.675 s
walltime/epoch: 372.563 ms

epoch=08100
residual: 0.018702, 0.0083639, 0.0090299, 0.010514, 0.00036903, 0.00032959, 0.00032341
walltime: 3012.438 s
walltime/epoch: 355.265 ms

epoch=08150
residual: 0.018603, 0.0083119, 0.0089804, 0.010475, 0.0003538, 0.00029325, 0.00035961
walltime: 3030.561 s
walltime/epoch: 362.469 ms

epoch=08200
residual: 0.018504, 0.0082723, 0.0089428, 0.01043, 0.00041332, 0.00033689, 0.00031719
walltime: 3048.451 s
walltime/epoch: 357.794 ms

epoch=08250
residual: 0.018414, 0.0082235, 0.0089006, 0.01039, 0.00037918, 0.00029187, 0.00035023
walltime: 3066.661 s
walltime/epoch: 364.200 ms

epoch=08300
residual: 0.01831, 0.0081834, 0.0088724, 0.010352, 0.00036375, 0.00031404, 0.00033481
walltime: 3084.515 s
walltime/epoch: 357.075 ms

epoch=08350
residual: 0.018227, 0.0081443, 0.0088402, 0.010307, 0.00038444, 0.0003063, 0.00034819
walltime: 3103.115 s
walltime/epoch: 371.999 ms

epoch=08400
residual: 0.018116, 0.0081048, 0.0088137, 0.010276, 0.0003973, 0.00032422, 0.00035805
walltime: 3121.489 s
walltime/epoch: 367.478 ms

epoch=08450
residual: 0.018028, 0.008065, 0.008782, 0.010236, 0.00036752, 0.00030299, 0.00034919
walltime: 3139.672 s
walltime/epoch: 363.668 ms

epoch=08500
residual: 0.017925, 0.0080233, 0.0087433, 0.010201, 0.00037072, 0.00032705, 0.00035605
walltime: 3157.612 s
walltime/epoch: 358.788 ms

epoch=08550
residual: 0.017827, 0.0079877, 0.0087186, 0.010163, 0.00036167, 0.00033846, 0.00031832
walltime: 3175.916 s
walltime/epoch: 366.090 ms

epoch=08600
residual: 0.017733, 0.00795, 0.0086787, 0.010108, 0.00033862, 0.00034845, 0.00034059
walltime: 3194.077 s
walltime/epoch: 363.212 ms

epoch=08650
residual: 0.017637, 0.0079142, 0.0086421, 0.010071, 0.00035449, 0.00033114, 0.00032583
walltime: 3212.141 s
walltime/epoch: 361.288 ms

epoch=08700
residual: 0.017545, 0.0078725, 0.0086047, 0.010027, 0.00037586, 0.00033646, 0.00034089
walltime: 3230.443 s
walltime/epoch: 366.034 ms

epoch=08750
residual: 0.017473, 0.0078262, 0.0085582, 0.0099734, 0.00034885, 0.000309, 0.0003479
walltime: 3248.426 s
walltime/epoch: 359.669 ms

epoch=08800
residual: 0.017381, 0.0077978, 0.0085197, 0.0099266, 0.00034992, 0.00034166, 0.00031149
walltime: 3266.350 s
walltime/epoch: 358.482 ms

epoch=08850
residual: 0.017289, 0.0077562, 0.0084822, 0.0098866, 0.00036642, 0.00032073, 0.00036695
walltime: 3284.377 s
walltime/epoch: 360.531 ms

epoch=08900
residual: 0.017202, 0.0077178, 0.0084439, 0.0098307, 0.00036385, 0.00031434, 0.00031447
walltime: 3302.196 s
walltime/epoch: 356.370 ms

epoch=08950
residual: 0.01711, 0.0076794, 0.008409, 0.0097972, 0.00034459, 0.00032275, 0.00032813
walltime: 3320.198 s
walltime/epoch: 360.045 ms

epoch=09000
residual: 0.017025, 0.0076431, 0.0083708, 0.009747, 0.00034196, 0.00032049, 0.0003173
walltime: 3338.378 s
walltime/epoch: 363.605 ms

epoch=09050
residual: 0.016936, 0.0076161, 0.0083378, 0.0096928, 0.00033752, 0.00030724, 0.00029189
walltime: 3356.360 s
walltime/epoch: 359.636 ms

epoch=09100
residual: 0.016871, 0.0075786, 0.0082999, 0.0096392, 0.00034426, 0.00031153, 0.00033972
walltime: 3374.182 s
walltime/epoch: 356.452 ms

epoch=09150
residual: 0.016778, 0.007544, 0.0082771, 0.0096104, 0.00034015, 0.00029878, 0.00029461
walltime: 3392.703 s
walltime/epoch: 370.419 ms

epoch=09200
residual: 0.016725, 0.007505, 0.0082418, 0.0095467, 0.00034058, 0.00026346, 0.00031587
walltime: 3410.360 s
walltime/epoch: 353.138 ms

epoch=09250
residual: 0.016661, 0.007464, 0.0082063, 0.0095013, 0.00035369, 0.00029684, 0.00029661
walltime: 3428.331 s
walltime/epoch: 359.421 ms

epoch=09300
residual: 0.016604, 0.0074276, 0.0081756, 0.0094577, 0.00034553, 0.00029142, 0.00029596
walltime: 3446.073 s
walltime/epoch: 354.829 ms

epoch=09350
residual: 0.01655, 0.0073834, 0.0081326, 0.0094035, 0.00032376, 0.00028168, 0.00031005
walltime: 3463.906 s
walltime/epoch: 356.656 ms

epoch=09400
residual: 0.01649, 0.0073421, 0.0080906, 0.0093618, 0.00032321, 0.0002717, 0.00031283
walltime: 3482.280 s
walltime/epoch: 367.492 ms

epoch=09450
residual: 0.016423, 0.0072984, 0.0080503, 0.0093218, 0.00032989, 0.00030032, 0.00030718
walltime: 3500.478 s
walltime/epoch: 363.950 ms

epoch=09500
residual: 0.016364, 0.0072554, 0.0080136, 0.0092649, 0.00034884, 0.00033709, 0.00028308
walltime: 3519.248 s
walltime/epoch: 375.409 ms

epoch=09550
residual: 0.016308, 0.0072094, 0.0079736, 0.0092073, 0.00033573, 0.00031246, 0.00029857
walltime: 3537.162 s
walltime/epoch: 358.283 ms

epoch=09600
residual: 0.016245, 0.0071725, 0.0079337, 0.0091732, 0.00032467, 0.00028177, 0.00030301
walltime: 3554.825 s
walltime/epoch: 353.256 ms

epoch=09650
residual: 0.016194, 0.0071325, 0.0078902, 0.0091181, 0.00034262, 0.00027204, 0.00029856
walltime: 3572.793 s
walltime/epoch: 359.361 ms

epoch=09700
residual: 0.016138, 0.0071002, 0.0078499, 0.0090853, 0.00032236, 0.00028351, 0.00030571
walltime: 3591.357 s
walltime/epoch: 371.268 ms

epoch=09750
residual: 0.016079, 0.007067, 0.0078155, 0.0090535, 0.00033901, 0.00027325, 0.00032356
walltime: 3609.504 s
walltime/epoch: 362.948 ms

epoch=09800
residual: 0.016027, 0.0070365, 0.0077835, 0.0090205, 0.00033406, 0.0003051, 0.00029085
walltime: 3627.540 s
walltime/epoch: 360.722 ms

epoch=09850
residual: 0.015973, 0.007006, 0.0077454, 0.00898, 0.0003132, 0.00028081, 0.0002775
walltime: 3645.317 s
walltime/epoch: 355.537 ms

epoch=09900
residual: 0.015924, 0.0069761, 0.0077132, 0.0089527, 0.00032358, 0.00029307, 0.00028119
walltime: 3663.222 s
walltime/epoch: 358.090 ms

epoch=09950
residual: 0.015878, 0.0069563, 0.0076852, 0.0089095, 0.00031744, 0.00027309, 0.00029213
walltime: 3681.540 s
walltime/epoch: 366.373 ms

epoch=10000
residual: 0.015835, 0.0069238, 0.0076501, 0.0088771, 0.00032638, 0.00027178, 0.00029586
walltime: 3699.846 s
walltime/epoch: 366.121 ms
vx_00005.xmf vy_00005.xmf vz_00005.xmf p_00005.xmf chi_00005.xmf

epoch=10050
residual: 0.015783, 0.0069009, 0.0076225, 0.0088509, 0.00034223, 0.00027642, 0.00030091
walltime: 3718.623 s
walltime/epoch: 375.530 ms

epoch=10100
residual: 0.015739, 0.006868, 0.0075858, 0.0088083, 0.00031165, 0.00028538, 0.00028459
walltime: 3736.530 s
walltime/epoch: 358.150 ms

epoch=10150
residual: 0.015696, 0.0068402, 0.0075551, 0.0087731, 0.00031197, 0.00027183, 0.00028673
walltime: 3754.567 s
walltime/epoch: 360.742 ms

epoch=10200
residual: 0.015642, 0.0068117, 0.0075245, 0.0087436, 0.00031484, 0.00028213, 0.00029231
walltime: 3772.572 s
walltime/epoch: 360.096 ms

epoch=10250
residual: 0.015608, 0.0067749, 0.0074722, 0.008699, 0.00031461, 0.00026513, 0.00028769
walltime: 3790.872 s
walltime/epoch: 365.989 ms

epoch=10300
residual: 0.015546, 0.0067513, 0.0074407, 0.0086727, 0.00031652, 0.00028242, 0.00028202
walltime: 3809.329 s
walltime/epoch: 369.135 ms

epoch=10350
residual: 0.015508, 0.0067159, 0.0073987, 0.0086386, 0.00033062, 0.00026767, 0.00028232
walltime: 3827.739 s
walltime/epoch: 368.203 ms

epoch=10400
residual: 0.015456, 0.0066866, 0.0073642, 0.0085982, 0.00027676, 0.00024357, 0.00028057
walltime: 3846.002 s
walltime/epoch: 365.264 ms

epoch=10450
residual: 0.015414, 0.0066576, 0.0073282, 0.0085658, 0.00030918, 0.00027363, 0.00027727
walltime: 3864.143 s
walltime/epoch: 362.831 ms

epoch=10500
residual: 0.015362, 0.0066224, 0.0072923, 0.0085448, 0.00031222, 0.00024217, 0.00026769
walltime: 3882.281 s
walltime/epoch: 362.748 ms

epoch=10550
residual: 0.015321, 0.0065951, 0.0072543, 0.0085153, 0.00030601, 0.00026779, 0.0002789
walltime: 3900.023 s
walltime/epoch: 354.848 ms

epoch=10600
residual: 0.015266, 0.0065622, 0.0072214, 0.0085026, 0.00030539, 0.0002675, 0.00027426
walltime: 3918.155 s
walltime/epoch: 362.644 ms

epoch=10650
residual: 0.015215, 0.0065374, 0.007189, 0.0084765, 0.00029017, 0.0002587, 0.00025644
walltime: 3936.178 s
walltime/epoch: 360.458 ms

epoch=10700
residual: 0.015157, 0.0065057, 0.0071527, 0.00845, 0.00033378, 0.00024392, 0.00027821
walltime: 3954.056 s
walltime/epoch: 357.556 ms

epoch=10750
residual: 0.015109, 0.006476, 0.0071207, 0.0084235, 0.00029826, 0.00024427, 0.00028919
walltime: 3971.949 s
walltime/epoch: 357.860 ms

epoch=10800
residual: 0.015052, 0.0064434, 0.0070856, 0.0083984, 0.00030827, 0.00024475, 0.0002732
walltime: 3990.118 s
walltime/epoch: 363.375 ms

epoch=10850
residual: 0.015006, 0.0064115, 0.0070524, 0.0083679, 0.00028792, 0.00027115, 0.00025352
walltime: 4008.100 s
walltime/epoch: 359.646 ms

epoch=10900
residual: 0.01495, 0.0063812, 0.0070169, 0.0083459, 0.00030276, 0.00024767, 0.00025774
walltime: 4026.041 s
walltime/epoch: 358.808 ms

epoch=10950
residual: 0.014902, 0.0063526, 0.0069852, 0.0083286, 0.00029877, 0.00026203, 0.00025132
walltime: 4043.979 s
walltime/epoch: 358.759 ms

epoch=11000
residual: 0.014847, 0.0063168, 0.0069525, 0.0083025, 0.00029516, 0.00024592, 0.00025704
walltime: 4061.808 s
walltime/epoch: 356.579 ms

epoch=11050
residual: 0.014798, 0.0062867, 0.006916, 0.0082743, 0.00029297, 0.0002402, 0.00027692
walltime: 4080.020 s
walltime/epoch: 364.244 ms

epoch=11100
residual: 0.014745, 0.0062548, 0.006882, 0.0082415, 0.00030846, 0.00024586, 0.00026046
walltime: 4098.248 s
walltime/epoch: 364.567 ms

epoch=11150
residual: 0.014695, 0.0062223, 0.0068444, 0.008208, 0.00030395, 0.0002516, 0.0002787
walltime: 4116.611 s
walltime/epoch: 367.253 ms

epoch=11200
residual: 0.014649, 0.0061919, 0.0068023, 0.0081705, 0.00030804, 0.00025351, 0.00026286
walltime: 4134.537 s
walltime/epoch: 358.516 ms

epoch=11250
residual: 0.01459, 0.0061653, 0.006769, 0.0081522, 0.0002843, 0.00023906, 0.00026487
walltime: 4152.703 s
walltime/epoch: 363.319 ms

epoch=11300
residual: 0.014554, 0.0061361, 0.0067282, 0.0081138, 0.00026789, 0.00024421, 0.00024805
walltime: 4170.873 s
walltime/epoch: 363.410 ms

epoch=11350
residual: 0.014503, 0.0061105, 0.0066956, 0.0080885, 0.00027254, 0.00022193, 0.00025935
walltime: 4189.068 s
walltime/epoch: 363.888 ms

epoch=11400
residual: 0.014461, 0.0060842, 0.0066598, 0.008054, 0.00026851, 0.00023707, 0.00026716
walltime: 4207.098 s
walltime/epoch: 360.603 ms

epoch=11450
residual: 0.014419, 0.0060538, 0.0066295, 0.0080131, 0.00029743, 0.00022985, 0.00025655
walltime: 4225.192 s
walltime/epoch: 361.896 ms

epoch=11500
residual: 0.014382, 0.0060322, 0.0066008, 0.0079738, 0.00029644, 0.00022427, 0.00023689
walltime: 4243.357 s
walltime/epoch: 363.284 ms

epoch=11550
residual: 0.014337, 0.0060023, 0.0065702, 0.0079397, 0.00028893, 0.00023353, 0.00025212
walltime: 4261.377 s
walltime/epoch: 360.399 ms

epoch=11600
residual: 0.014302, 0.0059822, 0.0065446, 0.0078959, 0.00026759, 0.00023794, 0.00023136
walltime: 4279.534 s
walltime/epoch: 363.144 ms

epoch=11650
residual: 0.014256, 0.0059526, 0.0065142, 0.0078556, 0.00029012, 0.00023311, 0.00025613
walltime: 4297.764 s
walltime/epoch: 364.600 ms

epoch=11700
residual: 0.014219, 0.0059304, 0.0064874, 0.0078167, 0.00028152, 0.00023149, 0.00025164
walltime: 4316.167 s
walltime/epoch: 368.070 ms

epoch=11750
residual: 0.014173, 0.0059054, 0.0064581, 0.0077755, 0.00030213, 0.00023236, 0.00024625
walltime: 4334.259 s
walltime/epoch: 361.835 ms

epoch=11800
residual: 0.014142, 0.0058756, 0.0064266, 0.0077358, 0.00028651, 0.00023487, 0.00024239
walltime: 4352.546 s
walltime/epoch: 365.729 ms

epoch=11850
residual: 0.014089, 0.0058577, 0.0064021, 0.0077026, 0.00028896, 0.00022929, 0.00026045
walltime: 4370.914 s
walltime/epoch: 367.362 ms

epoch=11900
residual: 0.014052, 0.0058343, 0.0063729, 0.0076666, 0.00025964, 0.00022773, 0.00025319
walltime: 4388.798 s
walltime/epoch: 357.679 ms

epoch=11950
residual: 0.013994, 0.0058166, 0.0063497, 0.0076295, 0.00029215, 0.00022018, 0.00023863
walltime: 4407.018 s
walltime/epoch: 364.408 ms

epoch=12000
residual: 0.013942, 0.0057921, 0.0063261, 0.007598, 0.00028266, 0.00023263, 0.00024493
walltime: 4425.391 s
walltime/epoch: 367.460 ms
vx_00006.xmf vy_00006.xmf vz_00006.xmf p_00006.xmf chi_00006.xmf

epoch=12050
residual: 0.01389, 0.0057657, 0.0062997, 0.0075605, 0.00028462, 0.00022702, 0.00022116
walltime: 4443.969 s
walltime/epoch: 371.548 ms

epoch=12100
residual: 0.013833, 0.0057537, 0.0062825, 0.0075314, 0.00027621, 0.00022569, 0.00022801
walltime: 4461.953 s
walltime/epoch: 359.685 ms

epoch=12150
residual: 0.013782, 0.0057261, 0.0062558, 0.007504, 0.00028363, 0.0002196, 0.00023794
walltime: 4480.101 s
walltime/epoch: 362.959 ms

epoch=12200
residual: 0.013726, 0.0057075, 0.0062394, 0.0074825, 0.00029266, 0.00024335, 0.00021948
walltime: 4498.287 s
walltime/epoch: 363.731 ms

epoch=12250
residual: 0.013677, 0.0056794, 0.0062121, 0.007447, 0.00027356, 0.00022344, 0.00025372
walltime: 4516.613 s
walltime/epoch: 366.510 ms

epoch=12300
residual: 0.013622, 0.0056623, 0.0061949, 0.0074234, 0.0002773, 0.00023739, 0.00023438
walltime: 4535.180 s
walltime/epoch: 371.334 ms

epoch=12350
residual: 0.013572, 0.0056364, 0.006167, 0.0073886, 0.00027867, 0.00023781, 0.00022808
walltime: 4553.277 s
walltime/epoch: 361.955 ms

epoch=12400
residual: 0.013519, 0.0056089, 0.0061432, 0.0073602, 0.00027323, 0.0002317, 0.00022591
walltime: 4571.656 s
walltime/epoch: 367.565 ms

epoch=12450
residual: 0.013462, 0.0055803, 0.0061193, 0.0073364, 0.00029224, 0.00020387, 0.00023364
walltime: 4590.042 s
walltime/epoch: 367.723 ms

epoch=12500
residual: 0.013418, 0.0055489, 0.0060951, 0.0073039, 0.00027991, 0.00021913, 0.000225
walltime: 4607.790 s
walltime/epoch: 354.963 ms

epoch=12550
residual: 0.013365, 0.0055154, 0.0060678, 0.0072712, 0.00025838, 0.00019922, 0.00023698
walltime: 4626.191 s
walltime/epoch: 368.031 ms

epoch=12600
residual: 0.013315, 0.0054821, 0.0060367, 0.0072412, 0.00024768, 0.00019745, 0.00023764
walltime: 4644.572 s
walltime/epoch: 367.612 ms

epoch=12650
residual: 0.013272, 0.0054515, 0.0060014, 0.0072084, 0.00025408, 0.00020823, 0.00023146
walltime: 4662.988 s
walltime/epoch: 368.319 ms

epoch=12700
residual: 0.013219, 0.0054162, 0.0059692, 0.0071851, 0.00027801, 0.00021603, 0.00025127
walltime: 4681.528 s
walltime/epoch: 370.793 ms

epoch=12750
residual: 0.013165, 0.0053911, 0.005945, 0.0071634, 0.00027978, 0.00020707, 0.00023315
walltime: 4699.766 s
walltime/epoch: 364.765 ms

epoch=12800
residual: 0.013115, 0.0053609, 0.0059187, 0.0071364, 0.00028677, 0.00020533, 0.00021544
walltime: 4717.963 s
walltime/epoch: 363.949 ms

epoch=12850
residual: 0.013068, 0.0053361, 0.0058925, 0.0071069, 0.00026873, 0.0002121, 0.00022232
walltime: 4736.216 s
walltime/epoch: 365.060 ms

epoch=12900
residual: 0.013009, 0.0053106, 0.0058699, 0.0070834, 0.00025218, 0.0002135, 0.00021029
walltime: 4754.522 s
walltime/epoch: 366.121 ms

epoch=12950
residual: 0.012962, 0.0052905, 0.0058433, 0.0070629, 0.00025542, 0.00019373, 0.00022254
walltime: 4772.817 s
walltime/epoch: 365.883 ms

epoch=13000
residual: 0.012909, 0.0052637, 0.0058189, 0.0070472, 0.00025864, 0.00021083, 0.00022285
walltime: 4791.162 s
walltime/epoch: 366.899 ms

epoch=13050
residual: 0.012868, 0.0052382, 0.0057902, 0.0070215, 0.00025713, 0.00019811, 0.00023395
walltime: 4809.910 s
walltime/epoch: 374.969 ms

epoch=13100
residual: 0.01282, 0.0052065, 0.0057616, 0.0069973, 0.00027169, 0.00019763, 0.00021547
walltime: 4828.324 s
walltime/epoch: 368.282 ms

epoch=13150
residual: 0.012793, 0.0051776, 0.0057326, 0.0069657, 0.00026482, 0.00019583, 0.00020854
walltime: 4846.346 s
walltime/epoch: 360.428 ms

epoch=13200
residual: 0.012754, 0.0051467, 0.0057075, 0.0069404, 0.00025864, 0.00020102, 0.00022299
walltime: 4865.174 s
walltime/epoch: 376.559 ms

epoch=13250
residual: 0.012731, 0.0051136, 0.0056758, 0.0069048, 0.00024528, 0.00019425, 0.00021265
walltime: 4883.591 s
walltime/epoch: 368.353 ms

epoch=13300
residual: 0.012702, 0.0050884, 0.0056506, 0.0068738, 0.00025505, 0.00019307, 0.00020662
walltime: 4901.824 s
walltime/epoch: 364.650 ms

epoch=13350
residual: 0.012673, 0.0050645, 0.0056205, 0.0068368, 0.00026916, 0.0002043, 0.00020567
walltime: 4919.867 s
walltime/epoch: 360.857 ms

epoch=13400
residual: 0.012642, 0.0050369, 0.0055958, 0.0068064, 0.00024925, 0.00018313, 0.000213
walltime: 4937.918 s
walltime/epoch: 361.020 ms

epoch=13450
residual: 0.012612, 0.0050143, 0.0055674, 0.0067681, 0.00026259, 0.00019907, 0.00021277
walltime: 4955.678 s
walltime/epoch: 355.209 ms

epoch=13500
residual: 0.012585, 0.0049876, 0.005534, 0.0067354, 0.00027451, 0.00020532, 0.00020141
walltime: 4973.965 s
walltime/epoch: 365.735 ms

epoch=13550
residual: 0.012556, 0.0049686, 0.0055105, 0.0066983, 0.00025391, 0.00020131, 0.00020483
walltime: 4991.811 s
walltime/epoch: 356.934 ms

epoch=13600
residual: 0.012533, 0.0049437, 0.0054834, 0.0066647, 0.0002506, 0.0002046, 0.00020605
walltime: 5009.702 s
walltime/epoch: 357.813 ms

epoch=13650
residual: 0.012504, 0.0049281, 0.0054607, 0.0066364, 0.00024477, 0.00018971, 0.00019443
walltime: 5027.856 s
walltime/epoch: 363.083 ms

epoch=13700
residual: 0.01248, 0.0049087, 0.0054407, 0.00661, 0.00023454, 0.00019175, 0.00019757
walltime: 5046.059 s
walltime/epoch: 364.053 ms

epoch=13750
residual: 0.012454, 0.0048883, 0.0054175, 0.0065872, 0.00024518, 0.00017614, 0.00021188
walltime: 5064.339 s
walltime/epoch: 365.602 ms

epoch=13800
residual: 0.012428, 0.0048728, 0.0053998, 0.0065628, 0.00024351, 0.00018676, 0.00019496
walltime: 5082.377 s
walltime/epoch: 360.760 ms

epoch=13850
residual: 0.012403, 0.0048567, 0.0053822, 0.0065346, 0.00025356, 0.00018502, 0.00020175
walltime: 5100.984 s
walltime/epoch: 372.135 ms

epoch=13900
residual: 0.012378, 0.00484, 0.0053627, 0.0065036, 0.00024355, 0.00017791, 0.0001899
walltime: 5119.701 s
walltime/epoch: 374.337 ms

epoch=13950
residual: 0.01235, 0.0048256, 0.0053493, 0.0064748, 0.00024703, 0.00018139, 0.00018959
walltime: 5137.977 s
walltime/epoch: 365.524 ms

epoch=14000
residual: 0.012319, 0.0048085, 0.0053287, 0.0064545, 0.00025307, 0.00018093, 0.00019536
walltime: 5155.976 s
walltime/epoch: 359.990 ms
vx_00007.xmf vy_00007.xmf vz_00007.xmf p_00007.xmf chi_00007.xmf

epoch=14050
residual: 0.012292, 0.0047903, 0.005311, 0.00643, 0.00024459, 0.00018756, 0.00020527
walltime: 5174.779 s
walltime/epoch: 376.055 ms

epoch=14100
residual: 0.012263, 0.0047714, 0.0052903, 0.0064102, 0.00024722, 0.00019307, 0.0001987
walltime: 5192.717 s
walltime/epoch: 358.746 ms

epoch=14150
residual: 0.012235, 0.0047569, 0.0052738, 0.0063913, 0.00023435, 0.00017611, 0.00020426
walltime: 5210.943 s
walltime/epoch: 364.524 ms

epoch=14200
residual: 0.012208, 0.0047402, 0.0052601, 0.006367, 0.00024128, 0.00018269, 0.00019102
walltime: 5229.280 s
walltime/epoch: 366.740 ms

epoch=14250
residual: 0.012181, 0.0047201, 0.005245, 0.0063487, 0.00023045, 0.00017815, 0.00019093
walltime: 5247.592 s
walltime/epoch: 366.248 ms

epoch=14300
residual: 0.012152, 0.0047047, 0.005231, 0.0063295, 0.0002368, 0.00017432, 0.00018374
walltime: 5265.917 s
walltime/epoch: 366.490 ms

epoch=14350
residual: 0.012122, 0.0046834, 0.0052148, 0.006314, 0.00024017, 0.00018684, 0.00018113
walltime: 5283.662 s
walltime/epoch: 354.915 ms

epoch=14400
residual: 0.012087, 0.0046703, 0.0051995, 0.0063009, 0.00022898, 0.00018521, 0.00019805
walltime: 5301.922 s
walltime/epoch: 365.184 ms

epoch=14450
residual: 0.012053, 0.0046514, 0.0051824, 0.0062918, 0.00024986, 0.00018453, 0.0001907
walltime: 5320.289 s
walltime/epoch: 367.348 ms

epoch=14500
residual: 0.012026, 0.0046301, 0.0051635, 0.0062698, 0.00025358, 0.00017346, 0.000192
walltime: 5338.286 s
walltime/epoch: 359.941 ms

epoch=14550
residual: 0.011986, 0.0046131, 0.0051485, 0.0062584, 0.00023013, 0.00017016, 0.00019617
walltime: 5356.597 s
walltime/epoch: 366.218 ms

epoch=14600
residual: 0.011957, 0.0045916, 0.005129, 0.006238, 0.00022188, 0.00018069, 0.00018627
walltime: 5374.964 s
walltime/epoch: 367.328 ms

epoch=14650
residual: 0.011915, 0.0045815, 0.0051153, 0.0062281, 0.00023191, 0.00018461, 0.00018931
walltime: 5393.154 s
walltime/epoch: 363.815 ms

epoch=14700
residual: 0.011882, 0.0045608, 0.005092, 0.0062087, 0.00023983, 0.00018933, 0.00018841
walltime: 5411.366 s
walltime/epoch: 364.238 ms

epoch=14750
residual: 0.01184, 0.0045456, 0.0050763, 0.0061998, 0.0002369, 0.0001724, 0.00018798
walltime: 5430.150 s
walltime/epoch: 375.673 ms

epoch=14800
residual: 0.011808, 0.0045284, 0.0050531, 0.0061822, 0.00022804, 0.0001787, 0.00018809
walltime: 5447.825 s
walltime/epoch: 353.500 ms

epoch=14850
residual: 0.011778, 0.0045118, 0.0050334, 0.0061645, 0.00021989, 0.00016048, 0.00019038
walltime: 5465.894 s
walltime/epoch: 361.375 ms

epoch=14900
residual: 0.011736, 0.0044975, 0.0050182, 0.0061435, 0.00023782, 0.00018235, 0.00019173
walltime: 5483.776 s
walltime/epoch: 357.653 ms

epoch=14950
residual: 0.011701, 0.0044806, 0.0049977, 0.006125, 0.00025855, 0.00017242, 0.00017761
walltime: 5502.004 s
walltime/epoch: 364.547 ms

epoch=15000
residual: 0.011654, 0.0044688, 0.0049811, 0.0061177, 0.00022408, 0.00017089, 0.00019318
walltime: 5519.931 s
walltime/epoch: 358.552 ms

epoch=15050
residual: 0.011616, 0.0044531, 0.0049613, 0.0061097, 0.00023242, 0.00016453, 0.00017747
walltime: 5538.797 s
walltime/epoch: 377.323 ms

epoch=15100
residual: 0.011576, 0.0044392, 0.0049443, 0.0060934, 0.00022728, 0.00016638, 0.00019041
walltime: 5556.592 s
walltime/epoch: 355.894 ms

epoch=15150
residual: 0.011545, 0.0044198, 0.0049255, 0.0060741, 0.00023824, 0.00017489, 0.00018756
walltime: 5574.604 s
walltime/epoch: 360.240 ms

epoch=15200
residual: 0.011513, 0.0043999, 0.0049032, 0.0060489, 0.00024403, 0.00017371, 0.00017409
walltime: 5592.434 s
walltime/epoch: 356.596 ms

epoch=15250
residual: 0.011486, 0.004372, 0.0048772, 0.006028, 0.00022658, 0.00015981, 0.00018744
walltime: 5610.403 s
walltime/epoch: 359.387 ms

epoch=15300
residual: 0.011465, 0.0043496, 0.0048553, 0.0060077, 0.00023807, 0.00017011, 0.00017009
walltime: 5628.865 s
walltime/epoch: 369.238 ms

epoch=15350
residual: 0.011441, 0.0043305, 0.0048376, 0.005987, 0.00022653, 0.00017257, 0.00018006
walltime: 5646.709 s
walltime/epoch: 356.882 ms

epoch=15400
residual: 0.011418, 0.0043147, 0.0048214, 0.005964, 0.00022207, 0.00016569, 0.00018077
walltime: 5663.947 s
walltime/epoch: 344.746 ms

epoch=15450
residual: 0.011391, 0.0042982, 0.004805, 0.0059482, 0.00021888, 0.00017323, 0.00018165
walltime: 5681.993 s
walltime/epoch: 360.935 ms

epoch=15500
residual: 0.011364, 0.0042826, 0.0047888, 0.0059267, 0.00023155, 0.00016643, 0.00016579
walltime: 5699.988 s
walltime/epoch: 359.899 ms

epoch=15550
residual: 0.011339, 0.0042675, 0.0047724, 0.0059068, 0.00021933, 0.00016757, 0.00017761
walltime: 5717.993 s
walltime/epoch: 360.088 ms

epoch=15600
residual: 0.011307, 0.0042559, 0.0047599, 0.0058874, 0.00021728, 0.00016447, 0.00017381
walltime: 5735.988 s
walltime/epoch: 359.895 ms

epoch=15650
residual: 0.011275, 0.0042461, 0.0047492, 0.0058716, 0.00021572, 0.00016448, 0.00016648
walltime: 5753.887 s
walltime/epoch: 357.992 ms

epoch=15700
residual: 0.011238, 0.0042357, 0.0047367, 0.005853, 0.00020857, 0.00016672, 0.00016028
walltime: 5771.946 s
walltime/epoch: 361.171 ms

epoch=15750
residual: 0.011204, 0.0042237, 0.004725, 0.0058354, 0.00022838, 0.0001625, 0.00016141
walltime: 5790.444 s
walltime/epoch: 369.972 ms

epoch=15800
residual: 0.011164, 0.004211, 0.0047116, 0.0058233, 0.00022711, 0.00017255, 0.00017211
walltime: 5808.883 s
walltime/epoch: 368.779 ms

epoch=15850
residual: 0.01113, 0.0042006, 0.0046977, 0.0058052, 0.00021928, 0.00015251, 0.00018098
walltime: 5826.508 s
walltime/epoch: 352.487 ms

epoch=15900
residual: 0.011091, 0.0041891, 0.0046868, 0.0057948, 0.00020734, 0.00016065, 0.00017497
walltime: 5844.787 s
walltime/epoch: 365.586 ms

epoch=15950
residual: 0.011054, 0.0041803, 0.0046756, 0.0057832, 0.0002055, 0.00016758, 0.00016831
walltime: 5862.726 s
walltime/epoch: 358.772 ms

epoch=16000
residual: 0.011014, 0.0041755, 0.004666, 0.0057727, 0.00022634, 0.00015794, 0.00016385
walltime: 5880.625 s
walltime/epoch: 357.995 ms
vx_00008.xmf vy_00008.xmf vz_00008.xmf p_00008.xmf chi_00008.xmf

epoch=16050
residual: 0.010975, 0.0041664, 0.0046541, 0.0057626, 0.00021649, 0.00017514, 0.00016843
walltime: 5899.441 s
walltime/epoch: 376.317 ms

epoch=16100
residual: 0.010938, 0.0041583, 0.0046452, 0.0057511, 0.00022436, 0.00017432, 0.00017595
walltime: 5917.385 s
walltime/epoch: 358.876 ms

epoch=16150
residual: 0.010904, 0.0041476, 0.0046314, 0.0057335, 0.00022068, 0.0001604, 0.00016702
walltime: 5935.091 s
walltime/epoch: 354.122 ms

epoch=16200
residual: 0.010862, 0.0041431, 0.00462, 0.005729, 0.00020751, 0.00015907, 0.00018246
walltime: 5953.365 s
walltime/epoch: 365.468 ms

epoch=16250
residual: 0.010822, 0.0041357, 0.0046046, 0.0057187, 0.000219, 0.00016894, 0.00017097
walltime: 5971.352 s
walltime/epoch: 359.741 ms

epoch=16300
residual: 0.010781, 0.0041306, 0.0045927, 0.0057124, 0.00021496, 0.00015078, 0.00018267
walltime: 5989.876 s
walltime/epoch: 370.494 ms

epoch=16350
residual: 0.010742, 0.0041235, 0.0045802, 0.0057033, 0.00019793, 0.00017011, 0.00017881
walltime: 6008.169 s
walltime/epoch: 365.850 ms

epoch=16400
residual: 0.010704, 0.0041188, 0.0045731, 0.0056936, 0.00021319, 0.00016208, 0.00016745
walltime: 6026.293 s
walltime/epoch: 362.484 ms

epoch=16450
residual: 0.010665, 0.0041116, 0.0045624, 0.0056798, 0.00021574, 0.00015508, 0.00016783
walltime: 6044.872 s
walltime/epoch: 371.581 ms

epoch=16500
residual: 0.010628, 0.004099, 0.0045504, 0.0056709, 0.00021361, 0.0001554, 0.00017216
walltime: 6063.368 s
walltime/epoch: 369.922 ms

epoch=16550
residual: 0.010592, 0.0040877, 0.0045381, 0.0056635, 0.00020981, 0.00016768, 0.00017595
walltime: 6081.677 s
walltime/epoch: 366.183 ms

epoch=16600
residual: 0.010562, 0.0040749, 0.0045266, 0.0056552, 0.00019377, 0.0001519, 0.00017112
walltime: 6100.355 s
walltime/epoch: 373.545 ms

epoch=16650
residual: 0.010521, 0.0040657, 0.0045188, 0.0056467, 0.00021102, 0.0001739, 0.00017332
walltime: 6118.487 s
walltime/epoch: 362.654 ms

epoch=16700
residual: 0.010485, 0.0040581, 0.0045099, 0.0056377, 0.0002005, 0.0001533, 0.00017236
walltime: 6136.808 s
walltime/epoch: 366.421 ms

epoch=16750
residual: 0.010447, 0.0040482, 0.0044995, 0.0056334, 0.00019052, 0.00015611, 0.00017584
walltime: 6154.945 s
walltime/epoch: 362.725 ms

epoch=16800
residual: 0.010418, 0.0040308, 0.0044865, 0.0056239, 0.00020771, 0.00016816, 0.00016574
walltime: 6173.017 s
walltime/epoch: 361.439 ms

epoch=16850
residual: 0.010377, 0.0040251, 0.0044808, 0.0056181, 0.0002123, 0.00017357, 0.00017304
walltime: 6191.546 s
walltime/epoch: 370.583 ms

epoch=16900
residual: 0.010344, 0.0040211, 0.0044711, 0.0056139, 0.00019957, 0.00015617, 0.00016844
walltime: 6210.235 s
walltime/epoch: 373.790 ms

epoch=16950
residual: 0.010302, 0.004016, 0.0044641, 0.0056113, 0.00020289, 0.00014793, 0.00016857
walltime: 6228.355 s
walltime/epoch: 362.394 ms

epoch=17000
residual: 0.010253, 0.0040108, 0.0044573, 0.0056158, 0.0002027, 0.00016416, 0.00015921
walltime: 6246.573 s
walltime/epoch: 364.351 ms

epoch=17050
residual: 0.01021, 0.0040055, 0.0044481, 0.0056111, 0.0002097, 0.00015031, 0.0001721
walltime: 6264.477 s
walltime/epoch: 358.089 ms

epoch=17100
residual: 0.01017, 0.0039961, 0.0044346, 0.0056038, 0.00020317, 0.00016368, 0.00016649
walltime: 6282.684 s
walltime/epoch: 364.137 ms

epoch=17150
residual: 0.010139, 0.0039858, 0.004422, 0.0055908, 0.0002094, 0.00014632, 0.0001699
walltime: 6301.061 s
walltime/epoch: 367.537 ms

epoch=17200
residual: 0.010115, 0.0039723, 0.0044078, 0.0055725, 0.00019599, 0.00016288, 0.00016438
walltime: 6319.025 s
walltime/epoch: 359.278 ms

epoch=17250
residual: 0.010097, 0.0039581, 0.0043915, 0.0055493, 0.00020896, 0.00015617, 0.00016461
walltime: 6337.385 s
walltime/epoch: 367.196 ms

epoch=17300
residual: 0.010073, 0.0039466, 0.004379, 0.0055308, 0.00019799, 0.00015232, 0.00017249
walltime: 6355.750 s
walltime/epoch: 367.300 ms

epoch=17350
residual: 0.010054, 0.0039389, 0.0043671, 0.0055131, 0.00020276, 0.00014735, 0.00015754
walltime: 6374.469 s
walltime/epoch: 374.386 ms

epoch=17400
residual: 0.010037, 0.0039277, 0.0043535, 0.0054946, 0.00020195, 0.00014715, 0.00016401
walltime: 6392.537 s
walltime/epoch: 361.368 ms

epoch=17450
residual: 0.010016, 0.0039205, 0.0043439, 0.0054796, 0.00019411, 0.00014731, 0.00016929
walltime: 6410.921 s
walltime/epoch: 367.681 ms

epoch=17500
residual: 0.010001, 0.0039107, 0.004329, 0.0054546, 0.00021328, 0.00013976, 0.00016354
walltime: 6429.064 s
walltime/epoch: 362.850 ms

epoch=17550
residual: 0.0099773, 0.0039032, 0.0043217, 0.0054388, 0.00019364, 0.00014531, 0.00016306
walltime: 6448.002 s
walltime/epoch: 378.771 ms

epoch=17600
residual: 0.0099561, 0.0038918, 0.0043101, 0.005419, 0.00019888, 0.00014937, 0.00016128
walltime: 6465.866 s
walltime/epoch: 357.272 ms

epoch=17650
residual: 0.0099335, 0.0038796, 0.0042987, 0.0054031, 0.00019842, 0.00015495, 0.00015984
walltime: 6483.565 s
walltime/epoch: 353.971 ms

epoch=17700
residual: 0.0099147, 0.0038638, 0.0042869, 0.0053849, 0.00019655, 0.00014997, 0.00018053
walltime: 6501.568 s
walltime/epoch: 360.073 ms

epoch=17750
residual: 0.0098955, 0.0038482, 0.0042746, 0.0053706, 0.00019365, 0.00016787, 0.00016101
walltime: 6520.016 s
walltime/epoch: 368.961 ms

epoch=17800
residual: 0.0098761, 0.0038338, 0.0042664, 0.0053575, 0.00019768, 0.00014368, 0.00015694
walltime: 6537.843 s
walltime/epoch: 356.536 ms

epoch=17850
residual: 0.0098583, 0.0038218, 0.0042536, 0.0053463, 0.00019887, 0.00013938, 0.00015188
walltime: 6555.724 s
walltime/epoch: 357.619 ms

epoch=17900
residual: 0.0098389, 0.0038109, 0.0042408, 0.0053364, 0.00019745, 0.00014312, 0.00015675
walltime: 6574.088 s
walltime/epoch: 367.283 ms

epoch=17950
residual: 0.0098219, 0.0038011, 0.0042332, 0.0053193, 0.0001934, 0.00014604, 0.00015649
walltime: 6592.074 s
walltime/epoch: 359.707 ms

epoch=18000
residual: 0.0098023, 0.0037909, 0.0042212, 0.0053073, 0.00019352, 0.00015038, 0.0001672
walltime: 6610.262 s
walltime/epoch: 363.763 ms
vx_00009.xmf vy_00009.xmf vz_00009.xmf p_00009.xmf chi_00009.xmf

epoch=18050
residual: 0.0097851, 0.0037802, 0.004209, 0.0052945, 0.00020418, 0.00015508, 0.00015373
walltime: 6629.525 s
walltime/epoch: 385.255 ms

epoch=18100
residual: 0.0097642, 0.0037719, 0.0041984, 0.0052849, 0.00019809, 0.00014777, 0.00015541
walltime: 6647.990 s
walltime/epoch: 369.299 ms

epoch=18150
residual: 0.0097468, 0.0037608, 0.0041865, 0.0052714, 0.00019315, 0.00014789, 0.00015689
walltime: 6666.142 s
walltime/epoch: 363.058 ms

epoch=18200
residual: 0.0097249, 0.0037527, 0.0041776, 0.0052636, 0.00018125, 0.0001324, 0.00015457
walltime: 6684.912 s
walltime/epoch: 375.396 ms

epoch=18250
residual: 0.0097058, 0.0037427, 0.0041671, 0.0052516, 0.00018217, 0.00013503, 0.00015049
walltime: 6703.512 s
walltime/epoch: 371.992 ms

epoch=18300
residual: 0.009684, 0.0037332, 0.0041578, 0.0052467, 0.00018833, 0.00013897, 0.00015181
walltime: 6722.050 s
walltime/epoch: 370.767 ms

epoch=18350
residual: 0.0096608, 0.0037208, 0.0041432, 0.0052413, 0.0001887, 0.00014143, 0.0001541
walltime: 6740.708 s
walltime/epoch: 373.151 ms

epoch=18400
residual: 0.0096417, 0.0037113, 0.0041316, 0.0052304, 0.00018567, 0.00013684, 0.00014494
walltime: 6759.247 s
walltime/epoch: 370.786 ms

epoch=18450
residual: 0.0096197, 0.0036975, 0.0041193, 0.0052238, 0.00018857, 0.00012956, 0.00015236
walltime: 6777.519 s
walltime/epoch: 365.446 ms

epoch=18500
residual: 0.0095995, 0.0036864, 0.0041082, 0.0052151, 0.0001864, 0.00014477, 0.00015952
walltime: 6795.609 s
walltime/epoch: 361.787 ms

epoch=18550
residual: 0.0095744, 0.003677, 0.0040955, 0.0052124, 0.0001905, 0.00013865, 0.00014733
walltime: 6813.404 s
walltime/epoch: 355.903 ms

epoch=18600
residual: 0.0095539, 0.0036635, 0.0040801, 0.0052009, 0.00018914, 0.00014013, 0.00016451
walltime: 6831.686 s
walltime/epoch: 365.639 ms

epoch=18650
residual: 0.0095268, 0.0036527, 0.0040701, 0.0051989, 0.00018031, 0.00013998, 0.00015291
walltime: 6850.064 s
walltime/epoch: 367.560 ms

epoch=18700
residual: 0.0095097, 0.0036388, 0.0040556, 0.0051883, 0.00019988, 0.00014494, 0.00014915
walltime: 6868.317 s
walltime/epoch: 365.067 ms

epoch=18750
residual: 0.0094836, 0.0036299, 0.0040452, 0.0051879, 0.00018496, 0.00014041, 0.00014953
walltime: 6886.687 s
walltime/epoch: 367.399 ms

epoch=18800
residual: 0.0094653, 0.0036186, 0.004031, 0.0051774, 0.00018386, 0.00014108, 0.00014531
walltime: 6904.830 s
walltime/epoch: 362.856 ms

epoch=18850
residual: 0.0094428, 0.0036081, 0.0040203, 0.0051694, 0.00018626, 0.00013361, 0.00015099
walltime: 6922.912 s
walltime/epoch: 361.637 ms

epoch=18900
residual: 0.009423, 0.0035957, 0.0040104, 0.005155, 0.00017971, 0.00013708, 0.00014137
walltime: 6941.141 s
walltime/epoch: 364.589 ms

epoch=18950
residual: 0.0094044, 0.0035871, 0.004, 0.0051423, 0.00018924, 0.00013195, 0.00014785
walltime: 6959.064 s
walltime/epoch: 358.462 ms

epoch=19000
residual: 0.0093807, 0.0035806, 0.0039913, 0.0051323, 0.00018558, 0.00013315, 0.00014846
walltime: 6977.172 s
walltime/epoch: 362.149 ms

epoch=19050
residual: 0.0093593, 0.0035721, 0.0039791, 0.0051191, 0.00018213, 0.00014163, 0.00013134
walltime: 6995.140 s
walltime/epoch: 359.357 ms

epoch=19100
residual: 0.0093336, 0.0035677, 0.0039718, 0.0051086, 0.00019531, 0.00012916, 0.00015106
walltime: 7013.204 s
walltime/epoch: 361.274 ms

epoch=19150
residual: 0.0093164, 0.0035586, 0.0039624, 0.0050921, 0.00018145, 0.00014005, 0.00015374
walltime: 7031.573 s
walltime/epoch: 367.392 ms

epoch=19200
residual: 0.0092919, 0.0035553, 0.0039547, 0.0050786, 0.00018117, 0.00013268, 0.00014053
walltime: 7049.607 s
walltime/epoch: 360.671 ms

epoch=19250
residual: 0.0092699, 0.0035489, 0.0039452, 0.0050637, 0.00018326, 0.00013586, 0.00015038
walltime: 7067.901 s
walltime/epoch: 365.882 ms

epoch=19300
residual: 0.0092475, 0.0035418, 0.0039362, 0.0050507, 0.00017337, 0.00013425, 0.00014384
walltime: 7086.590 s
walltime/epoch: 373.779 ms

epoch=19350
residual: 0.0092237, 0.003536, 0.0039256, 0.005038, 0.00019221, 0.00012649, 0.00015128
walltime: 7104.766 s
walltime/epoch: 363.529 ms

epoch=19400
residual: 0.0092033, 0.003527, 0.003917, 0.0050247, 0.00018336, 0.00013188, 0.00014646
walltime: 7122.855 s
walltime/epoch: 361.767 ms

epoch=19450
residual: 0.0091833, 0.0035185, 0.003906, 0.0050056, 0.00018361, 0.00013557, 0.00014163
walltime: 7141.158 s
walltime/epoch: 366.066 ms

epoch=19500
residual: 0.0091642, 0.0035073, 0.0038941, 0.0049905, 0.00018351, 0.00012675, 0.00014257
walltime: 7159.162 s
walltime/epoch: 360.080 ms

epoch=19550
residual: 0.0091428, 0.0034963, 0.0038817, 0.0049724, 0.00018423, 0.00013343, 0.00015709
walltime: 7177.281 s
walltime/epoch: 362.381 ms

epoch=19600
residual: 0.00912, 0.0034885, 0.0038728, 0.0049557, 0.00018185, 0.00012859, 0.00014017
walltime: 7195.464 s
walltime/epoch: 363.657 ms

epoch=19650
residual: 0.0090972, 0.0034803, 0.003865, 0.0049395, 0.00017807, 0.00012509, 0.00014906
walltime: 7214.045 s
walltime/epoch: 371.630 ms

epoch=19700
residual: 0.0090756, 0.0034704, 0.0038522, 0.0049232, 0.00018793, 0.00013605, 0.00013495
walltime: 7232.349 s
walltime/epoch: 366.077 ms

epoch=19750
residual: 0.0090469, 0.0034679, 0.0038461, 0.0049082, 0.00016912, 0.00012163, 0.00014237
walltime: 7250.492 s
walltime/epoch: 362.858 ms

epoch=19800
residual: 0.0090212, 0.0034601, 0.0038353, 0.0048944, 0.00019267, 0.00012918, 0.00015072
walltime: 7268.387 s
walltime/epoch: 357.903 ms

epoch=19850
residual: 0.0089935, 0.0034522, 0.0038238, 0.004881, 0.00017155, 0.00013834, 0.000136
walltime: 7286.077 s
walltime/epoch: 353.789 ms

epoch=19900
residual: 0.0089642, 0.0034455, 0.0038119, 0.0048654, 0.00018753, 0.00013507, 0.00013774
walltime: 7304.335 s
walltime/epoch: 365.174 ms

epoch=19950
residual: 0.0089385, 0.0034397, 0.0038003, 0.0048534, 0.00016707, 0.0001359, 0.00013373
walltime: 7321.904 s
walltime/epoch: 351.375 ms

epoch=20000
residual: 0.0089104, 0.0034321, 0.0037888, 0.0048374, 0.00018389, 0.00013054, 0.00013633
walltime: 7339.655 s
walltime/epoch: 355.019 ms
vx_00010.xmf vy_00010.xmf vz_00010.xmf p_00010.xmf chi_00010.xmf
Namespace(epochs=0, evals=29919)
