./body3d.py --outdir out_half_bfgsi2 --dim 3 --plot_every 2000 --body half --blend 1 --optimizer lbfgs --ref_path ref3d_half_blend1/ref.pickle --infer_chi 1 --imposed ring --nimp 2048
Entering 'out_half_bfgsi2'
levels [129, 65, 65] [65, 33, 33] [33, 17, 17] [17, 9, 9] [9, 5, 5] [5, 3, 3]
Loading reference solution from '../ref3d_half_blend1/ref.pickle'
Running L-BFGS_TF optimizer

epoch=00000
residual: 0.0066929, 0, 0, 0, 3.7058, 0.85984, 0.89378
walltime: 55.843 s
vx_00000.xmf vy_00000.xmf vz_00000.xmf p_00000.xmf chi_00000.xmf

epoch=00050
residual: 0.24462, 0.10638, 0.087885, 0.13175, 0.056432, 0.021933, 0.020501
walltime: 100.404 s
walltime/epoch: 2008.016 ms

epoch=00100
residual: 0.18944, 0.087023, 0.081503, 0.083192, 0.026788, 0.014925, 0.013598
walltime: 120.508 s
walltime/epoch: 402.092 ms

epoch=00150
residual: 0.17359, 0.076263, 0.073744, 0.073477, 0.013944, 0.010828, 0.010595
walltime: 140.430 s
walltime/epoch: 398.430 ms

epoch=00200
residual: 0.16682, 0.070918, 0.069074, 0.071239, 0.013214, 0.009839, 0.0097706
walltime: 160.898 s
walltime/epoch: 409.370 ms

epoch=00250
residual: 0.16428, 0.067774, 0.066552, 0.068747, 0.011034, 0.0097301, 0.0098026
walltime: 180.819 s
walltime/epoch: 398.423 ms

epoch=00300
residual: 0.16265, 0.065794, 0.064628, 0.067682, 0.00965, 0.0082007, 0.0086132
walltime: 201.038 s
walltime/epoch: 404.362 ms

epoch=00350
residual: 0.16148, 0.064386, 0.063443, 0.068044, 0.0091768, 0.0082697, 0.0086581
walltime: 220.868 s
walltime/epoch: 396.611 ms

epoch=00400
residual: 0.16101, 0.063345, 0.062343, 0.068322, 0.0089264, 0.0081419, 0.0083803
walltime: 241.107 s
walltime/epoch: 404.774 ms

epoch=00450
residual: 0.16061, 0.062559, 0.061611, 0.068794, 0.0085886, 0.00802, 0.0080864
walltime: 260.836 s
walltime/epoch: 394.591 ms

epoch=00500
residual: 0.16052, 0.061746, 0.060859, 0.069127, 0.0082505, 0.0079327, 0.0080429
walltime: 280.236 s
walltime/epoch: 387.994 ms

epoch=00550
residual: 0.16042, 0.061176, 0.060453, 0.069334, 0.0081873, 0.00795, 0.0078903
walltime: 300.417 s
walltime/epoch: 403.625 ms

epoch=00600
residual: 0.16037, 0.060735, 0.060106, 0.069578, 0.0080939, 0.0077995, 0.0079036
walltime: 319.943 s
walltime/epoch: 390.510 ms

epoch=00650
residual: 0.16028, 0.060517, 0.059958, 0.069686, 0.0080705, 0.0077507, 0.0078046
walltime: 340.063 s
walltime/epoch: 402.402 ms

epoch=00700
residual: 0.16026, 0.060345, 0.059871, 0.06968, 0.0079968, 0.0077791, 0.0077778
walltime: 359.688 s
walltime/epoch: 392.503 ms

epoch=00750
residual: 0.16029, 0.060235, 0.059766, 0.069581, 0.0079705, 0.0076482, 0.0077849
walltime: 379.266 s
walltime/epoch: 391.548 ms

epoch=00800
residual: 0.16034, 0.060131, 0.059662, 0.069472, 0.0079129, 0.0076436, 0.0077544
walltime: 399.095 s
walltime/epoch: 396.579 ms

epoch=00850
residual: 0.16042, 0.059986, 0.059563, 0.069315, 0.0079705, 0.0076179, 0.0077517
walltime: 418.957 s
walltime/epoch: 397.241 ms

epoch=00900
residual: 0.16052, 0.059842, 0.059447, 0.069196, 0.007961, 0.0075464, 0.0076826
walltime: 438.967 s
walltime/epoch: 400.210 ms

epoch=00950
residual: 0.16062, 0.059667, 0.05932, 0.069073, 0.0079174, 0.0075476, 0.0076429
walltime: 458.515 s
walltime/epoch: 390.966 ms

epoch=01000
residual: 0.16067, 0.059542, 0.059204, 0.069026, 0.007881, 0.0075235, 0.0076238
walltime: 478.564 s
walltime/epoch: 400.977 ms

epoch=01050
residual: 0.16074, 0.059391, 0.059073, 0.068943, 0.0078423, 0.0074629, 0.0075702
walltime: 498.452 s
walltime/epoch: 397.746 ms

epoch=01100
residual: 0.16082, 0.059195, 0.058907, 0.068872, 0.0077119, 0.0074503, 0.0075299
walltime: 518.476 s
walltime/epoch: 400.498 ms

epoch=01150
residual: 0.1609, 0.058952, 0.05868, 0.068761, 0.0078425, 0.0073575, 0.0075389
walltime: 538.732 s
walltime/epoch: 405.110 ms

epoch=01200
residual: 0.16098, 0.058567, 0.058324, 0.068733, 0.0076755, 0.0073888, 0.0074515
walltime: 558.564 s
walltime/epoch: 396.635 ms

epoch=01250
residual: 0.12001, 0.054024, 0.052269, 0.098048, 0.014142, 0.0088509, 0.0078042
walltime: 578.960 s
walltime/epoch: 407.925 ms

epoch=01300
residual: 0.096365, 0.04329, 0.041627, 0.094523, 0.010853, 0.006297, 0.0056911
walltime: 598.488 s
walltime/epoch: 390.559 ms

epoch=01350
residual: 0.082244, 0.037292, 0.035355, 0.087015, 0.0083652, 0.0058698, 0.004547
walltime: 618.404 s
walltime/epoch: 398.311 ms

epoch=01400
residual: 0.072984, 0.033343, 0.031815, 0.08061, 0.0073691, 0.004232, 0.0047244
walltime: 638.026 s
walltime/epoch: 392.444 ms

epoch=01450
residual: 0.066054, 0.030617, 0.029131, 0.073786, 0.006569, 0.0040292, 0.004265
walltime: 657.481 s
walltime/epoch: 389.107 ms

epoch=01500
residual: 0.061579, 0.028529, 0.027254, 0.06707, 0.0062355, 0.004385, 0.003748
walltime: 677.118 s
walltime/epoch: 392.746 ms

epoch=01550
residual: 0.05818, 0.026856, 0.025646, 0.061851, 0.0052207, 0.0037924, 0.0036516
walltime: 696.841 s
walltime/epoch: 394.460 ms

epoch=01600
residual: 0.055786, 0.025918, 0.024573, 0.056959, 0.0047996, 0.0030085, 0.0035738
walltime: 716.644 s
walltime/epoch: 396.057 ms

epoch=01650
residual: 0.054219, 0.025027, 0.023513, 0.052138, 0.0046565, 0.0032722, 0.0032552
walltime: 736.395 s
walltime/epoch: 395.013 ms

epoch=01700
residual: 0.052653, 0.024279, 0.022765, 0.04739, 0.004172, 0.0031481, 0.003113
walltime: 755.480 s
walltime/epoch: 381.698 ms

epoch=01750
residual: 0.051566, 0.02351, 0.022139, 0.042836, 0.003772, 0.0026552, 0.0029056
walltime: 775.344 s
walltime/epoch: 397.286 ms

epoch=01800
residual: 0.050562, 0.022777, 0.021476, 0.038576, 0.0036067, 0.0027238, 0.0028457
walltime: 795.223 s
walltime/epoch: 397.567 ms

epoch=01850
residual: 0.04956, 0.022243, 0.020932, 0.035378, 0.0034815, 0.0025379, 0.0027554
walltime: 814.938 s
walltime/epoch: 394.298 ms

epoch=01900
residual: 0.048573, 0.021851, 0.020409, 0.032717, 0.0033237, 0.002332, 0.0025968
walltime: 835.093 s
walltime/epoch: 403.104 ms

epoch=01950
residual: 0.047646, 0.021636, 0.020076, 0.030678, 0.0032714, 0.0023023, 0.0023787
walltime: 854.450 s
walltime/epoch: 387.148 ms

epoch=02000
residual: 0.046559, 0.021481, 0.019712, 0.028682, 0.0031665, 0.0023735, 0.0024028
walltime: 874.231 s
walltime/epoch: 395.621 ms
vx_00001.xmf vy_00001.xmf vz_00001.xmf p_00001.xmf chi_00001.xmf

epoch=02050
residual: 0.045646, 0.021349, 0.019409, 0.027086, 0.0030147, 0.0022653, 0.0023935
walltime: 894.249 s
walltime/epoch: 400.357 ms

epoch=02100
residual: 0.044772, 0.02116, 0.019001, 0.025726, 0.0030509, 0.002054, 0.002426
walltime: 914.484 s
walltime/epoch: 404.709 ms

epoch=02150
residual: 0.044152, 0.020923, 0.01869, 0.024818, 0.0028916, 0.0019772, 0.0023009
walltime: 934.343 s
walltime/epoch: 397.166 ms

epoch=02200
residual: 0.04353, 0.020763, 0.018419, 0.023955, 0.0029242, 0.001907, 0.0022876
walltime: 954.324 s
walltime/epoch: 399.633 ms

epoch=02250
residual: 0.042975, 0.020676, 0.018222, 0.023161, 0.0028711, 0.0019394, 0.0022558
walltime: 974.333 s
walltime/epoch: 400.161 ms

epoch=02300
residual: 0.042398, 0.020633, 0.018094, 0.022335, 0.0029699, 0.0019341, 0.002184
walltime: 994.952 s
walltime/epoch: 412.381 ms

epoch=02350
residual: 0.041849, 0.02061, 0.01794, 0.021587, 0.0028469, 0.00191, 0.002233
walltime: 1014.815 s
walltime/epoch: 397.263 ms

epoch=02400
residual: 0.041295, 0.020487, 0.017709, 0.020981, 0.0028334, 0.0020328, 0.0022168
walltime: 1034.712 s
walltime/epoch: 397.935 ms

epoch=02450
residual: 0.040717, 0.020356, 0.017484, 0.020379, 0.0027877, 0.0019307, 0.0021763
walltime: 1054.655 s
walltime/epoch: 398.866 ms

epoch=02500
residual: 0.040202, 0.020074, 0.017146, 0.019927, 0.002738, 0.0017947, 0.0020838
walltime: 1075.649 s
walltime/epoch: 419.882 ms

epoch=02550
residual: 0.039686, 0.019763, 0.0168, 0.01961, 0.0025535, 0.0018717, 0.0019478
walltime: 1096.089 s
walltime/epoch: 408.799 ms

epoch=02600
residual: 0.039195, 0.019404, 0.016413, 0.019365, 0.0024597, 0.0017532, 0.0019793
walltime: 1115.698 s
walltime/epoch: 392.191 ms

epoch=02650
residual: 0.038692, 0.019019, 0.016051, 0.019261, 0.0024794, 0.0017989, 0.001944
walltime: 1134.651 s
walltime/epoch: 379.056 ms

epoch=02700
residual: 0.038136, 0.018709, 0.015702, 0.019215, 0.0024761, 0.001722, 0.0019133
walltime: 1155.263 s
walltime/epoch: 412.237 ms

epoch=02750
residual: 0.037532, 0.018437, 0.015412, 0.019146, 0.0025288, 0.0017561, 0.001836
walltime: 1175.469 s
walltime/epoch: 404.126 ms

epoch=02800
residual: 0.036955, 0.01815, 0.015111, 0.019136, 0.0024306, 0.0016339, 0.0017478
walltime: 1196.326 s
walltime/epoch: 417.132 ms

epoch=02850
residual: 0.036346, 0.017892, 0.014828, 0.019049, 0.0024539, 0.0016878, 0.0018402
walltime: 1215.687 s
walltime/epoch: 387.213 ms

epoch=02900
residual: 0.035729, 0.017665, 0.014555, 0.018923, 0.0023509, 0.0016168, 0.0017144
walltime: 1235.600 s
walltime/epoch: 398.274 ms

epoch=02950
residual: 0.035098, 0.017408, 0.014261, 0.018777, 0.0024272, 0.0014983, 0.0017461
walltime: 1255.431 s
walltime/epoch: 396.618 ms

epoch=03000
residual: 0.034497, 0.017172, 0.013983, 0.018547, 0.0022549, 0.0014704, 0.0017298
walltime: 1275.936 s
walltime/epoch: 410.090 ms

epoch=03050
residual: 0.033941, 0.016938, 0.013709, 0.01823, 0.0022759, 0.0014366, 0.001634
walltime: 1296.793 s
walltime/epoch: 417.137 ms

epoch=03100
residual: 0.033412, 0.016736, 0.01338, 0.017896, 0.002231, 0.0014071, 0.0015549
walltime: 1316.238 s
walltime/epoch: 388.900 ms

epoch=03150
residual: 0.032935, 0.016512, 0.013069, 0.017592, 0.0021596, 0.0014292, 0.0015288
walltime: 1336.322 s
walltime/epoch: 401.686 ms

epoch=03200
residual: 0.032447, 0.016309, 0.012794, 0.017207, 0.0022206, 0.0013717, 0.0015255
walltime: 1356.038 s
walltime/epoch: 394.327 ms

epoch=03250
residual: 0.031954, 0.016114, 0.012542, 0.016809, 0.0022309, 0.0013937, 0.0014741
walltime: 1375.992 s
walltime/epoch: 399.073 ms

epoch=03300
residual: 0.031452, 0.015939, 0.012289, 0.016416, 0.002161, 0.0013282, 0.0014303
walltime: 1395.855 s
walltime/epoch: 397.255 ms

epoch=03350
residual: 0.030924, 0.015805, 0.012043, 0.016038, 0.0021115, 0.0012546, 0.0014203
walltime: 1415.983 s
walltime/epoch: 402.563 ms

epoch=03400
residual: 0.03043, 0.015631, 0.011808, 0.01568, 0.0020278, 0.0012709, 0.0013994
walltime: 1435.375 s
walltime/epoch: 387.840 ms

epoch=03450
residual: 0.029926, 0.015449, 0.011574, 0.015343, 0.002, 0.001275, 0.0013869
walltime: 1454.840 s
walltime/epoch: 389.312 ms

epoch=03500
residual: 0.029465, 0.01527, 0.01135, 0.015045, 0.0019701, 0.0012782, 0.0013259
walltime: 1474.895 s
walltime/epoch: 401.094 ms

epoch=03550
residual: 0.028975, 0.015061, 0.011104, 0.014723, 0.0019273, 0.0011681, 0.0013561
walltime: 1494.883 s
walltime/epoch: 399.754 ms

epoch=03600
residual: 0.028538, 0.014864, 0.01088, 0.014439, 0.0019184, 0.0011585, 0.0013096
walltime: 1514.814 s
walltime/epoch: 398.622 ms

epoch=03650
residual: 0.028073, 0.014653, 0.010599, 0.014141, 0.0019013, 0.0011669, 0.0012388
walltime: 1534.449 s
walltime/epoch: 392.689 ms

epoch=03700
residual: 0.027664, 0.014455, 0.010381, 0.013906, 0.0018462, 0.0010976, 0.0012108
walltime: 1553.747 s
walltime/epoch: 385.969 ms

epoch=03750
residual: 0.027193, 0.014215, 0.010125, 0.013655, 0.0017962, 0.0011531, 0.0011893
walltime: 1573.679 s
walltime/epoch: 398.640 ms

epoch=03800
residual: 0.026804, 0.014014, 0.0099116, 0.013439, 0.0017617, 0.0010598, 0.0011069
walltime: 1593.315 s
walltime/epoch: 392.722 ms

epoch=03850
residual: 0.026374, 0.013809, 0.009681, 0.013183, 0.0017043, 0.0010224, 0.0011123
walltime: 1612.823 s
walltime/epoch: 390.156 ms

epoch=03900
residual: 0.026018, 0.013644, 0.0095306, 0.012957, 0.0017414, 0.001088, 0.0011109
walltime: 1632.683 s
walltime/epoch: 397.209 ms

epoch=03950
residual: 0.02563, 0.013492, 0.0093991, 0.012721, 0.0016594, 0.0010169, 0.0010978
walltime: 1652.478 s
walltime/epoch: 395.881 ms

epoch=04000
residual: 0.025307, 0.013365, 0.0092636, 0.012513, 0.001744, 0.0011001, 0.0011092
walltime: 1672.716 s
walltime/epoch: 404.762 ms
vx_00002.xmf vy_00002.xmf vz_00002.xmf p_00002.xmf chi_00002.xmf

epoch=04050
residual: 0.024988, 0.013242, 0.0091237, 0.012275, 0.0017347, 0.0010198, 0.0010883
walltime: 1693.505 s
walltime/epoch: 415.782 ms

epoch=04100
residual: 0.024721, 0.01312, 0.0089928, 0.01205, 0.0016645, 0.00098426, 0.0011452
walltime: 1714.072 s
walltime/epoch: 411.341 ms

epoch=04150
residual: 0.024471, 0.013, 0.0088782, 0.011835, 0.0016324, 0.00099076, 0.0010769
walltime: 1733.887 s
walltime/epoch: 396.305 ms

epoch=04200
residual: 0.024228, 0.012881, 0.0087738, 0.011639, 0.0016537, 0.0010141, 0.0010634
walltime: 1753.150 s
walltime/epoch: 385.265 ms

epoch=04250
residual: 0.024014, 0.012769, 0.0086778, 0.011457, 0.0015699, 0.00095249, 0.0010833
walltime: 1772.984 s
walltime/epoch: 396.670 ms

epoch=04300
residual: 0.023767, 0.012663, 0.0085867, 0.011289, 0.0015603, 0.00096678, 0.0010507
walltime: 1792.833 s
walltime/epoch: 396.975 ms

epoch=04350
residual: 0.023547, 0.012593, 0.0085099, 0.011152, 0.0015599, 0.00097054, 0.0010193
walltime: 1812.003 s
walltime/epoch: 383.405 ms

epoch=04400
residual: 0.023315, 0.012519, 0.0084365, 0.011009, 0.0015539, 0.00096934, 0.0010218
walltime: 1831.465 s
walltime/epoch: 389.245 ms

epoch=04450
residual: 0.023121, 0.012468, 0.0083726, 0.010902, 0.0014785, 0.00092681, 0.0010116
walltime: 1851.250 s
walltime/epoch: 395.698 ms

epoch=04500
residual: 0.022903, 0.012404, 0.0083095, 0.01079, 0.0015016, 0.00094538, 0.00098895
walltime: 1871.360 s
walltime/epoch: 402.194 ms

epoch=04550
residual: 0.022721, 0.012356, 0.0082635, 0.010692, 0.0015222, 0.00093926, 0.0010471
walltime: 1891.963 s
walltime/epoch: 412.073 ms

epoch=04600
residual: 0.022512, 0.012301, 0.0082175, 0.010607, 0.0015185, 0.00093542, 0.0010105
walltime: 1911.909 s
walltime/epoch: 398.907 ms

epoch=04650
residual: 0.022335, 0.012257, 0.0081817, 0.010544, 0.0014632, 0.0009363, 0.0010123
walltime: 1932.537 s
walltime/epoch: 412.556 ms

epoch=04700
residual: 0.022134, 0.012208, 0.0081399, 0.010463, 0.0015178, 0.00093067, 0.0010172
walltime: 1951.883 s
walltime/epoch: 386.928 ms

epoch=04750
residual: 0.021967, 0.012149, 0.0081034, 0.010401, 0.0014986, 0.00095499, 0.0010041
walltime: 1971.832 s
walltime/epoch: 398.977 ms

epoch=04800
residual: 0.021778, 0.01209, 0.0080582, 0.010339, 0.0014708, 0.00090839, 0.0010309
walltime: 1992.151 s
walltime/epoch: 406.376 ms

epoch=04850
residual: 0.021609, 0.012046, 0.0080286, 0.010275, 0.0014773, 0.00091668, 0.00099521
walltime: 2011.768 s
walltime/epoch: 392.339 ms

epoch=04900
residual: 0.021421, 0.011998, 0.0079874, 0.010207, 0.0014628, 0.00092476, 0.0009953
walltime: 2032.082 s
walltime/epoch: 406.288 ms

epoch=04950
residual: 0.021257, 0.011945, 0.0079537, 0.010156, 0.0014534, 0.00091222, 0.0010036
walltime: 2052.184 s
walltime/epoch: 402.047 ms

epoch=05000
residual: 0.02107, 0.011882, 0.0079292, 0.010093, 0.001459, 0.00094417, 0.00098135
walltime: 2072.598 s
walltime/epoch: 408.273 ms

epoch=05050
residual: 0.020907, 0.01182, 0.0079, 0.010049, 0.0014315, 0.00093052, 0.00099699
walltime: 2091.848 s
walltime/epoch: 385.007 ms

epoch=05100
residual: 0.020718, 0.011746, 0.0078707, 0.010007, 0.0014492, 0.00089649, 0.00096922
walltime: 2111.704 s
walltime/epoch: 397.103 ms

epoch=05150
residual: 0.020543, 0.011683, 0.0078395, 0.0099706, 0.0014182, 0.00091278, 0.000993
walltime: 2131.161 s
walltime/epoch: 389.146 ms

epoch=05200
residual: 0.020347, 0.01161, 0.0078124, 0.0099289, 0.0014273, 0.00093754, 0.0010062
walltime: 2151.434 s
walltime/epoch: 405.462 ms

epoch=05250
residual: 0.020154, 0.011545, 0.0077877, 0.0098925, 0.0014084, 0.0009123, 0.0010191
walltime: 2171.400 s
walltime/epoch: 399.319 ms

epoch=05300
residual: 0.019938, 0.01148, 0.0077716, 0.0098583, 0.0014229, 0.00091626, 0.0010008
walltime: 2190.999 s
walltime/epoch: 391.984 ms

epoch=05350
residual: 0.019716, 0.011408, 0.0077535, 0.0098429, 0.0014153, 0.00090001, 0.00097352
walltime: 2211.542 s
walltime/epoch: 410.855 ms

epoch=05400
residual: 0.019484, 0.011337, 0.007736, 0.0098272, 0.0013646, 0.00093012, 0.00094843
walltime: 2232.037 s
walltime/epoch: 409.903 ms

epoch=05450
residual: 0.01924, 0.011268, 0.0077102, 0.009801, 0.0013496, 0.00091385, 0.00096946
walltime: 2251.829 s
walltime/epoch: 395.845 ms

epoch=05500
residual: 0.018998, 0.011193, 0.0076815, 0.0097797, 0.0013673, 0.00087693, 0.00095271
walltime: 2271.502 s
walltime/epoch: 393.459 ms

epoch=05550
residual: 0.018748, 0.011113, 0.0076498, 0.0097424, 0.0013722, 0.0008908, 0.00094109
walltime: 2290.938 s
walltime/epoch: 388.713 ms

epoch=05600
residual: 0.018505, 0.011046, 0.0076127, 0.0097119, 0.0013291, 0.00089191, 0.00095073
walltime: 2311.050 s
walltime/epoch: 402.235 ms

epoch=05650
residual: 0.018234, 0.010972, 0.0075762, 0.0096797, 0.0013179, 0.00090814, 0.00094432
walltime: 2330.933 s
walltime/epoch: 397.654 ms

epoch=05700
residual: 0.017992, 0.010906, 0.0075514, 0.0096413, 0.0013221, 0.00086825, 0.00093143
walltime: 2350.665 s
walltime/epoch: 394.641 ms

epoch=05750
residual: 0.017719, 0.010822, 0.0075244, 0.0096009, 0.0012891, 0.00085869, 0.00096071
walltime: 2370.830 s
walltime/epoch: 403.310 ms

epoch=05800
residual: 0.017459, 0.010743, 0.0074989, 0.0095644, 0.0013199, 0.00085875, 0.00095477
walltime: 2390.411 s
walltime/epoch: 391.609 ms

epoch=05850
residual: 0.017189, 0.010652, 0.0074665, 0.0095176, 0.0012822, 0.00089236, 0.00092611
walltime: 2410.579 s
walltime/epoch: 403.364 ms

epoch=05900
residual: 0.016947, 0.010573, 0.0074293, 0.0094709, 0.0012718, 0.00086906, 0.00089819
walltime: 2430.198 s
walltime/epoch: 392.389 ms

epoch=05950
residual: 0.016691, 0.010489, 0.0073907, 0.0094048, 0.0012516, 0.00087627, 0.0009197
walltime: 2450.755 s
walltime/epoch: 411.135 ms

epoch=06000
residual: 0.016472, 0.010419, 0.0073581, 0.0093307, 0.0012833, 0.00086398, 0.00089295
walltime: 2471.292 s
walltime/epoch: 410.747 ms
vx_00003.xmf vy_00003.xmf vz_00003.xmf p_00003.xmf chi_00003.xmf

epoch=06050
residual: 0.016226, 0.010343, 0.0073188, 0.0092446, 0.0012168, 0.00085602, 0.00091185
walltime: 2492.371 s
walltime/epoch: 421.568 ms

epoch=06100
residual: 0.016026, 0.010268, 0.0072822, 0.0091598, 0.0012476, 0.00083676, 0.0008874
walltime: 2512.522 s
walltime/epoch: 403.019 ms

epoch=06150
residual: 0.015814, 0.010186, 0.0072287, 0.0090613, 0.0012148, 0.00082201, 0.00088772
walltime: 2532.681 s
walltime/epoch: 403.183 ms

epoch=06200
residual: 0.015626, 0.010113, 0.0071871, 0.0089796, 0.0012262, 0.00081423, 0.00087492
walltime: 2552.946 s
walltime/epoch: 405.309 ms

epoch=06250
residual: 0.015427, 0.010042, 0.0071404, 0.008881, 0.0012156, 0.00080662, 0.00087133
walltime: 2573.036 s
walltime/epoch: 401.787 ms

epoch=06300
residual: 0.01526, 0.009975, 0.0070959, 0.0087844, 0.0011876, 0.00083936, 0.00086899
walltime: 2592.657 s
walltime/epoch: 392.426 ms

epoch=06350
residual: 0.015085, 0.0099092, 0.0070532, 0.0086807, 0.0011745, 0.00080723, 0.00084154
walltime: 2612.601 s
walltime/epoch: 398.886 ms

epoch=06400
residual: 0.014926, 0.0098556, 0.0070089, 0.0085865, 0.0011916, 0.00078323, 0.0008399
walltime: 2632.091 s
walltime/epoch: 389.803 ms

epoch=06450
residual: 0.014771, 0.0097997, 0.0069662, 0.0084788, 0.0011757, 0.00080318, 0.00082575
walltime: 2651.441 s
walltime/epoch: 386.992 ms

epoch=06500
residual: 0.014635, 0.0097411, 0.0069259, 0.0083801, 0.0011307, 0.00079179, 0.00083324
walltime: 2671.312 s
walltime/epoch: 397.412 ms

epoch=06550
residual: 0.014499, 0.0096821, 0.0068801, 0.0082836, 0.0011467, 0.0007747, 0.00083312
walltime: 2690.761 s
walltime/epoch: 388.982 ms

epoch=06600
residual: 0.014369, 0.0096273, 0.0068416, 0.0081913, 0.0011489, 0.00077145, 0.00081397
walltime: 2710.652 s
walltime/epoch: 397.820 ms

epoch=06650
residual: 0.014245, 0.0095643, 0.0068012, 0.0081052, 0.0011579, 0.00080039, 0.00081131
walltime: 2730.453 s
walltime/epoch: 396.016 ms

epoch=06700
residual: 0.014136, 0.0095102, 0.0067545, 0.0080312, 0.0011135, 0.0007811, 0.0008201
walltime: 2750.620 s
walltime/epoch: 403.339 ms

epoch=06750
residual: 0.014025, 0.0094545, 0.0067027, 0.0079563, 0.0011081, 0.00077657, 0.00080076
walltime: 2770.280 s
walltime/epoch: 393.213 ms

epoch=06800
residual: 0.013913, 0.0093937, 0.0066608, 0.0079016, 0.0011205, 0.00075668, 0.00079236
walltime: 2790.421 s
walltime/epoch: 402.808 ms

epoch=06850
residual: 0.013805, 0.0093364, 0.0066177, 0.0078549, 0.0011148, 0.00075828, 0.00077859
walltime: 2810.679 s
walltime/epoch: 405.176 ms

epoch=06900
residual: 0.013696, 0.0092831, 0.0065762, 0.0078061, 0.0010859, 0.00074987, 0.00076668
walltime: 2830.640 s
walltime/epoch: 399.205 ms

epoch=06950
residual: 0.013598, 0.0092283, 0.0065323, 0.0077593, 0.0010936, 0.00073371, 0.00076118
walltime: 2851.218 s
walltime/epoch: 411.573 ms

epoch=07000
residual: 0.013505, 0.0091714, 0.0064921, 0.0077088, 0.0010715, 0.00072709, 0.00077293
walltime: 2870.736 s
walltime/epoch: 390.359 ms

epoch=07050
residual: 0.013415, 0.0091234, 0.0064575, 0.0076644, 0.0010571, 0.00072939, 0.00076601
walltime: 2891.110 s
walltime/epoch: 407.470 ms

epoch=07100
residual: 0.013315, 0.0090736, 0.0064195, 0.0076103, 0.0010602, 0.00073657, 0.00076225
walltime: 2910.823 s
walltime/epoch: 394.260 ms

epoch=07150
residual: 0.01323, 0.0090318, 0.0063866, 0.0075585, 0.0010521, 0.00072048, 0.00076247
walltime: 2931.028 s
walltime/epoch: 404.091 ms

epoch=07200
residual: 0.01313, 0.0089895, 0.006348, 0.0075096, 0.0010456, 0.00071586, 0.00075419
walltime: 2951.210 s
walltime/epoch: 403.647 ms

epoch=07250
residual: 0.013041, 0.0089491, 0.0063128, 0.0074672, 0.0010411, 0.00071928, 0.00073544
walltime: 2971.316 s
walltime/epoch: 402.118 ms

epoch=07300
residual: 0.012932, 0.0089087, 0.0062714, 0.0074222, 0.0010371, 0.00072877, 0.00075576
walltime: 2991.387 s
walltime/epoch: 401.414 ms

epoch=07350
residual: 0.012842, 0.0088748, 0.0062336, 0.0073824, 0.001027, 0.00071445, 0.00074838
walltime: 3011.475 s
walltime/epoch: 401.767 ms

epoch=07400
residual: 0.012732, 0.008834, 0.0061946, 0.0073363, 0.0010318, 0.00070767, 0.00073217
walltime: 3031.030 s
walltime/epoch: 391.110 ms

epoch=07450
residual: 0.012637, 0.0087976, 0.0061615, 0.0072943, 0.0010129, 0.00070351, 0.00072397
walltime: 3051.443 s
walltime/epoch: 408.256 ms

epoch=07500
residual: 0.01253, 0.0087547, 0.0061261, 0.0072537, 0.0010076, 0.00070258, 0.00072454
walltime: 3071.738 s
walltime/epoch: 405.898 ms

epoch=07550
residual: 0.012435, 0.0087146, 0.0060894, 0.0072184, 0.0010113, 0.00068703, 0.00072718
walltime: 3091.552 s
walltime/epoch: 396.287 ms

epoch=07600
residual: 0.012331, 0.0086704, 0.0060536, 0.0071741, 0.00097485, 0.00070446, 0.00071559
walltime: 3111.730 s
walltime/epoch: 403.557 ms

epoch=07650
residual: 0.012236, 0.0086324, 0.0060177, 0.0071334, 0.00098869, 0.00070683, 0.00071033
walltime: 3131.349 s
walltime/epoch: 392.377 ms

epoch=07700
residual: 0.012137, 0.008595, 0.005983, 0.0070957, 0.00097774, 0.00068236, 0.00070461
walltime: 3151.150 s
walltime/epoch: 396.023 ms

epoch=07750
residual: 0.012048, 0.0085597, 0.0059514, 0.0070571, 0.00094675, 0.00067882, 0.00069684
walltime: 3170.485 s
walltime/epoch: 386.701 ms

epoch=07800
residual: 0.011949, 0.0085233, 0.0059214, 0.0070139, 0.00096053, 0.00067845, 0.000709
walltime: 3189.618 s
walltime/epoch: 382.643 ms

epoch=07850
residual: 0.011861, 0.0084917, 0.0058951, 0.0069751, 0.00095002, 0.00066686, 0.00070326
walltime: 3208.946 s
walltime/epoch: 386.567 ms

epoch=07900
residual: 0.011769, 0.0084554, 0.0058687, 0.0069297, 0.00094297, 0.00068361, 0.0006931
walltime: 3229.405 s
walltime/epoch: 409.177 ms

epoch=07950
residual: 0.011689, 0.0084218, 0.0058387, 0.0068822, 0.00094834, 0.00068977, 0.00068902
walltime: 3249.209 s
walltime/epoch: 396.084 ms

epoch=08000
residual: 0.011606, 0.0083871, 0.0058072, 0.0068367, 0.00093332, 0.00065737, 0.00069077
walltime: 3268.603 s
walltime/epoch: 387.881 ms
vx_00004.xmf vy_00004.xmf vz_00004.xmf p_00004.xmf chi_00004.xmf

epoch=08050
residual: 0.011527, 0.008355, 0.0057759, 0.0067948, 0.00092925, 0.00065867, 0.00068427
walltime: 3288.687 s
walltime/epoch: 401.683 ms

epoch=08100
residual: 0.011447, 0.008319, 0.0057453, 0.0067511, 0.00091878, 0.00066403, 0.00068293
walltime: 3308.016 s
walltime/epoch: 386.581 ms

epoch=08150
residual: 0.011371, 0.0082844, 0.0057167, 0.0067085, 0.000916, 0.00066604, 0.00068379
walltime: 3327.342 s
walltime/epoch: 386.513 ms

epoch=08200
residual: 0.011295, 0.0082504, 0.0056842, 0.006665, 0.00091446, 0.00066244, 0.00067947
walltime: 3347.360 s
walltime/epoch: 400.362 ms

epoch=08250
residual: 0.011215, 0.0082177, 0.0056517, 0.006625, 0.00090274, 0.00067341, 0.00067973
walltime: 3366.927 s
walltime/epoch: 391.334 ms

epoch=08300
residual: 0.011143, 0.0081873, 0.0056217, 0.0065861, 0.00089092, 0.00064775, 0.00066674
walltime: 3386.427 s
walltime/epoch: 390.009 ms

epoch=08350
residual: 0.011064, 0.008154, 0.0055907, 0.0065498, 0.00088668, 0.00065004, 0.00066083
walltime: 3406.828 s
walltime/epoch: 408.012 ms

epoch=08400
residual: 0.010989, 0.0081184, 0.0055615, 0.0065181, 0.00089102, 0.00064483, 0.00066559
walltime: 3427.076 s
walltime/epoch: 404.967 ms

epoch=08450
residual: 0.010913, 0.0080833, 0.0055285, 0.0064834, 0.00089082, 0.0006381, 0.00066154
walltime: 3446.546 s
walltime/epoch: 389.404 ms

epoch=08500
residual: 0.01085, 0.0080455, 0.0054965, 0.0064522, 0.00086166, 0.00063895, 0.00065148
walltime: 3466.093 s
walltime/epoch: 390.927 ms

epoch=08550
residual: 0.010781, 0.0080047, 0.0054582, 0.0064133, 0.00086414, 0.00063785, 0.00065949
walltime: 3486.103 s
walltime/epoch: 400.196 ms

epoch=08600
residual: 0.010725, 0.0079696, 0.0054244, 0.0063789, 0.00087073, 0.00064, 0.00065152
walltime: 3505.720 s
walltime/epoch: 392.338 ms

epoch=08650
residual: 0.01067, 0.0079325, 0.0053852, 0.0063378, 0.00086447, 0.00063266, 0.00065092
walltime: 3526.551 s
walltime/epoch: 416.635 ms

epoch=08700
residual: 0.010627, 0.0078964, 0.005352, 0.0062992, 0.0008428, 0.00061897, 0.00065021
walltime: 3546.370 s
walltime/epoch: 396.364 ms

epoch=08750
residual: 0.010582, 0.007857, 0.0053205, 0.0062548, 0.00084771, 0.0006243, 0.00064351
walltime: 3566.674 s
walltime/epoch: 406.098 ms

epoch=08800
residual: 0.010543, 0.007823, 0.0052891, 0.0062106, 0.00085286, 0.0006312, 0.00063762
walltime: 3586.895 s
walltime/epoch: 404.411 ms

epoch=08850
residual: 0.010507, 0.0077885, 0.0052553, 0.0061642, 0.00083747, 0.00062361, 0.00063548
walltime: 3606.299 s
walltime/epoch: 388.082 ms

epoch=08900
residual: 0.010474, 0.0077554, 0.0052222, 0.0061197, 0.00084058, 0.00062315, 0.00062827
walltime: 3626.345 s
walltime/epoch: 400.916 ms

epoch=08950
residual: 0.010439, 0.0077206, 0.0051882, 0.006076, 0.00083692, 0.00061102, 0.00063206
walltime: 3646.079 s
walltime/epoch: 394.680 ms

epoch=09000
residual: 0.010408, 0.0076887, 0.0051536, 0.0060378, 0.00083259, 0.00062323, 0.0006333
walltime: 3666.883 s
walltime/epoch: 416.077 ms

epoch=09050
residual: 0.010372, 0.0076559, 0.0051171, 0.0059971, 0.00082636, 0.00061656, 0.00063622
walltime: 3686.887 s
walltime/epoch: 400.093 ms

epoch=09100
residual: 0.010339, 0.0076269, 0.0050865, 0.0059634, 0.00082657, 0.00061181, 0.00062246
walltime: 3707.104 s
walltime/epoch: 404.325 ms

epoch=09150
residual: 0.010299, 0.0075976, 0.0050553, 0.0059314, 0.00082853, 0.0006025, 0.00061811
walltime: 3727.163 s
walltime/epoch: 401.184 ms

epoch=09200
residual: 0.010259, 0.0075698, 0.0050252, 0.0059061, 0.00081175, 0.00059939, 0.00061841
walltime: 3747.239 s
walltime/epoch: 401.525 ms

epoch=09250
residual: 0.010213, 0.0075452, 0.0049954, 0.0058829, 0.00080909, 0.0006141, 0.00061501
walltime: 3766.831 s
walltime/epoch: 391.831 ms

epoch=09300
residual: 0.010168, 0.0075234, 0.0049691, 0.0058591, 0.00080452, 0.00061388, 0.00060533
walltime: 3786.172 s
walltime/epoch: 386.826 ms

epoch=09350
residual: 0.010125, 0.0075038, 0.0049433, 0.0058354, 0.00079803, 0.00061741, 0.00060673
walltime: 3805.991 s
walltime/epoch: 396.379 ms

epoch=09400
residual: 0.010081, 0.0074857, 0.0049162, 0.005813, 0.0008056, 0.00060222, 0.0006006
walltime: 3826.562 s
walltime/epoch: 411.415 ms

epoch=09450
residual: 0.010044, 0.0074695, 0.004892, 0.0057903, 0.00079009, 0.00059298, 0.00060375
walltime: 3846.047 s
walltime/epoch: 389.702 ms

epoch=09500
residual: 0.010004, 0.0074535, 0.004867, 0.005763, 0.00079712, 0.00059915, 0.00060478
walltime: 3865.428 s
walltime/epoch: 387.614 ms

epoch=09550
residual: 0.0099668, 0.0074396, 0.0048445, 0.0057428, 0.00078629, 0.00059762, 0.00060099
walltime: 3884.950 s
walltime/epoch: 390.443 ms

epoch=09600
residual: 0.0099278, 0.0074238, 0.0048227, 0.0057201, 0.00078363, 0.00059867, 0.0005892
walltime: 3904.799 s
walltime/epoch: 396.978 ms

epoch=09650
residual: 0.00989, 0.0074119, 0.0048023, 0.0057004, 0.00078472, 0.00059709, 0.00059895
walltime: 3924.426 s
walltime/epoch: 392.557 ms

epoch=09700
residual: 0.0098494, 0.0073985, 0.0047798, 0.0056806, 0.00079089, 0.0005979, 0.00059016
walltime: 3944.675 s
walltime/epoch: 404.964 ms

epoch=09750
residual: 0.0098108, 0.0073874, 0.0047588, 0.0056617, 0.00077146, 0.00059608, 0.00059082
walltime: 3965.265 s
walltime/epoch: 411.801 ms

epoch=09800
residual: 0.0097669, 0.0073752, 0.0047377, 0.0056461, 0.00077523, 0.00059052, 0.00058841
walltime: 3984.665 s
walltime/epoch: 387.996 ms

epoch=09850
residual: 0.0097271, 0.0073627, 0.0047179, 0.0056301, 0.00077943, 0.00058309, 0.00058455
walltime: 4005.417 s
walltime/epoch: 415.041 ms

epoch=09900
residual: 0.0096875, 0.0073495, 0.0046948, 0.0056131, 0.000767, 0.00058211, 0.000586
walltime: 4025.529 s
walltime/epoch: 402.257 ms

epoch=09950
residual: 0.0096515, 0.0073355, 0.0046729, 0.005599, 0.00076728, 0.0005843, 0.000586
walltime: 4045.044 s
walltime/epoch: 390.291 ms

epoch=10000
residual: 0.0096152, 0.007318, 0.0046488, 0.0055837, 0.00076246, 0.00058009, 0.00058584
walltime: 4065.606 s
walltime/epoch: 411.243 ms
vx_00005.xmf vy_00005.xmf vz_00005.xmf p_00005.xmf chi_00005.xmf

epoch=10050
residual: 0.0095835, 0.0073018, 0.0046289, 0.0055681, 0.00075759, 0.00058402, 0.00057724
walltime: 4086.611 s
walltime/epoch: 420.100 ms

epoch=10100
residual: 0.009551, 0.0072834, 0.0046058, 0.0055481, 0.00076216, 0.00058233, 0.00057929
walltime: 4106.244 s
walltime/epoch: 392.648 ms

epoch=10150
residual: 0.0095242, 0.007268, 0.0045858, 0.0055271, 0.00076629, 0.00057236, 0.00057819
walltime: 4125.895 s
walltime/epoch: 393.030 ms

epoch=10200
residual: 0.0094959, 0.0072513, 0.0045652, 0.0055033, 0.0007617, 0.00057287, 0.00058172
walltime: 4145.586 s
walltime/epoch: 393.814 ms

epoch=10250
residual: 0.0094708, 0.0072373, 0.0045463, 0.0054774, 0.0007579, 0.00058218, 0.00058042
walltime: 4166.195 s
walltime/epoch: 412.184 ms

epoch=10300
residual: 0.0094433, 0.0072221, 0.0045274, 0.0054519, 0.00075201, 0.00056431, 0.00057472
walltime: 4186.582 s
walltime/epoch: 407.738 ms

epoch=10350
residual: 0.0094173, 0.0072087, 0.004511, 0.0054242, 0.00075077, 0.00056937, 0.00057546
walltime: 4206.201 s
walltime/epoch: 392.387 ms

epoch=10400
residual: 0.0093909, 0.0071952, 0.0044934, 0.0053938, 0.00075046, 0.00057841, 0.00057509
walltime: 4226.034 s
walltime/epoch: 396.661 ms

epoch=10450
residual: 0.0093657, 0.0071821, 0.0044781, 0.0053672, 0.00074238, 0.0005725, 0.00056625
walltime: 4245.492 s
walltime/epoch: 389.161 ms

epoch=10500
residual: 0.0093416, 0.0071679, 0.0044619, 0.0053395, 0.00074643, 0.00057062, 0.00056991
walltime: 4265.401 s
walltime/epoch: 398.172 ms

epoch=10550
residual: 0.0093176, 0.0071544, 0.0044452, 0.0053171, 0.00073994, 0.00056411, 0.00056128
walltime: 4285.476 s
walltime/epoch: 401.490 ms

epoch=10600
residual: 0.0092953, 0.0071407, 0.0044267, 0.0052919, 0.00073366, 0.00056247, 0.00056573
walltime: 4306.067 s
walltime/epoch: 411.835 ms

epoch=10650
residual: 0.0092737, 0.0071264, 0.0044089, 0.0052691, 0.00073539, 0.00055286, 0.000558
walltime: 4325.704 s
walltime/epoch: 392.742 ms

epoch=10700
residual: 0.0092538, 0.0071123, 0.0043908, 0.0052464, 0.00073077, 0.00056077, 0.00056351
walltime: 4344.831 s
walltime/epoch: 382.533 ms

epoch=10750
residual: 0.0092319, 0.007099, 0.0043728, 0.0052248, 0.00073876, 0.0005619, 0.00055521
walltime: 4364.136 s
walltime/epoch: 386.094 ms

epoch=10800
residual: 0.0092109, 0.0070874, 0.0043546, 0.0052056, 0.00073284, 0.00056277, 0.00056393
walltime: 4384.349 s
walltime/epoch: 404.272 ms

epoch=10850
residual: 0.0091889, 0.0070752, 0.0043374, 0.0051893, 0.00072633, 0.00055167, 0.00055277
walltime: 4404.112 s
walltime/epoch: 395.251 ms

epoch=10900
residual: 0.0091683, 0.0070635, 0.0043204, 0.0051741, 0.00071787, 0.00055537, 0.00055776
walltime: 4424.465 s
walltime/epoch: 407.056 ms

epoch=10950
residual: 0.0091438, 0.0070514, 0.004304, 0.0051587, 0.0007303, 0.00054753, 0.00055144
walltime: 4444.438 s
walltime/epoch: 399.472 ms

epoch=11000
residual: 0.0091204, 0.0070409, 0.0042894, 0.0051462, 0.00072647, 0.00055388, 0.0005539
walltime: 4464.240 s
walltime/epoch: 396.037 ms

epoch=11050
residual: 0.0090942, 0.0070298, 0.0042761, 0.0051342, 0.00071611, 0.0005424, 0.00054938
walltime: 4484.756 s
walltime/epoch: 410.311 ms

epoch=11100
residual: 0.0090682, 0.0070185, 0.0042651, 0.0051223, 0.00071889, 0.00055118, 0.00054787
walltime: 4503.946 s
walltime/epoch: 383.800 ms

epoch=11150
residual: 0.0090382, 0.007006, 0.0042522, 0.0051111, 0.00072276, 0.00054951, 0.00054801
walltime: 4523.968 s
walltime/epoch: 400.436 ms

epoch=11200
residual: 0.009012, 0.0069944, 0.0042402, 0.0051035, 0.00070882, 0.0005394, 0.00054759
walltime: 4544.392 s
walltime/epoch: 408.481 ms

epoch=11250
residual: 0.0089825, 0.0069812, 0.0042267, 0.0050931, 0.0007116, 0.00054137, 0.00054536
walltime: 4564.009 s
walltime/epoch: 392.339 ms

epoch=11300
residual: 0.0089564, 0.0069703, 0.0042133, 0.0050847, 0.00070631, 0.00054105, 0.00054108
walltime: 4583.258 s
walltime/epoch: 384.995 ms

epoch=11350
residual: 0.0089275, 0.0069581, 0.0041983, 0.0050761, 0.00070119, 0.00054389, 0.00053871
walltime: 4603.526 s
walltime/epoch: 405.359 ms

epoch=11400
residual: 0.0089026, 0.006947, 0.0041843, 0.0050655, 0.00069716, 0.00053728, 0.00053935
walltime: 4622.871 s
walltime/epoch: 386.892 ms

epoch=11450
residual: 0.0088763, 0.006934, 0.0041695, 0.0050542, 0.00070203, 0.00053347, 0.00053373
walltime: 4642.861 s
walltime/epoch: 399.799 ms

epoch=11500
residual: 0.0088506, 0.0069216, 0.0041563, 0.0050418, 0.00069364, 0.00053013, 0.00053318
walltime: 4662.710 s
walltime/epoch: 396.983 ms

epoch=11550
residual: 0.0088239, 0.0069101, 0.0041436, 0.005026, 0.00069947, 0.00053352, 0.00053296
walltime: 4682.291 s
walltime/epoch: 391.621 ms

epoch=11600
residual: 0.0087983, 0.006897, 0.0041332, 0.0050113, 0.00068824, 0.00053245, 0.00052639
walltime: 4702.537 s
walltime/epoch: 404.927 ms

epoch=11650
residual: 0.0087718, 0.0068839, 0.0041219, 0.0049958, 0.00068957, 0.00053476, 0.00053026
walltime: 4722.365 s
walltime/epoch: 396.551 ms

epoch=11700
residual: 0.0087432, 0.0068701, 0.00411, 0.0049822, 0.00067884, 0.00052966, 0.00052611
walltime: 4742.105 s
walltime/epoch: 394.796 ms

epoch=11750
residual: 0.0087162, 0.0068565, 0.0040979, 0.0049677, 0.00068905, 0.00052844, 0.00052251
walltime: 4762.067 s
walltime/epoch: 399.248 ms

epoch=11800
residual: 0.0086886, 0.006843, 0.0040826, 0.0049542, 0.00067302, 0.00051665, 0.00051882
walltime: 4782.392 s
walltime/epoch: 406.499 ms

epoch=11850
residual: 0.0086617, 0.0068288, 0.0040687, 0.0049421, 0.00067873, 0.00052491, 0.00052041
walltime: 4802.069 s
walltime/epoch: 393.531 ms

epoch=11900
residual: 0.0086346, 0.0068148, 0.0040532, 0.0049278, 0.00066337, 0.00051593, 0.00052117
walltime: 4821.735 s
walltime/epoch: 393.323 ms

epoch=11950
residual: 0.0086078, 0.0068025, 0.0040408, 0.0049117, 0.00066847, 0.00052685, 0.00051247
walltime: 4840.841 s
walltime/epoch: 382.121 ms

epoch=12000
residual: 0.0085798, 0.0067888, 0.0040256, 0.0048943, 0.00066824, 0.00051444, 0.00052103
walltime: 4860.432 s
walltime/epoch: 391.817 ms
vx_00006.xmf vy_00006.xmf vz_00006.xmf p_00006.xmf chi_00006.xmf

epoch=12050
residual: 0.008555, 0.0067786, 0.0040142, 0.0048761, 0.00066516, 0.00051351, 0.00051351
walltime: 4881.318 s
walltime/epoch: 417.726 ms

epoch=12100
residual: 0.008527, 0.0067675, 0.0040008, 0.0048564, 0.0006582, 0.00051212, 0.00051455
walltime: 4901.721 s
walltime/epoch: 408.047 ms

epoch=12150
residual: 0.0085012, 0.0067587, 0.0039888, 0.0048357, 0.00065803, 0.00051989, 0.00050818
walltime: 4922.005 s
walltime/epoch: 405.697 ms

epoch=12200
residual: 0.0084741, 0.0067487, 0.0039758, 0.0048113, 0.0006537, 0.0005101, 0.00050865
walltime: 4942.271 s
walltime/epoch: 405.312 ms

epoch=12250
residual: 0.0084495, 0.0067397, 0.0039643, 0.0047881, 0.00064773, 0.00050302, 0.00050893
walltime: 4962.013 s
walltime/epoch: 394.830 ms

epoch=12300
residual: 0.008421, 0.006728, 0.0039527, 0.004761, 0.00065277, 0.00050931, 0.00050699
walltime: 4981.625 s
walltime/epoch: 392.249 ms

epoch=12350
residual: 0.0083974, 0.0067179, 0.003941, 0.0047359, 0.00064663, 0.00051013, 0.0005101
walltime: 5002.049 s
walltime/epoch: 408.486 ms

epoch=12400
residual: 0.0083708, 0.0067066, 0.0039299, 0.0047089, 0.00064586, 0.00049745, 0.00050357
walltime: 5022.110 s
walltime/epoch: 401.207 ms

epoch=12450
residual: 0.0083489, 0.0066944, 0.0039209, 0.004684, 0.0006437, 0.00049765, 0.00049842
walltime: 5040.873 s
walltime/epoch: 375.258 ms

epoch=12500
residual: 0.0083252, 0.006681, 0.0039106, 0.004653, 0.0006412, 0.0005033, 0.00050391
walltime: 5060.493 s
walltime/epoch: 392.405 ms

epoch=12550
residual: 0.0083051, 0.0066696, 0.0039003, 0.0046278, 0.00063706, 0.00049506, 0.00050311
walltime: 5081.156 s
walltime/epoch: 413.253 ms

epoch=12600
residual: 0.0082838, 0.0066562, 0.00389, 0.0046007, 0.00063999, 0.00049525, 0.00049618
walltime: 5101.082 s
walltime/epoch: 398.536 ms

epoch=12650
residual: 0.0082657, 0.0066433, 0.0038805, 0.0045763, 0.000635, 0.00049074, 0.00048954
walltime: 5120.747 s
walltime/epoch: 393.287 ms

epoch=12700
residual: 0.0082446, 0.0066289, 0.0038706, 0.0045565, 0.00063187, 0.00048798, 0.00048746
walltime: 5140.515 s
walltime/epoch: 395.358 ms

epoch=12750
residual: 0.0082235, 0.0066147, 0.0038613, 0.0045441, 0.00062799, 0.00049053, 0.00048759
walltime: 5160.557 s
walltime/epoch: 400.857 ms

epoch=12800
residual: 0.0082034, 0.0066024, 0.0038532, 0.0045219, 0.00063289, 0.00049435, 0.00049287
walltime: 5180.561 s
walltime/epoch: 400.071 ms

epoch=12850
residual: 0.008185, 0.006591, 0.0038452, 0.0045045, 0.00062675, 0.00048862, 0.00049053
walltime: 5200.322 s
walltime/epoch: 395.221 ms

epoch=12900
residual: 0.0081661, 0.006581, 0.0038367, 0.004489, 0.00062155, 0.00048117, 0.000485
walltime: 5220.187 s
walltime/epoch: 397.299 ms

epoch=12950
residual: 0.0081464, 0.0065705, 0.0038267, 0.0044722, 0.00062085, 0.00048515, 0.00048915
walltime: 5239.959 s
walltime/epoch: 395.434 ms

epoch=13000
residual: 0.0081269, 0.0065605, 0.0038191, 0.0044587, 0.00062349, 0.00048864, 0.00048666
walltime: 5259.916 s
walltime/epoch: 399.145 ms

epoch=13050
residual: 0.0081083, 0.0065511, 0.0038107, 0.0044448, 0.00062063, 0.00048488, 0.00048601
walltime: 5280.110 s
walltime/epoch: 403.870 ms

epoch=13100
residual: 0.0080926, 0.0065428, 0.0038019, 0.0044309, 0.000618, 0.0004786, 0.00048246
walltime: 5300.222 s
walltime/epoch: 402.245 ms

epoch=13150
residual: 0.0080768, 0.0065331, 0.0037932, 0.0044166, 0.00061262, 0.0004821, 0.00048204
walltime: 5319.891 s
walltime/epoch: 393.387 ms

epoch=13200
residual: 0.0080624, 0.0065247, 0.0037861, 0.0044046, 0.0006159, 0.0004761, 0.00048103
walltime: 5339.647 s
walltime/epoch: 395.113 ms

epoch=13250
residual: 0.0080469, 0.0065158, 0.0037771, 0.0043917, 0.00061575, 0.00047988, 0.00047667
walltime: 5359.563 s
walltime/epoch: 398.328 ms

epoch=13300
residual: 0.0080334, 0.0065081, 0.003768, 0.0043806, 0.00061327, 0.00048085, 0.0004789
walltime: 5379.716 s
walltime/epoch: 403.064 ms

epoch=13350
residual: 0.0080183, 0.0064999, 0.0037593, 0.0043699, 0.00061044, 0.00047934, 0.00048041
walltime: 5399.859 s
walltime/epoch: 402.858 ms

epoch=13400
residual: 0.0080046, 0.0064932, 0.0037524, 0.0043601, 0.00061013, 0.00047601, 0.00048036
walltime: 5420.238 s
walltime/epoch: 407.566 ms

epoch=13450
residual: 0.0079902, 0.0064857, 0.003746, 0.0043492, 0.00061297, 0.00047293, 0.00048145
walltime: 5440.505 s
walltime/epoch: 405.341 ms

epoch=13500
residual: 0.0079799, 0.0064777, 0.0037411, 0.004338, 0.00061006, 0.00047098, 0.00047562
walltime: 5460.430 s
walltime/epoch: 398.496 ms

epoch=13550
residual: 0.0079679, 0.0064698, 0.0037354, 0.0043257, 0.00060878, 0.00047017, 0.00047966
walltime: 5480.516 s
walltime/epoch: 401.734 ms

epoch=13600
residual: 0.0079575, 0.006462, 0.0037309, 0.0043169, 0.0006031, 0.00046818, 0.00047498
walltime: 5500.765 s
walltime/epoch: 404.980 ms

epoch=13650
residual: 0.007947, 0.0064538, 0.0037238, 0.0043061, 0.00060513, 0.00046849, 0.00047776
walltime: 5520.818 s
walltime/epoch: 401.044 ms

epoch=13700
residual: 0.0079372, 0.0064458, 0.0037172, 0.0042977, 0.00060825, 0.00047304, 0.00047889
walltime: 5541.242 s
walltime/epoch: 408.487 ms

epoch=13750
residual: 0.0079278, 0.0064375, 0.0037104, 0.0042893, 0.00060649, 0.00046959, 0.00047372
walltime: 5561.552 s
walltime/epoch: 406.201 ms

epoch=13800
residual: 0.0079196, 0.0064292, 0.0037037, 0.0042836, 0.00060159, 0.00046876, 0.0004722
walltime: 5581.077 s
walltime/epoch: 390.500 ms

epoch=13850
residual: 0.0079107, 0.0064202, 0.0036959, 0.0042753, 0.00060299, 0.00046834, 0.00047508
walltime: 5600.877 s
walltime/epoch: 396.006 ms

epoch=13900
residual: 0.0079032, 0.0064128, 0.00369, 0.0042678, 0.00060026, 0.00046633, 0.00047107
walltime: 5621.279 s
walltime/epoch: 408.027 ms

epoch=13950
residual: 0.0078943, 0.0064041, 0.0036836, 0.0042606, 0.00059795, 0.00046739, 0.00047157
walltime: 5641.018 s
walltime/epoch: 394.790 ms

epoch=14000
residual: 0.0078872, 0.0063963, 0.0036781, 0.0042535, 0.0005971, 0.00046403, 0.00046927
walltime: 5660.462 s
walltime/epoch: 388.872 ms
vx_00007.xmf vy_00007.xmf vz_00007.xmf p_00007.xmf chi_00007.xmf

epoch=14050
residual: 0.0078782, 0.0063875, 0.0036723, 0.0042465, 0.0005988, 0.00046237, 0.00046729
walltime: 5680.708 s
walltime/epoch: 404.917 ms

epoch=14100
residual: 0.0078709, 0.0063787, 0.0036673, 0.0042402, 0.00059807, 0.00046553, 0.00047006
walltime: 5699.800 s
walltime/epoch: 381.853 ms

epoch=14150
residual: 0.0078628, 0.0063686, 0.0036627, 0.0042335, 0.00059424, 0.00046972, 0.00046897
walltime: 5720.014 s
walltime/epoch: 404.267 ms

epoch=14200
residual: 0.0078559, 0.0063608, 0.0036576, 0.0042268, 0.00059782, 0.00046007, 0.00046895
walltime: 5740.590 s
walltime/epoch: 411.533 ms

epoch=14250
residual: 0.0078474, 0.0063524, 0.0036525, 0.00422, 0.0005975, 0.00045885, 0.00046635
walltime: 5760.198 s
walltime/epoch: 392.156 ms

epoch=14300
residual: 0.0078398, 0.0063448, 0.0036483, 0.0042135, 0.00059493, 0.00046082, 0.00046693
walltime: 5780.673 s
walltime/epoch: 409.488 ms

epoch=14350
residual: 0.0078311, 0.0063375, 0.003644, 0.0042064, 0.00059077, 0.00045252, 0.00046585
walltime: 5800.352 s
walltime/epoch: 393.592 ms

epoch=14400
residual: 0.0078221, 0.0063307, 0.0036399, 0.0041995, 0.00059444, 0.00045709, 0.00046532
walltime: 5820.489 s
walltime/epoch: 402.746 ms

epoch=14450
residual: 0.007812, 0.0063239, 0.0036352, 0.0041934, 0.00059229, 0.0004596, 0.00046751
walltime: 5840.863 s
walltime/epoch: 407.463 ms

epoch=14500
residual: 0.0078026, 0.0063176, 0.0036306, 0.0041865, 0.00059101, 0.00045862, 0.00046531
walltime: 5860.147 s
walltime/epoch: 385.691 ms

epoch=14550
residual: 0.0077919, 0.0063106, 0.0036263, 0.0041801, 0.00059358, 0.00045936, 0.0004653
walltime: 5879.620 s
walltime/epoch: 389.449 ms

epoch=14600
residual: 0.0077818, 0.0063028, 0.0036211, 0.0041745, 0.00059127, 0.00045756, 0.00046742
walltime: 5898.957 s
walltime/epoch: 386.742 ms

epoch=14650
residual: 0.0077702, 0.0062951, 0.0036166, 0.0041702, 0.00058755, 0.00045853, 0.00046164
walltime: 5919.173 s
walltime/epoch: 404.318 ms

epoch=14700
residual: 0.0077578, 0.0062871, 0.0036109, 0.004166, 0.00059207, 0.00045625, 0.00046749
walltime: 5939.311 s
walltime/epoch: 402.761 ms

epoch=14750
residual: 0.0077448, 0.0062789, 0.0036066, 0.0041621, 0.00059222, 0.00045265, 0.0004623
walltime: 5959.096 s
walltime/epoch: 395.709 ms

epoch=14800
residual: 0.0077319, 0.0062693, 0.0036015, 0.0041591, 0.00058675, 0.00045678, 0.00045977
walltime: 5978.913 s
walltime/epoch: 396.344 ms

epoch=14850
residual: 0.0077177, 0.0062604, 0.0035963, 0.0041573, 0.00058805, 0.00044985, 0.00045745
walltime: 5998.600 s
walltime/epoch: 393.732 ms

epoch=14900
residual: 0.0077015, 0.0062504, 0.003591, 0.0041558, 0.00058633, 0.00045711, 0.0004583
walltime: 6018.660 s
walltime/epoch: 401.210 ms

epoch=14950
residual: 0.0076861, 0.0062408, 0.0035862, 0.0041545, 0.00058046, 0.0004543, 0.00046098
walltime: 6038.390 s
walltime/epoch: 394.582 ms

epoch=15000
residual: 0.0076691, 0.0062307, 0.0035815, 0.0041518, 0.00058236, 0.00044559, 0.00046279
walltime: 6058.353 s
walltime/epoch: 399.265 ms

epoch=15050
residual: 0.0076532, 0.0062204, 0.0035775, 0.0041484, 0.00058154, 0.0004528, 0.0004578
walltime: 6078.905 s
walltime/epoch: 411.038 ms

epoch=15100
residual: 0.0076357, 0.0062093, 0.0035722, 0.0041451, 0.0005799, 0.00045087, 0.00045565
walltime: 6098.516 s
walltime/epoch: 392.234 ms

epoch=15150
residual: 0.0076201, 0.0061987, 0.0035678, 0.0041405, 0.00057471, 0.00045201, 0.00045691
walltime: 6118.857 s
walltime/epoch: 406.809 ms

epoch=15200
residual: 0.0076024, 0.0061875, 0.0035623, 0.0041352, 0.00057566, 0.00044782, 0.00045727
walltime: 6138.424 s
walltime/epoch: 391.346 ms

epoch=15250
residual: 0.0075854, 0.0061769, 0.003558, 0.0041304, 0.00057713, 0.00043863, 0.00045269
walltime: 6158.451 s
walltime/epoch: 400.532 ms

epoch=15300
residual: 0.0075669, 0.0061642, 0.0035533, 0.0041251, 0.00057324, 0.00044759, 0.00045232
walltime: 6178.787 s
walltime/epoch: 406.726 ms

epoch=15350
residual: 0.0075499, 0.0061527, 0.003549, 0.0041203, 0.00057202, 0.00044192, 0.00045203
walltime: 6199.052 s
walltime/epoch: 405.298 ms

epoch=15400
residual: 0.0075308, 0.0061407, 0.0035445, 0.0041127, 0.00057088, 0.00043687, 0.00045397
walltime: 6218.663 s
walltime/epoch: 392.225 ms

epoch=15450
residual: 0.0075133, 0.006129, 0.003542, 0.0041057, 0.00057127, 0.00044414, 0.00045067
walltime: 6238.529 s
walltime/epoch: 397.314 ms

epoch=15500
residual: 0.0074938, 0.0061158, 0.0035382, 0.0040985, 0.00056364, 0.00044162, 0.00044615
walltime: 6258.589 s
walltime/epoch: 401.198 ms

epoch=15550
residual: 0.0074761, 0.0061037, 0.003534, 0.0040914, 0.00056217, 0.00044021, 0.00044725
walltime: 6279.038 s
walltime/epoch: 408.986 ms

epoch=15600
residual: 0.0074572, 0.006089, 0.0035293, 0.0040817, 0.00056418, 0.00044276, 0.00044506
walltime: 6299.049 s
walltime/epoch: 400.217 ms

epoch=15650
residual: 0.0074404, 0.0060764, 0.0035245, 0.0040723, 0.00056197, 0.00043878, 0.00044359
walltime: 6319.402 s
walltime/epoch: 407.061 ms

epoch=15700
residual: 0.0074213, 0.0060614, 0.0035204, 0.0040618, 0.00055791, 0.00043086, 0.00044174
walltime: 6339.753 s
walltime/epoch: 407.025 ms

epoch=15750
residual: 0.0074037, 0.0060486, 0.0035165, 0.0040503, 0.00055659, 0.00042776, 0.00044027
walltime: 6359.704 s
walltime/epoch: 399.017 ms

epoch=15800
residual: 0.0073848, 0.0060333, 0.0035115, 0.0040355, 0.0005539, 0.00043709, 0.00044581
walltime: 6379.292 s
walltime/epoch: 391.747 ms

epoch=15850
residual: 0.0073663, 0.0060196, 0.0035077, 0.0040244, 0.00055349, 0.0004276, 0.00043875
walltime: 6398.949 s
walltime/epoch: 393.157 ms

epoch=15900
residual: 0.0073448, 0.0060036, 0.0035029, 0.0040124, 0.00054909, 0.0004201, 0.00044156
walltime: 6418.611 s
walltime/epoch: 393.240 ms

epoch=15950
residual: 0.0073265, 0.0059884, 0.0034985, 0.0039991, 0.0005488, 0.00042245, 0.00043667
walltime: 6438.629 s
walltime/epoch: 400.358 ms

epoch=16000
residual: 0.0073045, 0.0059728, 0.0034925, 0.0039844, 0.00055005, 0.00042051, 0.00043588
walltime: 6458.177 s
walltime/epoch: 390.949 ms
vx_00008.xmf vy_00008.xmf vz_00008.xmf p_00008.xmf chi_00008.xmf

epoch=16050
residual: 0.0072849, 0.0059573, 0.0034864, 0.0039702, 0.00054557, 0.0004212, 0.00043494
walltime: 6478.402 s
walltime/epoch: 404.493 ms

epoch=16100
residual: 0.0072642, 0.00594, 0.0034798, 0.0039565, 0.00054497, 0.00042061, 0.00042815
walltime: 6498.609 s
walltime/epoch: 404.141 ms

epoch=16150
residual: 0.0072421, 0.0059243, 0.0034731, 0.0039432, 0.00054637, 0.00042591, 0.00043031
walltime: 6517.857 s
walltime/epoch: 384.976 ms

epoch=16200
residual: 0.0072205, 0.0059082, 0.0034673, 0.0039296, 0.00054014, 0.00041351, 0.00042912
walltime: 6538.083 s
walltime/epoch: 404.517 ms

epoch=16250
residual: 0.007199, 0.0058934, 0.0034605, 0.0039153, 0.00054206, 0.0004186, 0.00042913
walltime: 6558.129 s
walltime/epoch: 400.917 ms

epoch=16300
residual: 0.0071767, 0.0058786, 0.0034553, 0.0039004, 0.00054091, 0.00040885, 0.00042428
walltime: 6578.241 s
walltime/epoch: 402.239 ms

epoch=16350
residual: 0.0071551, 0.0058643, 0.0034507, 0.0038846, 0.00053638, 0.00040227, 0.00042404
walltime: 6598.502 s
walltime/epoch: 405.214 ms

epoch=16400
residual: 0.0071321, 0.0058494, 0.0034458, 0.0038705, 0.00053316, 0.00040532, 0.00042185
walltime: 6617.701 s
walltime/epoch: 383.982 ms

epoch=16450
residual: 0.0071085, 0.0058349, 0.0034407, 0.0038563, 0.00053467, 0.00041211, 0.0004265
walltime: 6637.700 s
walltime/epoch: 399.984 ms

epoch=16500
residual: 0.0070861, 0.0058203, 0.0034356, 0.0038428, 0.00053522, 0.00040831, 0.00042626
walltime: 6658.121 s
walltime/epoch: 408.427 ms

epoch=16550
residual: 0.0070634, 0.0058049, 0.0034304, 0.0038283, 0.0005313, 0.00041045, 0.00041987
walltime: 6677.898 s
walltime/epoch: 395.537 ms

epoch=16600
residual: 0.0070416, 0.0057906, 0.0034258, 0.0038143, 0.00052812, 0.00039946, 0.00041292
walltime: 6699.021 s
walltime/epoch: 422.456 ms

epoch=16650
residual: 0.0070193, 0.0057758, 0.0034199, 0.0038001, 0.00053066, 0.00039121, 0.00042001
walltime: 6718.788 s
walltime/epoch: 395.333 ms

epoch=16700
residual: 0.0069985, 0.0057614, 0.0034147, 0.0037862, 0.00052859, 0.00039316, 0.00041264
walltime: 6738.372 s
walltime/epoch: 391.694 ms

epoch=16750
residual: 0.0069779, 0.0057459, 0.0034087, 0.003771, 0.0005182, 0.00039516, 0.00041254
walltime: 6759.253 s
walltime/epoch: 417.607 ms

epoch=16800
residual: 0.0069581, 0.0057326, 0.0034028, 0.0037573, 0.00052297, 0.00039149, 0.00041372
walltime: 6779.544 s
walltime/epoch: 405.818 ms

epoch=16850
residual: 0.0069372, 0.0057175, 0.0033959, 0.0037419, 0.00051927, 0.00038323, 0.00041305
walltime: 6799.972 s
walltime/epoch: 408.559 ms

epoch=16900
residual: 0.0069199, 0.0057039, 0.0033897, 0.0037279, 0.00051588, 0.00039397, 0.00041417
walltime: 6819.356 s
walltime/epoch: 387.685 ms

epoch=16950
residual: 0.0069003, 0.0056891, 0.0033822, 0.0037149, 0.00050976, 0.00038725, 0.0004101
walltime: 6839.687 s
walltime/epoch: 406.629 ms

epoch=17000
residual: 0.0068819, 0.0056766, 0.0033763, 0.0037028, 0.00051157, 0.00038918, 0.00040814
walltime: 6859.766 s
walltime/epoch: 401.568 ms

epoch=17050
residual: 0.0068617, 0.0056634, 0.00337, 0.0036903, 0.00050803, 0.00038837, 0.00040507
walltime: 6879.797 s
walltime/epoch: 400.618 ms

epoch=17100
residual: 0.0068433, 0.0056525, 0.0033638, 0.003679, 0.00051196, 0.00038582, 0.00040235
walltime: 6899.771 s
walltime/epoch: 399.479 ms

epoch=17150
residual: 0.0068215, 0.0056402, 0.0033578, 0.0036681, 0.00051358, 0.00038484, 0.00040429
walltime: 6919.883 s
walltime/epoch: 402.242 ms

epoch=17200
residual: 0.0068017, 0.0056295, 0.0033529, 0.0036622, 0.00050868, 0.00038379, 0.0004037
walltime: 6939.606 s
walltime/epoch: 394.464 ms

epoch=17250
residual: 0.0067795, 0.0056183, 0.003347, 0.0036562, 0.00050388, 0.00037819, 0.00040088
walltime: 6959.665 s
walltime/epoch: 401.184 ms

epoch=17300
residual: 0.0067604, 0.005608, 0.0033416, 0.0036495, 0.00050423, 0.00037912, 0.00039925
walltime: 6979.430 s
walltime/epoch: 395.301 ms

epoch=17350
residual: 0.0067383, 0.0055971, 0.003335, 0.0036431, 0.00050296, 0.00037458, 0.00040049
walltime: 6999.894 s
walltime/epoch: 409.267 ms

epoch=17400
residual: 0.0067191, 0.0055879, 0.0033293, 0.0036363, 0.00050141, 0.00036516, 0.00040101
walltime: 7020.476 s
walltime/epoch: 411.648 ms

epoch=17450
residual: 0.0066975, 0.0055758, 0.003323, 0.0036288, 0.00049534, 0.0003738, 0.00040169
walltime: 7040.382 s
walltime/epoch: 398.114 ms

epoch=17500
residual: 0.0066775, 0.0055651, 0.0033172, 0.0036212, 0.00049875, 0.0003796, 0.0003959
walltime: 7061.063 s
walltime/epoch: 413.622 ms

epoch=17550
residual: 0.0066561, 0.0055526, 0.0033104, 0.003614, 0.0004983, 0.00037588, 0.00039272
walltime: 7080.866 s
walltime/epoch: 396.071 ms

epoch=17600
residual: 0.0066367, 0.0055405, 0.0033026, 0.0036068, 0.00049297, 0.00036983, 0.00039577
walltime: 7100.517 s
walltime/epoch: 393.015 ms

epoch=17650
residual: 0.0066162, 0.0055264, 0.0032946, 0.0035988, 0.00048853, 0.0003744, 0.00039299
walltime: 7120.380 s
walltime/epoch: 397.251 ms

epoch=17700
residual: 0.0065965, 0.0055129, 0.0032869, 0.0035919, 0.00049376, 0.00036281, 0.00039217
walltime: 7140.064 s
walltime/epoch: 393.695 ms

epoch=17750
residual: 0.0065756, 0.005497, 0.0032788, 0.0035842, 0.00049011, 0.0003621, 0.00038922
walltime: 7160.452 s
walltime/epoch: 407.751 ms

epoch=17800
residual: 0.0065574, 0.0054803, 0.0032719, 0.0035753, 0.00048617, 0.00036603, 0.0003912
walltime: 7180.352 s
walltime/epoch: 398.007 ms

epoch=17850
residual: 0.0065383, 0.005464, 0.0032645, 0.0035646, 0.00049656, 0.00036188, 0.00038507
walltime: 7200.688 s
walltime/epoch: 406.706 ms

epoch=17900
residual: 0.0065195, 0.0054473, 0.0032575, 0.0035548, 0.00048851, 0.00035882, 0.0003901
walltime: 7219.596 s
walltime/epoch: 378.161 ms

epoch=17950
residual: 0.0065016, 0.0054307, 0.0032515, 0.003544, 0.00047887, 0.00036115, 0.00038408
walltime: 7239.627 s
walltime/epoch: 400.620 ms

epoch=18000
residual: 0.0064826, 0.0054145, 0.0032463, 0.0035308, 0.0004836, 0.00035015, 0.00038222
walltime: 7260.250 s
walltime/epoch: 412.472 ms
vx_00009.xmf vy_00009.xmf vz_00009.xmf p_00009.xmf chi_00009.xmf

epoch=18050
residual: 0.0064628, 0.005399, 0.0032402, 0.0035157, 0.00048479, 0.00036074, 0.00038694
walltime: 7280.362 s
walltime/epoch: 402.237 ms

epoch=18100
residual: 0.0064426, 0.0053849, 0.0032358, 0.0035014, 0.00048013, 0.00034985, 0.00038425
walltime: 7300.301 s
walltime/epoch: 398.779 ms

epoch=18150
residual: 0.0064216, 0.0053713, 0.0032317, 0.0034865, 0.00047479, 0.00035544, 0.00037962
walltime: 7320.739 s
walltime/epoch: 408.750 ms

epoch=18200
residual: 0.0064007, 0.0053573, 0.0032285, 0.0034695, 0.00047502, 0.00035507, 0.00037849
walltime: 7340.407 s
walltime/epoch: 393.358 ms

epoch=18250
residual: 0.0063794, 0.0053437, 0.0032266, 0.0034557, 0.00047735, 0.00035339, 0.00037738
walltime: 7360.471 s
walltime/epoch: 401.281 ms

epoch=18300
residual: 0.0063565, 0.00533, 0.0032257, 0.0034413, 0.00047024, 0.000351, 0.00037286
walltime: 7380.049 s
walltime/epoch: 391.576 ms

epoch=18350
residual: 0.0063352, 0.0053166, 0.0032241, 0.0034282, 0.00047344, 0.00034927, 0.00037352
walltime: 7399.542 s
walltime/epoch: 389.858 ms

epoch=18400
residual: 0.0063131, 0.0053036, 0.0032216, 0.0034151, 0.00046716, 0.00034502, 0.00037441
walltime: 7419.306 s
walltime/epoch: 395.270 ms

epoch=18450
residual: 0.0062943, 0.005292, 0.0032179, 0.0034009, 0.000464, 0.00033905, 0.00037093
walltime: 7439.909 s
walltime/epoch: 412.058 ms

epoch=18500
residual: 0.0062742, 0.0052787, 0.003214, 0.003387, 0.00046613, 0.00034105, 0.00036738
walltime: 7460.189 s
walltime/epoch: 405.606 ms

epoch=18550
residual: 0.006257, 0.0052669, 0.0032101, 0.0033735, 0.00046568, 0.0003503, 0.00036713
walltime: 7480.329 s
walltime/epoch: 402.791 ms

epoch=18600
residual: 0.0062391, 0.0052558, 0.0032047, 0.0033587, 0.00046074, 0.00034188, 0.00036984
walltime: 7501.300 s
walltime/epoch: 419.418 ms

epoch=18650
residual: 0.0062238, 0.0052447, 0.0031997, 0.0033471, 0.00045792, 0.00034075, 0.00036796
walltime: 7521.016 s
walltime/epoch: 394.324 ms

epoch=18700
residual: 0.0062073, 0.0052327, 0.0031938, 0.0033337, 0.00045982, 0.00034259, 0.00037004
walltime: 7540.955 s
walltime/epoch: 398.776 ms

epoch=18750
residual: 0.0061933, 0.0052217, 0.0031877, 0.0033233, 0.00045629, 0.00033674, 0.00036598
walltime: 7560.872 s
walltime/epoch: 398.356 ms

epoch=18800
residual: 0.0061789, 0.0052092, 0.0031807, 0.0033119, 0.00045483, 0.00033503, 0.00036113
walltime: 7580.883 s
walltime/epoch: 400.205 ms

epoch=18850
residual: 0.0061653, 0.0051977, 0.0031744, 0.0033021, 0.0004539, 0.00033839, 0.00036437
walltime: 7600.847 s
walltime/epoch: 399.284 ms

epoch=18900
residual: 0.0061513, 0.0051853, 0.0031678, 0.0032912, 0.00045679, 0.00033763, 0.00036198
walltime: 7621.209 s
walltime/epoch: 407.241 ms

epoch=18950
residual: 0.0061394, 0.0051748, 0.0031617, 0.0032817, 0.00045109, 0.00032994, 0.00035812
walltime: 7640.895 s
walltime/epoch: 393.717 ms

epoch=19000
residual: 0.0061257, 0.005164, 0.0031543, 0.0032719, 0.0004446, 0.00033485, 0.00035647
walltime: 7661.022 s
walltime/epoch: 402.550 ms

epoch=19050
residual: 0.0061135, 0.0051543, 0.0031484, 0.0032612, 0.00044612, 0.00033178, 0.00035927
walltime: 7681.613 s
walltime/epoch: 411.814 ms

epoch=19100
residual: 0.0060997, 0.0051441, 0.003142, 0.0032511, 0.00044983, 0.00033108, 0.00035737
walltime: 7701.176 s
walltime/epoch: 391.270 ms

epoch=19150
residual: 0.0060883, 0.0051339, 0.0031363, 0.0032423, 0.00044146, 0.00032737, 0.00035643
walltime: 7720.580 s
walltime/epoch: 388.078 ms

epoch=19200
residual: 0.0060752, 0.005123, 0.0031294, 0.003233, 0.00043875, 0.00032847, 0.00035464
walltime: 7740.332 s
walltime/epoch: 395.025 ms

epoch=19250
residual: 0.006062, 0.0051126, 0.0031234, 0.0032254, 0.00044381, 0.00032966, 0.00035542
walltime: 7760.130 s
walltime/epoch: 395.971 ms

epoch=19300
residual: 0.0060501, 0.0051008, 0.0031164, 0.0032163, 0.00044137, 0.00032787, 0.00035283
walltime: 7780.504 s
walltime/epoch: 407.468 ms

epoch=19350
residual: 0.0060385, 0.0050894, 0.0031094, 0.0032096, 0.00043775, 0.00031968, 0.00035433
walltime: 7800.730 s
walltime/epoch: 404.537 ms

epoch=19400
residual: 0.0060251, 0.0050755, 0.0031019, 0.0032065, 0.0004341, 0.00032876, 0.00035134
walltime: 7821.248 s
walltime/epoch: 410.350 ms

epoch=19450
residual: 0.0060116, 0.0050625, 0.003095, 0.0032061, 0.00043568, 0.0003285, 0.00035016
walltime: 7841.444 s
walltime/epoch: 403.923 ms

epoch=19500
residual: 0.0060015, 0.0050514, 0.003089, 0.0031899, 0.00043601, 0.00032568, 0.00034905
walltime: 7861.266 s
walltime/epoch: 396.430 ms

epoch=19550
residual: 0.0059905, 0.0050382, 0.0030814, 0.0031813, 0.00043397, 0.00032153, 0.00035094
walltime: 7880.694 s
walltime/epoch: 388.564 ms

epoch=19600
residual: 0.0059792, 0.0050248, 0.003074, 0.0031712, 0.00043516, 0.00032118, 0.00034865
walltime: 7900.788 s
walltime/epoch: 401.890 ms

epoch=19650
residual: 0.0059675, 0.0050108, 0.003066, 0.003163, 0.00043458, 0.00031677, 0.00035202
walltime: 7920.928 s
walltime/epoch: 402.798 ms

epoch=19700
residual: 0.0059564, 0.0049965, 0.0030589, 0.0031549, 0.00043025, 0.00032322, 0.0003488
walltime: 7941.342 s
walltime/epoch: 408.268 ms

epoch=19750
residual: 0.0059446, 0.0049828, 0.0030517, 0.0031496, 0.00042918, 0.00032023, 0.00034374
walltime: 7960.878 s
walltime/epoch: 390.720 ms

epoch=19800
residual: 0.0059328, 0.0049697, 0.0030453, 0.0031415, 0.00043077, 0.00032817, 0.00034548
walltime: 7980.703 s
walltime/epoch: 396.506 ms

epoch=19850
residual: 0.005921, 0.0049583, 0.0030392, 0.0031327, 0.0004273, 0.00032175, 0.0003459
walltime: 8000.278 s
walltime/epoch: 391.494 ms

epoch=19900
residual: 0.0059083, 0.0049473, 0.003033, 0.0031239, 0.00042863, 0.00031738, 0.00034389
walltime: 8020.924 s
walltime/epoch: 412.923 ms

epoch=19950
residual: 0.0058947, 0.0049368, 0.0030272, 0.0031148, 0.00043037, 0.00031853, 0.00033996
walltime: 8041.204 s
walltime/epoch: 405.607 ms

epoch=20000
residual: 0.0058828, 0.0049266, 0.0030212, 0.0031049, 0.00042726, 0.0003184, 0.00034288
walltime: 8060.703 s
walltime/epoch: 389.974 ms
vx_00010.xmf vy_00010.xmf vz_00010.xmf p_00010.xmf chi_00010.xmf
Namespace(epochs=0, evals=29860)
