./body3d.py --outdir out_half_bfgs_171 --dim 3 --plot_every 2000 --body half --blend 1 --optimizer lbfgs --ref_path ref3d_half_blend1/ref.pickle --infer_chi 1 --imposed ring --nimp 512
Entering 'out_half_bfgs_171'
levels [129, 65, 65] [65, 33, 33] [33, 17, 17] [17, 9, 9] [9, 5, 5] [5, 3, 3]
Loading reference solution from '../ref3d_half_blend1/ref.pickle'
Running L-BFGS_TF optimizer

epoch=00000
residual: 0.0066929, 0, 0, 0, 8.4724, 1.401, 1.7991
walltime: 56.382 s
vx_00000.xmf vy_00000.xmf vz_00000.xmf p_00000.xmf chi_00000.xmf

epoch=00050
residual: 0.24229, 0.077311, 0.078642, 0.13217, 0.029613, 0.022953, 0.013784
walltime: 97.805 s
walltime/epoch: 1956.033 ms

epoch=00100
residual: 0.1903, 0.067823, 0.071232, 0.082463, 0.011771, 0.0067315, 0.0064418
walltime: 115.880 s
walltime/epoch: 361.502 ms

epoch=00150
residual: 0.16708, 0.065625, 0.069421, 0.071916, 0.0096085, 0.0040304, 0.0061527
walltime: 133.613 s
walltime/epoch: 354.658 ms

epoch=00200
residual: 0.15232, 0.060986, 0.065642, 0.065006, 0.006397, 0.0033742, 0.0051312
walltime: 151.656 s
walltime/epoch: 360.865 ms

epoch=00250
residual: 0.14544, 0.057279, 0.062367, 0.063555, 0.0055715, 0.0033795, 0.0039528
walltime: 169.925 s
walltime/epoch: 365.375 ms

epoch=00300
residual: 0.14097, 0.053983, 0.0589, 0.062979, 0.0042292, 0.0026523, 0.0030557
walltime: 187.681 s
walltime/epoch: 355.135 ms

epoch=00350
residual: 0.13867, 0.052149, 0.056608, 0.061849, 0.0054194, 0.0029703, 0.0028171
walltime: 205.202 s
walltime/epoch: 350.408 ms

epoch=00400
residual: 0.13705, 0.050794, 0.055143, 0.060612, 0.0037102, 0.0027307, 0.0026899
walltime: 223.015 s
walltime/epoch: 356.270 ms

epoch=00450
residual: 0.13555, 0.050242, 0.054021, 0.059916, 0.003542, 0.0020801, 0.0023844
walltime: 240.552 s
walltime/epoch: 350.731 ms

epoch=00500
residual: 0.13449, 0.049283, 0.05314, 0.059671, 0.0031897, 0.0020807, 0.0021365
walltime: 258.135 s
walltime/epoch: 351.669 ms

epoch=00550
residual: 0.13348, 0.048703, 0.052171, 0.059783, 0.0032102, 0.0018126, 0.0025412
walltime: 276.263 s
walltime/epoch: 362.546 ms

epoch=00600
residual: 0.13265, 0.048198, 0.051653, 0.060144, 0.0029054, 0.0017843, 0.0020428
walltime: 294.521 s
walltime/epoch: 365.164 ms

epoch=00650
residual: 0.13208, 0.04766, 0.051053, 0.060597, 0.0028901, 0.0015793, 0.0016748
walltime: 312.613 s
walltime/epoch: 361.835 ms

epoch=00700
residual: 0.13162, 0.047527, 0.050844, 0.060758, 0.0025766, 0.0016872, 0.0019181
walltime: 330.632 s
walltime/epoch: 360.397 ms

epoch=00750
residual: 0.13128, 0.047181, 0.050447, 0.061077, 0.0026226, 0.0014241, 0.0017913
walltime: 348.724 s
walltime/epoch: 361.827 ms

epoch=00800
residual: 0.13095, 0.046985, 0.050206, 0.061435, 0.0025267, 0.0016564, 0.001721
walltime: 366.702 s
walltime/epoch: 359.556 ms

epoch=00850
residual: 0.13068, 0.046766, 0.049977, 0.061729, 0.0025239, 0.0015623, 0.0016785
walltime: 384.657 s
walltime/epoch: 359.109 ms

epoch=00900
residual: 0.13059, 0.046553, 0.049733, 0.061841, 0.0025094, 0.001398, 0.0018576
walltime: 402.933 s
walltime/epoch: 365.525 ms

epoch=00950
residual: 0.13044, 0.046421, 0.049505, 0.062042, 0.0024391, 0.0014761, 0.0016375
walltime: 420.894 s
walltime/epoch: 359.219 ms

epoch=01000
residual: 0.13036, 0.046276, 0.049368, 0.062141, 0.0024408, 0.0014761, 0.0017906
walltime: 438.639 s
walltime/epoch: 354.890 ms

epoch=01050
residual: 0.13027, 0.046173, 0.049271, 0.062228, 0.0024976, 0.0014531, 0.0016621
walltime: 456.662 s
walltime/epoch: 360.471 ms

epoch=01100
residual: 0.13024, 0.046008, 0.049149, 0.062323, 0.0023986, 0.0014329, 0.001697
walltime: 474.638 s
walltime/epoch: 359.511 ms

epoch=01150
residual: 0.13018, 0.045907, 0.049073, 0.062415, 0.0023998, 0.0015027, 0.0016626
walltime: 492.965 s
walltime/epoch: 366.535 ms

epoch=01200
residual: 0.13013, 0.045837, 0.048994, 0.062493, 0.0023751, 0.001446, 0.0016451
walltime: 510.829 s
walltime/epoch: 357.283 ms

epoch=01250
residual: 0.1301, 0.045795, 0.048957, 0.062518, 0.0023665, 0.0014243, 0.0016804
walltime: 529.167 s
walltime/epoch: 366.768 ms

epoch=01300
residual: 0.13007, 0.045766, 0.048896, 0.062551, 0.0024289, 0.0014375, 0.0016638
walltime: 546.945 s
walltime/epoch: 355.551 ms

epoch=01350
residual: 0.13001, 0.045773, 0.048887, 0.062594, 0.0023846, 0.0014656, 0.0016543
walltime: 565.046 s
walltime/epoch: 362.026 ms

epoch=01400
residual: 0.12997, 0.045755, 0.048857, 0.062643, 0.0024198, 0.0014343, 0.0016692
walltime: 582.995 s
walltime/epoch: 358.974 ms

epoch=01450
residual: 0.12995, 0.045722, 0.048803, 0.062704, 0.0023725, 0.0014637, 0.0016058
walltime: 600.879 s
walltime/epoch: 357.683 ms

epoch=01500
residual: 0.12993, 0.045712, 0.048764, 0.062736, 0.0023607, 0.0014387, 0.001612
walltime: 618.826 s
walltime/epoch: 358.939 ms

epoch=01550
residual: 0.1299, 0.0457, 0.048752, 0.062755, 0.0023687, 0.0014571, 0.0016491
walltime: 636.945 s
walltime/epoch: 362.385 ms

epoch=01600
residual: 0.12987, 0.0457, 0.048742, 0.062796, 0.0023686, 0.0014294, 0.0016247
walltime: 654.934 s
walltime/epoch: 359.780 ms

epoch=01650
residual: 0.12985, 0.045673, 0.04872, 0.062833, 0.0023673, 0.0014364, 0.0016506
walltime: 672.717 s
walltime/epoch: 355.657 ms

epoch=01700
residual: 0.1298, 0.045654, 0.048696, 0.062911, 0.0023689, 0.001405, 0.0016551
walltime: 690.560 s
walltime/epoch: 356.856 ms

epoch=01750
residual: 0.12976, 0.045625, 0.048663, 0.062998, 0.0023878, 0.0014369, 0.0016504
walltime: 708.759 s
walltime/epoch: 363.979 ms

epoch=01800
residual: 0.12972, 0.045625, 0.048654, 0.06306, 0.0024137, 0.0014438, 0.0016731
walltime: 726.155 s
walltime/epoch: 347.930 ms

epoch=01850
residual: 0.12969, 0.045609, 0.048622, 0.063114, 0.0023409, 0.0014025, 0.0016263
walltime: 743.898 s
walltime/epoch: 354.850 ms

epoch=01900
residual: 0.12965, 0.045598, 0.048612, 0.06317, 0.0023689, 0.0014345, 0.0016447
walltime: 761.761 s
walltime/epoch: 357.254 ms

epoch=01950
residual: 0.12962, 0.045594, 0.048589, 0.063214, 0.0023383, 0.001458, 0.001612
walltime: 779.327 s
walltime/epoch: 351.322 ms

epoch=02000
residual: 0.12957, 0.045603, 0.048591, 0.063251, 0.0023595, 0.0013755, 0.0016676
walltime: 797.268 s
walltime/epoch: 358.822 ms
vx_00001.xmf vy_00001.xmf vz_00001.xmf p_00001.xmf chi_00001.xmf

epoch=02050
residual: 0.12954, 0.045546, 0.048543, 0.063329, 0.0024222, 0.0014322, 0.0016374
walltime: 815.444 s
walltime/epoch: 363.530 ms

epoch=02100
residual: 0.12948, 0.045552, 0.048541, 0.0634, 0.0023808, 0.0014188, 0.0016805
walltime: 833.258 s
walltime/epoch: 356.279 ms

epoch=02150
residual: 0.12946, 0.045495, 0.048498, 0.063455, 0.0023784, 0.0014458, 0.00164
walltime: 851.087 s
walltime/epoch: 356.570 ms

epoch=02200
residual: 0.12939, 0.045528, 0.048521, 0.063499, 0.0023461, 0.0014874, 0.0016242
walltime: 868.772 s
walltime/epoch: 353.704 ms

epoch=02250
residual: 0.12935, 0.045483, 0.048502, 0.063566, 0.0023874, 0.0013974, 0.0016307
walltime: 886.419 s
walltime/epoch: 352.947 ms

epoch=02300
residual: 0.12927, 0.045483, 0.048494, 0.063654, 0.0023385, 0.00148, 0.0016791
walltime: 904.250 s
walltime/epoch: 356.609 ms

epoch=02350
residual: 0.12921, 0.045479, 0.048472, 0.063724, 0.0023717, 0.0013973, 0.0015911
walltime: 922.108 s
walltime/epoch: 357.160 ms

epoch=02400
residual: 0.12913, 0.045425, 0.048406, 0.06386, 0.0023771, 0.001441, 0.0016543
walltime: 940.496 s
walltime/epoch: 367.766 ms

epoch=02450
residual: 0.12904, 0.045395, 0.048361, 0.063995, 0.0024178, 0.0014891, 0.0016784
walltime: 958.197 s
walltime/epoch: 354.020 ms

epoch=02500
residual: 0.12891, 0.04541, 0.048381, 0.064111, 0.0023245, 0.0014906, 0.0015979
walltime: 976.249 s
walltime/epoch: 361.029 ms

epoch=02550
residual: 0.12874, 0.045414, 0.048321, 0.06432, 0.0023866, 0.0014438, 0.0016785
walltime: 994.075 s
walltime/epoch: 356.527 ms

epoch=02600
residual: 0.12848, 0.045393, 0.048342, 0.064642, 0.0023528, 0.0015341, 0.0016079
walltime: 1012.014 s
walltime/epoch: 358.788 ms

epoch=02650
residual: 0.1281, 0.04537, 0.048226, 0.065205, 0.0025768, 0.0014319, 0.0017175
walltime: 1030.187 s
walltime/epoch: 363.445 ms

epoch=02700
residual: 0.12688, 0.045353, 0.048212, 0.067088, 0.0025204, 0.0016542, 0.0015757
walltime: 1047.922 s
walltime/epoch: 354.703 ms

epoch=02750
residual: 0.10875, 0.044656, 0.04618, 0.084538, 0.0056391, 0.0035149, 0.0046582
walltime: 1065.435 s
walltime/epoch: 350.261 ms

epoch=02800
residual: 0.10023, 0.041432, 0.042321, 0.086354, 0.0046049, 0.0029491, 0.003382
walltime: 1083.329 s
walltime/epoch: 357.877 ms

epoch=02850
residual: 0.093861, 0.039093, 0.039544, 0.084887, 0.0032547, 0.0026193, 0.0030889
walltime: 1101.470 s
walltime/epoch: 362.830 ms

epoch=02900
residual: 0.089153, 0.036749, 0.036978, 0.082442, 0.0028634, 0.0020316, 0.0033159
walltime: 1119.004 s
walltime/epoch: 350.667 ms

epoch=02950
residual: 0.083574, 0.034995, 0.034964, 0.079889, 0.0033579, 0.0031419, 0.0024304
walltime: 1137.112 s
walltime/epoch: 362.173 ms

epoch=03000
residual: 0.07849, 0.032595, 0.032734, 0.077989, 0.0033075, 0.0030323, 0.0024694
walltime: 1155.058 s
walltime/epoch: 358.922 ms

epoch=03050
residual: 0.073665, 0.030948, 0.030909, 0.075859, 0.0031447, 0.0023619, 0.0026268
walltime: 1173.123 s
walltime/epoch: 361.289 ms

epoch=03100
residual: 0.069568, 0.029779, 0.029841, 0.073244, 0.0031685, 0.0023376, 0.0023173
walltime: 1191.152 s
walltime/epoch: 360.583 ms

epoch=03150
residual: 0.065844, 0.028483, 0.02838, 0.070264, 0.0030063, 0.0026403, 0.0023752
walltime: 1209.546 s
walltime/epoch: 367.880 ms

epoch=03200
residual: 0.062776, 0.027502, 0.027634, 0.067442, 0.0025333, 0.0024047, 0.0020703
walltime: 1226.980 s
walltime/epoch: 348.690 ms

epoch=03250
residual: 0.060241, 0.026355, 0.026244, 0.064403, 0.0027637, 0.0020673, 0.0019417
walltime: 1244.859 s
walltime/epoch: 357.576 ms

epoch=03300
residual: 0.058146, 0.025343, 0.025295, 0.061389, 0.0026492, 0.0021965, 0.0017095
walltime: 1263.389 s
walltime/epoch: 370.588 ms

epoch=03350
residual: 0.056093, 0.02446, 0.024474, 0.058371, 0.0023034, 0.0018597, 0.0017327
walltime: 1281.356 s
walltime/epoch: 359.348 ms

epoch=03400
residual: 0.054115, 0.023893, 0.02369, 0.05576, 0.0020786, 0.0016059, 0.0020671
walltime: 1299.537 s
walltime/epoch: 363.616 ms

epoch=03450
residual: 0.052447, 0.022929, 0.022785, 0.053282, 0.0022246, 0.0014823, 0.0018191
walltime: 1317.706 s
walltime/epoch: 363.381 ms

epoch=03500
residual: 0.051146, 0.022176, 0.021842, 0.050943, 0.0020708, 0.0016574, 0.0018174
walltime: 1335.650 s
walltime/epoch: 358.886 ms

epoch=03550
residual: 0.049774, 0.021546, 0.021274, 0.048748, 0.0017166, 0.0013674, 0.0016278
walltime: 1353.798 s
walltime/epoch: 362.947 ms

epoch=03600
residual: 0.048671, 0.020926, 0.020581, 0.04668, 0.0018564, 0.0012309, 0.0011955
walltime: 1371.296 s
walltime/epoch: 349.958 ms

epoch=03650
residual: 0.047622, 0.020417, 0.020089, 0.044546, 0.0018032, 0.0012518, 0.001612
walltime: 1389.287 s
walltime/epoch: 359.837 ms

epoch=03700
residual: 0.046628, 0.020027, 0.01964, 0.042554, 0.0019181, 0.0012542, 0.0013296
walltime: 1407.048 s
walltime/epoch: 355.212 ms

epoch=03750
residual: 0.045743, 0.0196, 0.019131, 0.04073, 0.0016275, 0.0012887, 0.001366
walltime: 1424.798 s
walltime/epoch: 354.996 ms

epoch=03800
residual: 0.044831, 0.019358, 0.018823, 0.038886, 0.001745, 0.0011182, 0.0013121
walltime: 1442.027 s
walltime/epoch: 344.578 ms

epoch=03850
residual: 0.043911, 0.019136, 0.018611, 0.037033, 0.0013143, 0.0010244, 0.0016883
walltime: 1460.565 s
walltime/epoch: 370.761 ms

epoch=03900
residual: 0.043094, 0.018908, 0.018367, 0.035307, 0.0011256, 0.0010433, 0.0011945
walltime: 1478.962 s
walltime/epoch: 367.939 ms

epoch=03950
residual: 0.042398, 0.018593, 0.018052, 0.033705, 0.0011444, 0.00093948, 0.0013174
walltime: 1496.770 s
walltime/epoch: 356.171 ms

epoch=04000
residual: 0.041725, 0.01835, 0.017838, 0.032323, 0.0011264, 0.00092673, 0.0011666
walltime: 1515.068 s
walltime/epoch: 365.947 ms
vx_00002.xmf vy_00002.xmf vz_00002.xmf p_00002.xmf chi_00002.xmf

epoch=04050
residual: 0.04119, 0.018157, 0.017595, 0.03098, 0.001292, 0.00089927, 0.0011114
walltime: 1533.467 s
walltime/epoch: 367.977 ms

epoch=04100
residual: 0.040684, 0.017938, 0.017342, 0.029633, 0.0011469, 0.00099215, 0.0011031
walltime: 1551.667 s
walltime/epoch: 364.017 ms

epoch=04150
residual: 0.040148, 0.017815, 0.017167, 0.028512, 0.00095943, 0.0009552, 0.00087635
walltime: 1569.703 s
walltime/epoch: 360.707 ms

epoch=04200
residual: 0.039692, 0.017648, 0.016929, 0.027389, 0.0010544, 0.0010108, 0.00069691
walltime: 1587.443 s
walltime/epoch: 354.808 ms

epoch=04250
residual: 0.039285, 0.017481, 0.016818, 0.026278, 0.00095485, 0.00088306, 0.00072097
walltime: 1605.050 s
walltime/epoch: 352.142 ms

epoch=04300
residual: 0.038902, 0.017375, 0.016563, 0.025378, 0.001098, 0.00080815, 0.00092533
walltime: 1623.055 s
walltime/epoch: 360.100 ms

epoch=04350
residual: 0.038549, 0.017257, 0.016416, 0.024653, 0.0010439, 0.00083524, 0.00091462
walltime: 1641.338 s
walltime/epoch: 365.656 ms

epoch=04400
residual: 0.038125, 0.017178, 0.016284, 0.024067, 0.00097768, 0.00068592, 0.00081573
walltime: 1659.041 s
walltime/epoch: 354.058 ms

epoch=04450
residual: 0.037773, 0.01706, 0.016179, 0.023478, 0.0009549, 0.00060457, 0.00067001
walltime: 1676.830 s
walltime/epoch: 355.772 ms

epoch=04500
residual: 0.037406, 0.016967, 0.016103, 0.022938, 0.00092536, 0.00075985, 0.00071264
walltime: 1694.657 s
walltime/epoch: 356.548 ms

epoch=04550
residual: 0.037093, 0.016893, 0.015987, 0.022509, 0.00094299, 0.00066216, 0.00076318
walltime: 1712.618 s
walltime/epoch: 359.209 ms

epoch=04600
residual: 0.036776, 0.016842, 0.015919, 0.02213, 0.00085772, 0.00063431, 0.00076311
walltime: 1730.538 s
walltime/epoch: 358.415 ms

epoch=04650
residual: 0.036493, 0.016735, 0.015814, 0.021861, 0.00085558, 0.0005788, 0.00067684
walltime: 1748.432 s
walltime/epoch: 357.875 ms

epoch=04700
residual: 0.036213, 0.016658, 0.01574, 0.02156, 0.00082911, 0.00051886, 0.00076844
walltime: 1766.116 s
walltime/epoch: 353.674 ms

epoch=04750
residual: 0.035945, 0.016619, 0.015684, 0.021298, 0.00075748, 0.00055743, 0.00067417
walltime: 1783.775 s
walltime/epoch: 353.180 ms

epoch=04800
residual: 0.035684, 0.01659, 0.015606, 0.021045, 0.00075504, 0.00055734, 0.0006084
walltime: 1801.533 s
walltime/epoch: 355.165 ms

epoch=04850
residual: 0.035429, 0.016571, 0.015554, 0.020797, 0.00077234, 0.00054928, 0.00066786
walltime: 1819.323 s
walltime/epoch: 355.804 ms

epoch=04900
residual: 0.035167, 0.016528, 0.015475, 0.020571, 0.00072671, 0.00054799, 0.00076017
walltime: 1836.888 s
walltime/epoch: 351.291 ms

epoch=04950
residual: 0.034923, 0.016507, 0.015415, 0.020322, 0.00082829, 0.00054297, 0.00061726
walltime: 1854.334 s
walltime/epoch: 348.929 ms

epoch=05000
residual: 0.034643, 0.01647, 0.015392, 0.020094, 0.00079182, 0.00062559, 0.00068452
walltime: 1872.356 s
walltime/epoch: 360.431 ms

epoch=05050
residual: 0.034425, 0.016437, 0.015333, 0.019883, 0.00081117, 0.00051243, 0.00058252
walltime: 1889.956 s
walltime/epoch: 352.003 ms

epoch=05100
residual: 0.034188, 0.016395, 0.0153, 0.019677, 0.00074849, 0.00053052, 0.00055837
walltime: 1907.749 s
walltime/epoch: 355.866 ms

epoch=05150
residual: 0.033991, 0.016324, 0.015229, 0.0195, 0.00072557, 0.00047926, 0.00069862
walltime: 1925.279 s
walltime/epoch: 350.596 ms

epoch=05200
residual: 0.033768, 0.016287, 0.015224, 0.019276, 0.00080547, 0.00060573, 0.00060345
walltime: 1943.220 s
walltime/epoch: 358.814 ms

epoch=05250
residual: 0.033588, 0.016241, 0.015144, 0.019084, 0.00075685, 0.00050675, 0.0006393
walltime: 1961.222 s
walltime/epoch: 360.038 ms

epoch=05300
residual: 0.033368, 0.016185, 0.015137, 0.018908, 0.00077736, 0.00048701, 0.00060445
walltime: 1979.293 s
walltime/epoch: 361.431 ms

epoch=05350
residual: 0.033144, 0.016133, 0.015057, 0.018765, 0.0007619, 0.00053072, 0.00059689
walltime: 1996.814 s
walltime/epoch: 350.418 ms

epoch=05400
residual: 0.03291, 0.016052, 0.015038, 0.018617, 0.00076745, 0.00056022, 0.00054577
walltime: 2014.522 s
walltime/epoch: 354.162 ms

epoch=05450
residual: 0.032646, 0.016013, 0.014985, 0.018478, 0.00077176, 0.00056601, 0.00059084
walltime: 2032.321 s
walltime/epoch: 355.978 ms

epoch=05500
residual: 0.032423, 0.015946, 0.014907, 0.018356, 0.0008184, 0.00050634, 0.00058778
walltime: 2049.875 s
walltime/epoch: 351.068 ms

epoch=05550
residual: 0.032175, 0.015894, 0.014851, 0.018252, 0.00075294, 0.00052269, 0.00064602
walltime: 2067.614 s
walltime/epoch: 354.789 ms

epoch=05600
residual: 0.031956, 0.015818, 0.014778, 0.018161, 0.00078172, 0.00056523, 0.00054902
walltime: 2085.215 s
walltime/epoch: 352.020 ms

epoch=05650
residual: 0.031686, 0.015762, 0.014744, 0.018111, 0.0007199, 0.00052215, 0.00056593
walltime: 2103.345 s
walltime/epoch: 362.595 ms

epoch=05700
residual: 0.031449, 0.015686, 0.014686, 0.018073, 0.00072674, 0.00049568, 0.0005608
walltime: 2121.121 s
walltime/epoch: 355.525 ms

epoch=05750
residual: 0.0312, 0.015641, 0.014627, 0.018037, 0.00066036, 0.00050869, 0.00057787
walltime: 2139.010 s
walltime/epoch: 357.777 ms

epoch=05800
residual: 0.030976, 0.015561, 0.014577, 0.018, 0.00067486, 0.00048645, 0.00052963
walltime: 2157.083 s
walltime/epoch: 361.458 ms

epoch=05850
residual: 0.030727, 0.015502, 0.0145, 0.017983, 0.00068845, 0.00050815, 0.00056208
walltime: 2174.801 s
walltime/epoch: 354.353 ms

epoch=05900
residual: 0.030489, 0.01543, 0.014458, 0.017941, 0.00068552, 0.00056104, 0.00055027
walltime: 2192.343 s
walltime/epoch: 350.849 ms

epoch=05950
residual: 0.030198, 0.015366, 0.014404, 0.01794, 0.00071049, 0.00055967, 0.00058561
walltime: 2209.973 s
walltime/epoch: 352.594 ms

epoch=06000
residual: 0.029949, 0.015304, 0.014347, 0.017911, 0.00070938, 0.00059913, 0.00051215
walltime: 2227.667 s
walltime/epoch: 353.888 ms
vx_00003.xmf vy_00003.xmf vz_00003.xmf p_00003.xmf chi_00003.xmf

epoch=06050
residual: 0.029667, 0.015255, 0.014288, 0.017888, 0.00070261, 0.00045736, 0.0005756
walltime: 2245.935 s
walltime/epoch: 365.364 ms

epoch=06100
residual: 0.029422, 0.015188, 0.01421, 0.017861, 0.00073899, 0.00058431, 0.00056482
walltime: 2263.522 s
walltime/epoch: 351.734 ms

epoch=06150
residual: 0.02917, 0.015132, 0.014124, 0.017826, 0.00065576, 0.00045156, 0.00058657
walltime: 2281.255 s
walltime/epoch: 354.662 ms

epoch=06200
residual: 0.028901, 0.015077, 0.014082, 0.017808, 0.0006764, 0.00044841, 0.00060457
walltime: 2299.169 s
walltime/epoch: 358.277 ms

epoch=06250
residual: 0.028636, 0.01502, 0.014011, 0.017758, 0.00066452, 0.00051159, 0.00060932
walltime: 2317.029 s
walltime/epoch: 357.205 ms

epoch=06300
residual: 0.028367, 0.014957, 0.013975, 0.017742, 0.00062923, 0.00044612, 0.00059961
walltime: 2334.952 s
walltime/epoch: 358.450 ms

epoch=06350
residual: 0.028113, 0.014872, 0.013893, 0.017695, 0.00064252, 0.00050093, 0.00052093
walltime: 2352.721 s
walltime/epoch: 355.383 ms

epoch=06400
residual: 0.027867, 0.014809, 0.013836, 0.017652, 0.00064684, 0.00050439, 0.00053905
walltime: 2370.479 s
walltime/epoch: 355.169 ms

epoch=06450
residual: 0.027619, 0.014732, 0.013758, 0.017571, 0.00070946, 0.0004929, 0.00053311
walltime: 2388.193 s
walltime/epoch: 354.267 ms

epoch=06500
residual: 0.027389, 0.014668, 0.013689, 0.01751, 0.00073302, 0.00049522, 0.00053372
walltime: 2406.128 s
walltime/epoch: 358.698 ms

epoch=06550
residual: 0.02714, 0.014599, 0.013594, 0.017457, 0.00062222, 0.00049061, 0.00052963
walltime: 2423.891 s
walltime/epoch: 355.263 ms

epoch=06600
residual: 0.026937, 0.014504, 0.013511, 0.017401, 0.00066666, 0.00047239, 0.00053709
walltime: 2441.716 s
walltime/epoch: 356.504 ms

epoch=06650
residual: 0.026695, 0.014429, 0.013431, 0.017333, 0.00065003, 0.00047871, 0.00053797
walltime: 2459.276 s
walltime/epoch: 351.193 ms

epoch=06700
residual: 0.026501, 0.01434, 0.013345, 0.017221, 0.00062668, 0.0005042, 0.00057799
walltime: 2477.050 s
walltime/epoch: 355.486 ms

epoch=06750
residual: 0.026269, 0.014265, 0.013277, 0.017112, 0.00067556, 0.00046407, 0.0005328
walltime: 2494.765 s
walltime/epoch: 354.290 ms

epoch=06800
residual: 0.02608, 0.014172, 0.013178, 0.016987, 0.00063155, 0.00053053, 0.00050336
walltime: 2512.317 s
walltime/epoch: 351.057 ms

epoch=06850
residual: 0.025873, 0.01408, 0.013098, 0.016881, 0.00063395, 0.00055618, 0.00048771
walltime: 2530.088 s
walltime/epoch: 355.408 ms

epoch=06900
residual: 0.02568, 0.014009, 0.013001, 0.016739, 0.00060756, 0.00047183, 0.00050726
walltime: 2547.783 s
walltime/epoch: 353.909 ms

epoch=06950
residual: 0.025483, 0.013912, 0.012924, 0.016632, 0.00060886, 0.00046539, 0.00051726
walltime: 2565.780 s
walltime/epoch: 359.923 ms

epoch=07000
residual: 0.025308, 0.013846, 0.012838, 0.016471, 0.00059281, 0.00052693, 0.00050971
walltime: 2583.775 s
walltime/epoch: 359.916 ms

epoch=07050
residual: 0.025105, 0.013759, 0.012765, 0.016366, 0.00063781, 0.00039215, 0.00052373
walltime: 2601.337 s
walltime/epoch: 351.239 ms

epoch=07100
residual: 0.024922, 0.01369, 0.012683, 0.016223, 0.00058509, 0.0004419, 0.00051331
walltime: 2619.393 s
walltime/epoch: 361.116 ms

epoch=07150
residual: 0.024723, 0.013609, 0.012614, 0.016106, 0.00058069, 0.00041825, 0.00049481
walltime: 2636.943 s
walltime/epoch: 350.991 ms

epoch=07200
residual: 0.024536, 0.013524, 0.012534, 0.015963, 0.0006142, 0.00049837, 0.00052449
walltime: 2654.726 s
walltime/epoch: 355.671 ms

epoch=07250
residual: 0.024345, 0.013448, 0.012463, 0.015828, 0.00053876, 0.0004239, 0.00048486
walltime: 2672.834 s
walltime/epoch: 362.152 ms

epoch=07300
residual: 0.024147, 0.013361, 0.012392, 0.015682, 0.0005844, 0.00042314, 0.00056493
walltime: 2690.646 s
walltime/epoch: 356.243 ms

epoch=07350
residual: 0.023946, 0.013297, 0.012329, 0.01555, 0.00059549, 0.00050083, 0.00047788
walltime: 2708.964 s
walltime/epoch: 366.365 ms

epoch=07400
residual: 0.023746, 0.013215, 0.012237, 0.015424, 0.0005115, 0.00043458, 0.00053772
walltime: 2726.893 s
walltime/epoch: 358.584 ms

epoch=07450
residual: 0.023552, 0.01313, 0.012177, 0.015296, 0.00054145, 0.00038734, 0.0005422
walltime: 2744.686 s
walltime/epoch: 355.853 ms

epoch=07500
residual: 0.023354, 0.013053, 0.012096, 0.015168, 0.00058298, 0.00045229, 0.00044964
walltime: 2762.645 s
walltime/epoch: 359.167 ms

epoch=07550
residual: 0.023164, 0.012966, 0.012029, 0.015038, 0.00056079, 0.00039074, 0.00048005
walltime: 2780.562 s
walltime/epoch: 358.355 ms

epoch=07600
residual: 0.022974, 0.012875, 0.011928, 0.014901, 0.00054048, 0.00045288, 0.00044886
walltime: 2798.349 s
walltime/epoch: 355.740 ms

epoch=07650
residual: 0.022782, 0.012797, 0.011856, 0.014781, 0.0006352, 0.00039796, 0.00043958
walltime: 2816.299 s
walltime/epoch: 358.995 ms

epoch=07700
residual: 0.022573, 0.012704, 0.011767, 0.014671, 0.00057972, 0.00037004, 0.00044326
walltime: 2834.051 s
walltime/epoch: 355.031 ms

epoch=07750
residual: 0.022386, 0.012623, 0.011716, 0.014566, 0.00058608, 0.00042812, 0.00048255
walltime: 2852.031 s
walltime/epoch: 359.598 ms

epoch=07800
residual: 0.022189, 0.012535, 0.011652, 0.014481, 0.00051757, 0.00037942, 0.00045388
walltime: 2870.040 s
walltime/epoch: 360.189 ms

epoch=07850
residual: 0.022, 0.012462, 0.011616, 0.014385, 0.00051093, 0.00047939, 0.00043158
walltime: 2887.891 s
walltime/epoch: 357.011 ms

epoch=07900
residual: 0.021811, 0.012382, 0.011546, 0.014286, 0.00056262, 0.00038378, 0.00045205
walltime: 2905.593 s
walltime/epoch: 354.057 ms

epoch=07950
residual: 0.021629, 0.012295, 0.011469, 0.014176, 0.00055603, 0.00038874, 0.00050892
walltime: 2923.471 s
walltime/epoch: 357.545 ms

epoch=08000
residual: 0.021457, 0.012217, 0.011377, 0.014066, 0.00049369, 0.00039208, 0.00048209
walltime: 2941.169 s
walltime/epoch: 353.960 ms
vx_00004.xmf vy_00004.xmf vz_00004.xmf p_00004.xmf chi_00004.xmf

epoch=08050
residual: 0.021308, 0.012123, 0.011309, 0.013949, 0.00051479, 0.00040409, 0.00050464
walltime: 2959.856 s
walltime/epoch: 373.755 ms

epoch=08100
residual: 0.021175, 0.012057, 0.011229, 0.01386, 0.00049562, 0.00035099, 0.00041581
walltime: 2977.986 s
walltime/epoch: 362.594 ms

epoch=08150
residual: 0.02106, 0.011973, 0.011147, 0.013751, 0.00050629, 0.00038604, 0.00043204
walltime: 2996.023 s
walltime/epoch: 360.738 ms

epoch=08200
residual: 0.020944, 0.011908, 0.011079, 0.013645, 0.00055641, 0.00034416, 0.00043622
walltime: 3013.369 s
walltime/epoch: 346.914 ms

epoch=08250
residual: 0.020851, 0.011831, 0.011014, 0.013529, 0.00049316, 0.00041245, 0.00043438
walltime: 3031.204 s
walltime/epoch: 356.712 ms

epoch=08300
residual: 0.020743, 0.011771, 0.010955, 0.013427, 0.00049755, 0.00036, 0.00040873
walltime: 3049.110 s
walltime/epoch: 358.103 ms

epoch=08350
residual: 0.020646, 0.011702, 0.010907, 0.013312, 0.00047974, 0.00035044, 0.00041962
walltime: 3066.833 s
walltime/epoch: 354.477 ms

epoch=08400
residual: 0.02056, 0.011641, 0.010842, 0.013207, 0.00045874, 0.00034105, 0.00041583
walltime: 3084.558 s
walltime/epoch: 354.486 ms

epoch=08450
residual: 0.020474, 0.011579, 0.010795, 0.013106, 0.00046382, 0.00035901, 0.00041298
walltime: 3102.497 s
walltime/epoch: 358.778 ms

epoch=08500
residual: 0.020398, 0.011527, 0.010745, 0.01302, 0.00047932, 0.0003659, 0.0004022
walltime: 3120.055 s
walltime/epoch: 351.171 ms

epoch=08550
residual: 0.020328, 0.01147, 0.010693, 0.012926, 0.00048993, 0.00039072, 0.00045191
walltime: 3137.655 s
walltime/epoch: 351.995 ms

epoch=08600
residual: 0.020246, 0.011431, 0.010659, 0.012847, 0.00046021, 0.00037454, 0.00036542
walltime: 3155.660 s
walltime/epoch: 360.093 ms

epoch=08650
residual: 0.020174, 0.01138, 0.010613, 0.012739, 0.00049473, 0.00035409, 0.00042764
walltime: 3174.177 s
walltime/epoch: 370.342 ms

epoch=08700
residual: 0.020106, 0.011343, 0.010576, 0.012655, 0.00048511, 0.00031718, 0.00039164
walltime: 3191.932 s
walltime/epoch: 355.101 ms

epoch=08750
residual: 0.020031, 0.011295, 0.010542, 0.012579, 0.00046124, 0.00031507, 0.0003821
walltime: 3209.763 s
walltime/epoch: 356.632 ms

epoch=08800
residual: 0.019962, 0.011255, 0.010499, 0.012501, 0.00050355, 0.00036895, 0.00036742
walltime: 3227.929 s
walltime/epoch: 363.320 ms

epoch=08850
residual: 0.01988, 0.011214, 0.010474, 0.012424, 0.00049265, 0.00034162, 0.00037889
walltime: 3246.124 s
walltime/epoch: 363.888 ms

epoch=08900
residual: 0.019817, 0.011179, 0.010426, 0.01236, 0.00047713, 0.00031144, 0.00038186
walltime: 3263.979 s
walltime/epoch: 357.093 ms

epoch=08950
residual: 0.019742, 0.011145, 0.01039, 0.01229, 0.00048229, 0.00032064, 0.00036587
walltime: 3282.085 s
walltime/epoch: 362.123 ms

epoch=09000
residual: 0.019681, 0.011112, 0.010351, 0.01223, 0.00046956, 0.00033254, 0.00037068
walltime: 3300.041 s
walltime/epoch: 359.130 ms

epoch=09050
residual: 0.019616, 0.011066, 0.010301, 0.012168, 0.00046928, 0.00033641, 0.0003735
walltime: 3318.142 s
walltime/epoch: 362.016 ms

epoch=09100
residual: 0.019543, 0.011025, 0.010258, 0.012116, 0.00045592, 0.00030228, 0.00037604
walltime: 3335.964 s
walltime/epoch: 356.445 ms

epoch=09150
residual: 0.019492, 0.010968, 0.010203, 0.012061, 0.00046718, 0.00034978, 0.00037728
walltime: 3354.134 s
walltime/epoch: 363.404 ms

epoch=09200
residual: 0.019426, 0.010931, 0.010163, 0.012022, 0.00042568, 0.00032202, 0.00037947
walltime: 3372.093 s
walltime/epoch: 359.171 ms

epoch=09250
residual: 0.019364, 0.010877, 0.010117, 0.011983, 0.00045517, 0.00032541, 0.0003518
walltime: 3390.236 s
walltime/epoch: 362.858 ms

epoch=09300
residual: 0.019317, 0.010833, 0.010066, 0.011943, 0.00043591, 0.00029553, 0.00037975
walltime: 3408.183 s
walltime/epoch: 358.942 ms

epoch=09350
residual: 0.01925, 0.010796, 0.010035, 0.011911, 0.00042665, 0.00030927, 0.00036424
walltime: 3425.787 s
walltime/epoch: 352.080 ms

epoch=09400
residual: 0.019205, 0.010744, 0.0099865, 0.011865, 0.00042882, 0.00032634, 0.00036385
walltime: 3443.691 s
walltime/epoch: 358.073 ms

epoch=09450
residual: 0.019129, 0.010703, 0.0099499, 0.011841, 0.00046655, 0.00030394, 0.00034876
walltime: 3461.790 s
walltime/epoch: 361.994 ms

epoch=09500
residual: 0.019071, 0.010646, 0.009905, 0.011814, 0.00042565, 0.00031002, 0.00035887
walltime: 3479.772 s
walltime/epoch: 359.632 ms

epoch=09550
residual: 0.019005, 0.010601, 0.009866, 0.011791, 0.00046984, 0.00031808, 0.00035974
walltime: 3497.950 s
walltime/epoch: 363.555 ms

epoch=09600
residual: 0.018921, 0.010556, 0.0098266, 0.011769, 0.00046349, 0.00033848, 0.00033826
walltime: 3515.906 s
walltime/epoch: 359.122 ms

epoch=09650
residual: 0.018866, 0.010506, 0.009783, 0.011738, 0.00047052, 0.00032723, 0.00033625
walltime: 3533.870 s
walltime/epoch: 359.285 ms

epoch=09700
residual: 0.018778, 0.010471, 0.0097455, 0.011712, 0.00044807, 0.00031214, 0.00035511
walltime: 3551.878 s
walltime/epoch: 360.162 ms

epoch=09750
residual: 0.018717, 0.010421, 0.0097012, 0.011692, 0.00042915, 0.00030724, 0.00034528
walltime: 3569.710 s
walltime/epoch: 356.638 ms

epoch=09800
residual: 0.018631, 0.010389, 0.0096617, 0.011669, 0.0004282, 0.0003202, 0.00034563
walltime: 3587.639 s
walltime/epoch: 358.585 ms

epoch=09850
residual: 0.018567, 0.010348, 0.0096255, 0.011642, 0.00047422, 0.00029618, 0.00034889
walltime: 3605.413 s
walltime/epoch: 355.474 ms

epoch=09900
residual: 0.018486, 0.010298, 0.0095813, 0.011609, 0.00043373, 0.00030233, 0.00034447
walltime: 3623.469 s
walltime/epoch: 361.118 ms

epoch=09950
residual: 0.018423, 0.010255, 0.0095449, 0.011575, 0.00043611, 0.00029376, 0.0003354
walltime: 3641.132 s
walltime/epoch: 353.265 ms

epoch=10000
residual: 0.018367, 0.010204, 0.0094934, 0.011529, 0.00042385, 0.00031749, 0.00033136
walltime: 3659.252 s
walltime/epoch: 362.403 ms
vx_00005.xmf vy_00005.xmf vz_00005.xmf p_00005.xmf chi_00005.xmf

epoch=10050
residual: 0.0183, 0.010162, 0.0094597, 0.011492, 0.00042458, 0.00028725, 0.00035067
walltime: 3677.961 s
walltime/epoch: 374.165 ms

epoch=10100
residual: 0.018233, 0.010115, 0.0093945, 0.01146, 0.00041913, 0.00029585, 0.00034438
walltime: 3695.983 s
walltime/epoch: 360.445 ms

epoch=10150
residual: 0.018169, 0.010069, 0.0093504, 0.011434, 0.00040432, 0.0003198, 0.00034331
walltime: 3713.742 s
walltime/epoch: 355.187 ms

epoch=10200
residual: 0.0181, 0.010025, 0.0092923, 0.011397, 0.00046497, 0.00035252, 0.00032134
walltime: 3731.704 s
walltime/epoch: 359.237 ms

epoch=10250
residual: 0.018042, 0.0099738, 0.0092423, 0.011356, 0.00041862, 0.00032933, 0.00032768
walltime: 3749.756 s
walltime/epoch: 361.029 ms

epoch=10300
residual: 0.017952, 0.0099298, 0.0091845, 0.01133, 0.00043358, 0.00031415, 0.00030742
walltime: 3767.847 s
walltime/epoch: 361.835 ms

epoch=10350
residual: 0.017888, 0.0098741, 0.0091297, 0.011297, 0.00042569, 0.00032807, 0.00030829
walltime: 3785.977 s
walltime/epoch: 362.589 ms

epoch=10400
residual: 0.0178, 0.009832, 0.0090698, 0.011272, 0.00039704, 0.00029298, 0.0003283
walltime: 3803.973 s
walltime/epoch: 359.927 ms

epoch=10450
residual: 0.017731, 0.0097694, 0.0090086, 0.011245, 0.00042342, 0.00030925, 0.00032885
walltime: 3821.826 s
walltime/epoch: 357.055 ms

epoch=10500
residual: 0.017649, 0.0097166, 0.0089426, 0.011214, 0.00042898, 0.00031862, 0.00031906
walltime: 3839.923 s
walltime/epoch: 361.941 ms

epoch=10550
residual: 0.017583, 0.0096611, 0.0088857, 0.011184, 0.00041369, 0.00026907, 0.00034998
walltime: 3857.921 s
walltime/epoch: 359.963 ms

epoch=10600
residual: 0.017525, 0.0096089, 0.0088249, 0.011152, 0.0004418, 0.00029856, 0.00031139
walltime: 3876.274 s
walltime/epoch: 367.051 ms

epoch=10650
residual: 0.017465, 0.0095549, 0.0087757, 0.011118, 0.0003949, 0.0002984, 0.00034062
walltime: 3894.200 s
walltime/epoch: 358.532 ms

epoch=10700
residual: 0.017409, 0.0095083, 0.0087175, 0.011072, 0.00042573, 0.00029863, 0.00029867
walltime: 3911.954 s
walltime/epoch: 355.083 ms

epoch=10750
residual: 0.017347, 0.0094484, 0.0086666, 0.011029, 0.00041962, 0.00030965, 0.00030083
walltime: 3929.822 s
walltime/epoch: 357.359 ms

epoch=10800
residual: 0.017293, 0.0093941, 0.0086084, 0.010993, 0.00043755, 0.00028132, 0.00030721
walltime: 3947.341 s
walltime/epoch: 350.365 ms

epoch=10850
residual: 0.017243, 0.0093331, 0.0085503, 0.010954, 0.00040635, 0.00029519, 0.00030201
walltime: 3965.359 s
walltime/epoch: 360.364 ms

epoch=10900
residual: 0.017189, 0.0092821, 0.0085083, 0.010921, 0.00041103, 0.00027436, 0.00031409
walltime: 3983.629 s
walltime/epoch: 365.401 ms

epoch=10950
residual: 0.017145, 0.0092188, 0.0084438, 0.01088, 0.00043663, 0.00029338, 0.00031315
walltime: 4001.805 s
walltime/epoch: 363.514 ms

epoch=11000
residual: 0.017084, 0.0091752, 0.0084081, 0.010842, 0.0003685, 0.00026916, 0.00031659
walltime: 4019.563 s
walltime/epoch: 355.176 ms

epoch=11050
residual: 0.01703, 0.009112, 0.0083468, 0.010791, 0.00039523, 0.00031479, 0.000317
walltime: 4037.852 s
walltime/epoch: 365.778 ms

epoch=11100
residual: 0.01696, 0.0090627, 0.0082973, 0.010767, 0.00041557, 0.00028522, 0.00028481
walltime: 4055.984 s
walltime/epoch: 362.633 ms

epoch=11150
residual: 0.016893, 0.0090144, 0.0082501, 0.010718, 0.0003961, 0.00026067, 0.00030771
walltime: 4074.109 s
walltime/epoch: 362.506 ms

epoch=11200
residual: 0.01683, 0.0089701, 0.0081972, 0.010684, 0.00040835, 0.00029815, 0.00032937
walltime: 4091.940 s
walltime/epoch: 356.622 ms

epoch=11250
residual: 0.016757, 0.0089325, 0.0081643, 0.010629, 0.00039129, 0.00030375, 0.0003015
walltime: 4109.906 s
walltime/epoch: 359.318 ms

epoch=11300
residual: 0.016704, 0.0088935, 0.0081087, 0.010573, 0.00039455, 0.00027468, 0.0003058
walltime: 4127.803 s
walltime/epoch: 357.935 ms

epoch=11350
residual: 0.016633, 0.008863, 0.0080786, 0.01052, 0.00041002, 0.00024463, 0.00028593
walltime: 4145.420 s
walltime/epoch: 352.342 ms

epoch=11400
residual: 0.016575, 0.0088291, 0.0080352, 0.010468, 0.00041345, 0.00026364, 0.00031529
walltime: 4163.337 s
walltime/epoch: 358.334 ms

epoch=11450
residual: 0.016502, 0.0087972, 0.0079978, 0.010413, 0.00038189, 0.00028864, 0.00028897
walltime: 4181.726 s
walltime/epoch: 367.784 ms

epoch=11500
residual: 0.016437, 0.0087737, 0.0079731, 0.010367, 0.00038489, 0.00026228, 0.00027837
walltime: 4199.651 s
walltime/epoch: 358.496 ms

epoch=11550
residual: 0.016371, 0.0087435, 0.0079277, 0.010315, 0.00039118, 0.00027815, 0.00028594
walltime: 4217.481 s
walltime/epoch: 356.604 ms

epoch=11600
residual: 0.016298, 0.008727, 0.0079019, 0.010267, 0.00039118, 0.00025599, 0.00028782
walltime: 4235.168 s
walltime/epoch: 353.733 ms

epoch=11650
residual: 0.016228, 0.0086878, 0.007857, 0.010207, 0.00040357, 0.0002827, 0.00028851
walltime: 4252.919 s
walltime/epoch: 355.020 ms

epoch=11700
residual: 0.016149, 0.0086734, 0.0078185, 0.010161, 0.00040655, 0.00028565, 0.00029855
walltime: 4270.713 s
walltime/epoch: 355.873 ms

epoch=11750
residual: 0.016079, 0.0086287, 0.0077727, 0.010107, 0.00040891, 0.00026932, 0.0003074
walltime: 4288.384 s
walltime/epoch: 353.437 ms

epoch=11800
residual: 0.016005, 0.0086132, 0.0077336, 0.010064, 0.00037739, 0.00028849, 0.00029453
walltime: 4306.194 s
walltime/epoch: 356.196 ms

epoch=11850
residual: 0.015939, 0.0085705, 0.0076908, 0.010005, 0.00036512, 0.00025098, 0.00026409
walltime: 4324.054 s
walltime/epoch: 357.201 ms

epoch=11900
residual: 0.015867, 0.0085483, 0.007638, 0.0099702, 0.00035757, 0.00028545, 0.00027178
walltime: 4342.160 s
walltime/epoch: 362.104 ms

epoch=11950
residual: 0.015798, 0.0085263, 0.0075924, 0.0099141, 0.00038159, 0.00024525, 0.00028652
walltime: 4360.027 s
walltime/epoch: 357.341 ms

epoch=12000
residual: 0.015728, 0.0085023, 0.007551, 0.0098692, 0.00037997, 0.00026303, 0.00028212
walltime: 4377.535 s
walltime/epoch: 350.178 ms
vx_00006.xmf vy_00006.xmf vz_00006.xmf p_00006.xmf chi_00006.xmf

epoch=12050
residual: 0.015654, 0.0084796, 0.0075064, 0.0098245, 0.00040627, 0.0002691, 0.00029933
walltime: 4396.191 s
walltime/epoch: 373.112 ms

epoch=12100
residual: 0.015591, 0.0084592, 0.0074656, 0.0097662, 0.00038007, 0.00024878, 0.0002833
walltime: 4414.524 s
walltime/epoch: 366.661 ms

epoch=12150
residual: 0.015517, 0.0084382, 0.0074277, 0.0097226, 0.00036959, 0.00024876, 0.00027935
walltime: 4432.413 s
walltime/epoch: 357.776 ms

epoch=12200
residual: 0.015459, 0.0084048, 0.0073805, 0.0096669, 0.00036773, 0.00024386, 0.00028497
walltime: 4450.420 s
walltime/epoch: 360.134 ms

epoch=12250
residual: 0.015409, 0.0083741, 0.0073426, 0.0096222, 0.0003585, 0.0002563, 0.00026784
walltime: 4468.533 s
walltime/epoch: 362.261 ms

epoch=12300
residual: 0.015351, 0.0083518, 0.0073062, 0.0095699, 0.00034443, 0.00026481, 0.00024831
walltime: 4486.615 s
walltime/epoch: 361.638 ms

epoch=12350
residual: 0.015298, 0.0083255, 0.0072759, 0.0095173, 0.00034709, 0.00025926, 0.00025573
walltime: 4504.627 s
walltime/epoch: 360.238 ms

epoch=12400
residual: 0.015251, 0.0082956, 0.0072332, 0.0094572, 0.00037751, 0.00024761, 0.00025228
walltime: 4522.606 s
walltime/epoch: 359.578 ms

epoch=12450
residual: 0.015202, 0.0082688, 0.0072129, 0.0094051, 0.00037372, 0.00024211, 0.00025833
walltime: 4540.135 s
walltime/epoch: 350.586 ms

epoch=12500
residual: 0.015157, 0.0082462, 0.0071749, 0.0093462, 0.00033914, 0.00023788, 0.00024543
walltime: 4557.618 s
walltime/epoch: 349.669 ms

epoch=12550
residual: 0.015108, 0.0082216, 0.0071606, 0.009298, 0.00036266, 0.00024081, 0.00025469
walltime: 4575.758 s
walltime/epoch: 362.789 ms

epoch=12600
residual: 0.015052, 0.0082001, 0.0071268, 0.0092322, 0.00037095, 0.0002511, 0.00025527
walltime: 4593.575 s
walltime/epoch: 356.353 ms

epoch=12650
residual: 0.015003, 0.0081733, 0.0071113, 0.0091848, 0.00034159, 0.00024958, 0.00026362
walltime: 4611.768 s
walltime/epoch: 363.858 ms

epoch=12700
residual: 0.01495, 0.0081537, 0.0070834, 0.0091317, 0.00036164, 0.00024241, 0.00026862
walltime: 4629.587 s
walltime/epoch: 356.375 ms

epoch=12750
residual: 0.014898, 0.0081297, 0.0070598, 0.0090844, 0.00034241, 0.00025542, 0.00024408
walltime: 4647.352 s
walltime/epoch: 355.304 ms

epoch=12800
residual: 0.014838, 0.0081091, 0.007041, 0.0090357, 0.00036799, 0.00022678, 0.00024871
walltime: 4665.164 s
walltime/epoch: 356.242 ms

epoch=12850
residual: 0.014779, 0.0080883, 0.0070203, 0.0089782, 0.00034244, 0.00024351, 0.00028157
walltime: 4683.136 s
walltime/epoch: 359.429 ms

epoch=12900
residual: 0.014714, 0.0080714, 0.0069904, 0.0089273, 0.00033594, 0.00023641, 0.00025562
walltime: 4701.289 s
walltime/epoch: 363.069 ms

epoch=12950
residual: 0.014652, 0.0080494, 0.0069667, 0.0088761, 0.00037087, 0.00024102, 0.00027236
walltime: 4719.303 s
walltime/epoch: 360.271 ms

epoch=13000
residual: 0.014577, 0.0080341, 0.0069345, 0.0088294, 0.00036563, 0.00022986, 0.00026091
walltime: 4737.342 s
walltime/epoch: 360.782 ms

epoch=13050
residual: 0.014516, 0.0080121, 0.0069022, 0.0087775, 0.00033164, 0.00023136, 0.00026207
walltime: 4755.658 s
walltime/epoch: 366.314 ms

epoch=13100
residual: 0.01444, 0.007998, 0.0068724, 0.0087455, 0.00033129, 0.00023482, 0.00024368
walltime: 4773.798 s
walltime/epoch: 362.807 ms

epoch=13150
residual: 0.01438, 0.0079756, 0.0068318, 0.0086979, 0.00034762, 0.00024288, 0.00027785
walltime: 4791.723 s
walltime/epoch: 358.502 ms

epoch=13200
residual: 0.014312, 0.0079518, 0.006801, 0.0086621, 0.00037435, 0.0002545, 0.00024605
walltime: 4809.600 s
walltime/epoch: 357.530 ms

epoch=13250
residual: 0.014248, 0.0079295, 0.0067622, 0.0086248, 0.00034951, 0.00023305, 0.00024723
walltime: 4827.477 s
walltime/epoch: 357.551 ms

epoch=13300
residual: 0.01419, 0.0079052, 0.006734, 0.0085907, 0.00032778, 0.00023696, 0.00024821
walltime: 4845.432 s
walltime/epoch: 359.087 ms

epoch=13350
residual: 0.014119, 0.0078895, 0.0067061, 0.0085594, 0.00033729, 0.0002449, 0.00023703
walltime: 4863.315 s
walltime/epoch: 357.662 ms

epoch=13400
residual: 0.014061, 0.0078695, 0.0066746, 0.0085332, 0.00032524, 0.00022712, 0.00024567
walltime: 4881.236 s
walltime/epoch: 358.416 ms

epoch=13450
residual: 0.014, 0.0078522, 0.0066436, 0.0085033, 0.00031649, 0.00022373, 0.00023191
walltime: 4898.891 s
walltime/epoch: 353.099 ms

epoch=13500
residual: 0.013942, 0.0078482, 0.0066127, 0.0084785, 0.00034589, 0.00021787, 0.00024586
walltime: 4916.866 s
walltime/epoch: 359.518 ms

epoch=13550
residual: 0.013891, 0.0078234, 0.0065783, 0.0084441, 0.0003118, 0.00021095, 0.00024423
walltime: 4934.586 s
walltime/epoch: 354.384 ms

epoch=13600
residual: 0.013825, 0.0078236, 0.0065574, 0.0084218, 0.00035381, 0.00021861, 0.00024671
walltime: 4952.492 s
walltime/epoch: 358.129 ms

epoch=13650
residual: 0.013768, 0.0078065, 0.0065262, 0.0083943, 0.00032695, 0.00021119, 0.00026399
walltime: 4970.537 s
walltime/epoch: 360.896 ms

epoch=13700
residual: 0.01371, 0.0078013, 0.0065067, 0.0083701, 0.00030736, 0.00022552, 0.00022946
walltime: 4988.583 s
walltime/epoch: 360.917 ms

epoch=13750
residual: 0.013653, 0.0077851, 0.0064766, 0.0083446, 0.00032528, 0.00021498, 0.00023997
walltime: 5006.705 s
walltime/epoch: 362.442 ms

epoch=13800
residual: 0.013596, 0.0077787, 0.0064532, 0.008324, 0.00031657, 0.00021994, 0.00024972
walltime: 5024.340 s
walltime/epoch: 352.696 ms

epoch=13850
residual: 0.013539, 0.0077638, 0.0064255, 0.0083008, 0.00032765, 0.00020884, 0.00023337
walltime: 5042.378 s
walltime/epoch: 360.764 ms

epoch=13900
residual: 0.013496, 0.0077482, 0.0063981, 0.0082755, 0.00033119, 0.00021471, 0.00023392
walltime: 5060.334 s
walltime/epoch: 359.129 ms

epoch=13950
residual: 0.013442, 0.0077361, 0.0063744, 0.0082533, 0.00031178, 0.00020145, 0.00023885
walltime: 5078.540 s
walltime/epoch: 364.122 ms

epoch=14000
residual: 0.013397, 0.0077189, 0.0063511, 0.0082279, 0.00030599, 0.00021944, 0.0002338
walltime: 5096.312 s
walltime/epoch: 355.428 ms
vx_00007.xmf vy_00007.xmf vz_00007.xmf p_00007.xmf chi_00007.xmf

epoch=14050
residual: 0.013342, 0.0077039, 0.0063312, 0.0082133, 0.0003104, 0.00021125, 0.00021659
walltime: 5115.106 s
walltime/epoch: 375.875 ms

epoch=14100
residual: 0.013291, 0.0076893, 0.0063073, 0.0081928, 0.00030576, 0.00020504, 0.00023122
walltime: 5132.963 s
walltime/epoch: 357.150 ms

epoch=14150
residual: 0.013242, 0.0076695, 0.0062863, 0.0081759, 0.00030009, 0.00021289, 0.00022766
walltime: 5150.744 s
walltime/epoch: 355.612 ms

epoch=14200
residual: 0.013194, 0.007655, 0.006264, 0.0081607, 0.00030876, 0.00020087, 0.00022324
walltime: 5168.627 s
walltime/epoch: 357.668 ms

epoch=14250
residual: 0.013144, 0.0076356, 0.0062473, 0.0081437, 0.00030497, 0.00020253, 0.00022204
walltime: 5186.394 s
walltime/epoch: 355.343 ms

epoch=14300
residual: 0.013099, 0.0076192, 0.0062271, 0.0081226, 0.00031268, 0.00020787, 0.00024162
walltime: 5204.258 s
walltime/epoch: 357.280 ms

epoch=14350
residual: 0.013049, 0.007604, 0.0062154, 0.0081091, 0.00030305, 0.00020714, 0.0002303
walltime: 5222.227 s
walltime/epoch: 359.369 ms

epoch=14400
residual: 0.013005, 0.0075824, 0.0061982, 0.0080889, 0.00030469, 0.00020167, 0.00022417
walltime: 5240.037 s
walltime/epoch: 356.208 ms

epoch=14450
residual: 0.012966, 0.0075671, 0.0061815, 0.0080675, 0.00031121, 0.0002066, 0.00021473
walltime: 5257.936 s
walltime/epoch: 357.985 ms

epoch=14500
residual: 0.012937, 0.0075407, 0.0061643, 0.0080414, 0.00029305, 0.0001939, 0.00023246
walltime: 5275.575 s
walltime/epoch: 352.772 ms

epoch=14550
residual: 0.012901, 0.007526, 0.0061496, 0.0080161, 0.00031193, 0.00020933, 0.00021061
walltime: 5293.660 s
walltime/epoch: 361.698 ms

epoch=14600
residual: 0.012867, 0.0075101, 0.0061334, 0.0079932, 0.00029332, 0.00021875, 0.00023368
walltime: 5311.320 s
walltime/epoch: 353.203 ms

epoch=14650
residual: 0.012829, 0.0074969, 0.0061263, 0.0079737, 0.00030458, 0.00019815, 0.00020633
walltime: 5329.338 s
walltime/epoch: 360.357 ms

epoch=14700
residual: 0.012792, 0.0074821, 0.0061088, 0.0079594, 0.00029035, 0.00020489, 0.00021975
walltime: 5347.145 s
walltime/epoch: 356.140 ms

epoch=14750
residual: 0.012752, 0.0074617, 0.0061024, 0.0079457, 0.00028142, 0.00020503, 0.00020619
walltime: 5365.228 s
walltime/epoch: 361.665 ms

epoch=14800
residual: 0.012717, 0.0074499, 0.0060813, 0.0079229, 0.00027872, 0.00021747, 0.00021282
walltime: 5383.032 s
walltime/epoch: 356.068 ms

epoch=14850
residual: 0.012674, 0.0074321, 0.0060775, 0.0079077, 0.00029018, 0.00020968, 0.00021761
walltime: 5400.915 s
walltime/epoch: 357.671 ms

epoch=14900
residual: 0.012634, 0.0074185, 0.0060633, 0.0078912, 0.00028411, 0.00019876, 0.0002132
walltime: 5418.680 s
walltime/epoch: 355.298 ms

epoch=14950
residual: 0.012598, 0.0074052, 0.0060505, 0.0078764, 0.00029787, 0.00019332, 0.00022662
walltime: 5436.490 s
walltime/epoch: 356.202 ms

epoch=15000
residual: 0.012549, 0.0073921, 0.0060392, 0.0078719, 0.00030852, 0.00021173, 0.00021949
walltime: 5454.542 s
walltime/epoch: 361.036 ms

epoch=15050
residual: 0.012504, 0.0073781, 0.0060275, 0.0078644, 0.0002907, 0.00018686, 0.0002228
walltime: 5472.807 s
walltime/epoch: 365.295 ms

epoch=15100
residual: 0.01246, 0.0073612, 0.0060178, 0.0078548, 0.00032144, 0.00019001, 0.00021843
walltime: 5490.660 s
walltime/epoch: 357.061 ms

epoch=15150
residual: 0.012419, 0.0073471, 0.0060078, 0.007846, 0.00028589, 0.00019498, 0.00020895
walltime: 5508.806 s
walltime/epoch: 362.932 ms

epoch=15200
residual: 0.012369, 0.0073349, 0.0060011, 0.0078393, 0.00028413, 0.00019558, 0.00021514
walltime: 5526.775 s
walltime/epoch: 359.374 ms

epoch=15250
residual: 0.01233, 0.0073189, 0.0059884, 0.0078251, 0.00028696, 0.0002095, 0.00021105
walltime: 5544.494 s
walltime/epoch: 354.384 ms

epoch=15300
residual: 0.012282, 0.0073102, 0.0059752, 0.0078164, 0.00029814, 0.0001904, 0.00021147
walltime: 5562.643 s
walltime/epoch: 362.973 ms

epoch=15350
residual: 0.012233, 0.007293, 0.0059688, 0.00781, 0.00030698, 0.00019297, 0.00021156
walltime: 5580.533 s
walltime/epoch: 357.795 ms

epoch=15400
residual: 0.012181, 0.0072805, 0.0059574, 0.0078038, 0.00030052, 0.00020594, 0.00021556
walltime: 5598.220 s
walltime/epoch: 353.748 ms

epoch=15450
residual: 0.012126, 0.0072658, 0.005948, 0.0078063, 0.00027808, 0.00019262, 0.00021749
walltime: 5616.029 s
walltime/epoch: 356.173 ms

epoch=15500
residual: 0.012085, 0.0072459, 0.0059301, 0.0077947, 0.00028113, 0.00018741, 0.00020934
walltime: 5633.869 s
walltime/epoch: 356.804 ms

epoch=15550
residual: 0.012039, 0.0072292, 0.0059134, 0.0077795, 0.00028648, 0.00020414, 0.00021702
walltime: 5651.945 s
walltime/epoch: 361.512 ms

epoch=15600
residual: 0.011995, 0.0072122, 0.0058989, 0.0077631, 0.00029463, 0.00020375, 0.00021362
walltime: 5670.049 s
walltime/epoch: 362.085 ms

epoch=15650
residual: 0.011946, 0.0071897, 0.0058784, 0.0077532, 0.00028945, 0.00020046, 0.00022204
walltime: 5687.936 s
walltime/epoch: 357.733 ms

epoch=15700
residual: 0.011889, 0.0071738, 0.0058657, 0.0077473, 0.00027095, 0.00020593, 0.00020986
walltime: 5706.107 s
walltime/epoch: 363.430 ms

epoch=15750
residual: 0.011848, 0.007153, 0.0058453, 0.0077397, 0.0002826, 0.00020385, 0.00021802
walltime: 5723.863 s
walltime/epoch: 355.120 ms

epoch=15800
residual: 0.011784, 0.0071434, 0.0058335, 0.0077292, 0.00028645, 0.00021612, 0.00022102
walltime: 5741.480 s
walltime/epoch: 352.340 ms

epoch=15850
residual: 0.011743, 0.0071221, 0.005809, 0.0077065, 0.00027666, 0.00021111, 0.0002295
walltime: 5759.305 s
walltime/epoch: 356.490 ms

epoch=15900
residual: 0.011675, 0.00711, 0.0057982, 0.007696, 0.00028903, 0.00020322, 0.00021656
walltime: 5777.157 s
walltime/epoch: 357.037 ms

epoch=15950
residual: 0.011635, 0.0070899, 0.0057735, 0.0076777, 0.00029366, 0.00019022, 0.00021366
walltime: 5794.517 s
walltime/epoch: 347.208 ms

epoch=16000
residual: 0.011571, 0.0070754, 0.0057594, 0.0076645, 0.00027312, 0.00019685, 0.00021563
walltime: 5812.054 s
walltime/epoch: 350.749 ms
vx_00008.xmf vy_00008.xmf vz_00008.xmf p_00008.xmf chi_00008.xmf

epoch=16050
residual: 0.011524, 0.0070552, 0.0057381, 0.0076363, 0.00026823, 0.00020551, 0.00022733
walltime: 5830.299 s
walltime/epoch: 364.895 ms

epoch=16100
residual: 0.011466, 0.0070378, 0.0057201, 0.0076157, 0.00027263, 0.00018989, 0.00022111
walltime: 5848.189 s
walltime/epoch: 357.793 ms

epoch=16150
residual: 0.011411, 0.0070246, 0.0057066, 0.0075879, 0.00029793, 0.00020121, 0.00021973
walltime: 5866.057 s
walltime/epoch: 357.364 ms

epoch=16200
residual: 0.011366, 0.0070036, 0.0056927, 0.0075604, 0.00029576, 0.00019423, 0.0002116
walltime: 5884.268 s
walltime/epoch: 364.212 ms

epoch=16250
residual: 0.011313, 0.0069868, 0.0056814, 0.0075275, 0.00029217, 0.00019596, 0.00021645
walltime: 5901.969 s
walltime/epoch: 354.028 ms

epoch=16300
residual: 0.011259, 0.0069665, 0.0056713, 0.0074955, 0.00025732, 0.00019807, 0.00019279
walltime: 5919.460 s
walltime/epoch: 349.812 ms

epoch=16350
residual: 0.011208, 0.0069525, 0.0056565, 0.0074674, 0.00027595, 0.0001971, 0.00020646
walltime: 5937.672 s
walltime/epoch: 364.242 ms

epoch=16400
residual: 0.011155, 0.0069386, 0.0056445, 0.0074425, 0.00028695, 0.00019062, 0.00020556
walltime: 5955.787 s
walltime/epoch: 362.311 ms

epoch=16450
residual: 0.011108, 0.0069248, 0.0056285, 0.0074143, 0.00027419, 0.00019606, 0.00019205
walltime: 5973.708 s
walltime/epoch: 358.409 ms

epoch=16500
residual: 0.01106, 0.0069086, 0.0056099, 0.0073892, 0.00028023, 0.00019254, 0.00020217
walltime: 5991.600 s
walltime/epoch: 357.851 ms

epoch=16550
residual: 0.011009, 0.0068946, 0.0055961, 0.0073595, 0.00025375, 0.00020472, 0.00019787
walltime: 6009.346 s
walltime/epoch: 354.915 ms

epoch=16600
residual: 0.010965, 0.0068819, 0.0055794, 0.007324, 0.00026443, 0.00019085, 0.00021145
walltime: 6027.182 s
walltime/epoch: 356.724 ms

epoch=16650
residual: 0.010915, 0.0068657, 0.0055668, 0.0072962, 0.00028108, 0.00019306, 0.00020829
walltime: 6045.363 s
walltime/epoch: 363.622 ms

epoch=16700
residual: 0.010875, 0.0068492, 0.0055498, 0.0072571, 0.0002786, 0.00020323, 0.00020353
walltime: 6063.315 s
walltime/epoch: 359.040 ms

epoch=16750
residual: 0.010827, 0.0068343, 0.0055335, 0.0072276, 0.0002667, 0.00019094, 0.00021516
walltime: 6081.216 s
walltime/epoch: 358.019 ms

epoch=16800
residual: 0.010783, 0.0068189, 0.005517, 0.0071954, 0.00028447, 0.00018275, 0.00020542
walltime: 6099.361 s
walltime/epoch: 362.895 ms

epoch=16850
residual: 0.010741, 0.0068005, 0.005497, 0.0071662, 0.00025507, 0.00019193, 0.00019639
walltime: 6116.944 s
walltime/epoch: 351.660 ms

epoch=16900
residual: 0.010705, 0.0067829, 0.0054768, 0.0071333, 0.00028104, 0.00019417, 0.00019016
walltime: 6134.916 s
walltime/epoch: 359.434 ms

epoch=16950
residual: 0.010672, 0.0067631, 0.0054574, 0.0070966, 0.00025502, 0.00019612, 0.00022298
walltime: 6152.851 s
walltime/epoch: 358.697 ms

epoch=17000
residual: 0.010635, 0.0067514, 0.0054403, 0.0070602, 0.00026421, 0.0001893, 0.00020113
walltime: 6170.719 s
walltime/epoch: 357.364 ms

epoch=17050
residual: 0.010598, 0.0067343, 0.0054259, 0.0070317, 0.00028218, 0.00020135, 0.00019563
walltime: 6188.646 s
walltime/epoch: 358.534 ms

epoch=17100
residual: 0.010565, 0.0067206, 0.0054119, 0.0070001, 0.00025914, 0.00017653, 0.00019953
walltime: 6206.459 s
walltime/epoch: 356.268 ms

epoch=17150
residual: 0.010521, 0.0067086, 0.0054021, 0.0069744, 0.00028043, 0.00017402, 0.00019837
walltime: 6224.543 s
walltime/epoch: 361.679 ms

epoch=17200
residual: 0.01049, 0.0066912, 0.0053884, 0.0069448, 0.00026903, 0.00019754, 0.00019863
walltime: 6242.405 s
walltime/epoch: 357.245 ms

epoch=17250
residual: 0.010455, 0.0066787, 0.0053749, 0.0069138, 0.00026285, 0.00019315, 0.00020005
walltime: 6260.479 s
walltime/epoch: 361.469 ms

epoch=17300
residual: 0.010425, 0.0066634, 0.0053628, 0.006882, 0.00026412, 0.00018391, 0.00020309
walltime: 6278.370 s
walltime/epoch: 357.822 ms

epoch=17350
residual: 0.010394, 0.006653, 0.0053508, 0.0068523, 0.00024878, 0.00018766, 0.00018639
walltime: 6296.368 s
walltime/epoch: 359.954 ms

epoch=17400
residual: 0.010361, 0.006644, 0.0053391, 0.0068239, 0.0002642, 0.00019009, 0.00020291
walltime: 6314.310 s
walltime/epoch: 358.847 ms

epoch=17450
residual: 0.01033, 0.0066294, 0.0053303, 0.0068014, 0.0002513, 0.00019046, 0.00019444
walltime: 6332.410 s
walltime/epoch: 362.002 ms

epoch=17500
residual: 0.0103, 0.0066164, 0.0053109, 0.0067756, 0.00024819, 0.00019329, 0.00018991
walltime: 6350.424 s
walltime/epoch: 360.271 ms

epoch=17550
residual: 0.010282, 0.0066012, 0.0052984, 0.0067463, 0.0002554, 0.00017409, 0.00018756
walltime: 6368.436 s
walltime/epoch: 360.255 ms

epoch=17600
residual: 0.010258, 0.0065924, 0.0052846, 0.0067205, 0.00024312, 0.00017883, 0.00018126
walltime: 6386.474 s
walltime/epoch: 360.754 ms

epoch=17650
residual: 0.010237, 0.0065847, 0.0052757, 0.0066904, 0.00026005, 0.00017851, 0.00019747
walltime: 6404.406 s
walltime/epoch: 358.641 ms

epoch=17700
residual: 0.010211, 0.0065756, 0.005264, 0.0066689, 0.00025144, 0.00017771, 0.00018525
walltime: 6422.511 s
walltime/epoch: 362.104 ms

epoch=17750
residual: 0.010184, 0.0065684, 0.0052547, 0.0066462, 0.00024824, 0.00017738, 0.00019245
walltime: 6440.463 s
walltime/epoch: 359.030 ms

epoch=17800
residual: 0.01016, 0.0065595, 0.0052448, 0.0066267, 0.00023952, 0.00018287, 0.00018729
walltime: 6458.180 s
walltime/epoch: 354.351 ms

epoch=17850
residual: 0.010135, 0.0065516, 0.0052353, 0.0066108, 0.00024823, 0.00017784, 0.00018876
walltime: 6476.018 s
walltime/epoch: 356.744 ms

epoch=17900
residual: 0.01011, 0.0065432, 0.0052211, 0.0065897, 0.00023692, 0.00017825, 0.00019579
walltime: 6493.964 s
walltime/epoch: 358.928 ms

epoch=17950
residual: 0.010083, 0.0065333, 0.0052142, 0.0065784, 0.00023555, 0.00017056, 0.00019677
walltime: 6511.639 s
walltime/epoch: 353.490 ms

epoch=18000
residual: 0.010056, 0.006529, 0.0052034, 0.0065676, 0.00022993, 0.00017276, 0.00017703
walltime: 6529.199 s
walltime/epoch: 351.212 ms
vx_00009.xmf vy_00009.xmf vz_00009.xmf p_00009.xmf chi_00009.xmf

epoch=18050
residual: 0.010033, 0.0065167, 0.0051938, 0.0065535, 0.0002448, 0.00018242, 0.00018192
walltime: 6547.258 s
walltime/epoch: 361.179 ms

epoch=18100
residual: 0.010005, 0.0065109, 0.005184, 0.0065399, 0.00024616, 0.00017123, 0.00017981
walltime: 6565.184 s
walltime/epoch: 358.507 ms

epoch=18150
residual: 0.0099853, 0.0064998, 0.0051736, 0.0065244, 0.00024382, 0.000183, 0.00018726
walltime: 6583.143 s
walltime/epoch: 359.193 ms

epoch=18200
residual: 0.0099581, 0.0064923, 0.0051678, 0.006514, 0.00023953, 0.00017238, 0.00018531
walltime: 6601.225 s
walltime/epoch: 361.637 ms

epoch=18250
residual: 0.0099419, 0.0064817, 0.005156, 0.0065012, 0.00024293, 0.00017372, 0.00018053
walltime: 6618.973 s
walltime/epoch: 354.959 ms

epoch=18300
residual: 0.0099218, 0.0064724, 0.0051508, 0.0064891, 0.00024517, 0.00017503, 0.0001798
walltime: 6636.943 s
walltime/epoch: 359.404 ms

epoch=18350
residual: 0.0099034, 0.0064647, 0.0051396, 0.0064739, 0.00025805, 0.0001687, 0.00019053
walltime: 6654.908 s
walltime/epoch: 359.296 ms

epoch=18400
residual: 0.0098821, 0.0064571, 0.0051352, 0.0064641, 0.00025721, 0.00017796, 0.00018063
walltime: 6672.919 s
walltime/epoch: 360.208 ms

epoch=18450
residual: 0.0098624, 0.0064501, 0.0051286, 0.0064561, 0.00024864, 0.000172, 0.00018007
walltime: 6690.555 s
walltime/epoch: 352.727 ms

epoch=18500
residual: 0.0098434, 0.006445, 0.0051157, 0.0064407, 0.00024233, 0.00017729, 0.00017532
walltime: 6708.193 s
walltime/epoch: 352.769 ms

epoch=18550
residual: 0.0098241, 0.0064384, 0.0051077, 0.0064253, 0.00024036, 0.00017472, 0.00018544
walltime: 6726.077 s
walltime/epoch: 357.665 ms

epoch=18600
residual: 0.0098068, 0.0064327, 0.0050984, 0.0064157, 0.00024261, 0.0001598, 0.00019046
walltime: 6744.210 s
walltime/epoch: 362.666 ms

epoch=18650
residual: 0.0097882, 0.006426, 0.0050916, 0.0064043, 0.00023133, 0.00016978, 0.00018608
walltime: 6762.040 s
walltime/epoch: 356.609 ms

epoch=18700
residual: 0.0097657, 0.00642, 0.0050842, 0.0063957, 0.000229, 0.00017334, 0.00018131
walltime: 6780.002 s
walltime/epoch: 359.236 ms

epoch=18750
residual: 0.0097463, 0.0064127, 0.0050778, 0.0063857, 0.00023374, 0.00017499, 0.00017854
walltime: 6798.155 s
walltime/epoch: 363.049 ms

epoch=18800
residual: 0.0097238, 0.0064067, 0.0050712, 0.0063746, 0.00023895, 0.00016969, 0.0001732
walltime: 6816.493 s
walltime/epoch: 366.772 ms

epoch=18850
residual: 0.0097064, 0.0063998, 0.0050606, 0.0063614, 0.00024233, 0.00017032, 0.00017613
walltime: 6834.208 s
walltime/epoch: 354.293 ms

epoch=18900
residual: 0.009686, 0.0063938, 0.0050542, 0.0063483, 0.00023294, 0.00016721, 0.00017727
walltime: 6852.192 s
walltime/epoch: 359.681 ms

epoch=18950
residual: 0.0096648, 0.0063902, 0.0050462, 0.0063405, 0.00022958, 0.00015814, 0.00017714
walltime: 6870.174 s
walltime/epoch: 359.651 ms

epoch=19000
residual: 0.0096462, 0.0063818, 0.005039, 0.0063289, 0.00023036, 0.00016802, 0.00018059
walltime: 6887.800 s
walltime/epoch: 352.519 ms

epoch=19050
residual: 0.0096239, 0.0063784, 0.0050316, 0.0063183, 0.0002288, 0.00016527, 0.00018115
walltime: 6905.745 s
walltime/epoch: 358.888 ms

epoch=19100
residual: 0.0096019, 0.0063729, 0.0050217, 0.0063073, 0.00023902, 0.00017108, 0.00018261
walltime: 6923.624 s
walltime/epoch: 357.585 ms

epoch=19150
residual: 0.0095753, 0.0063676, 0.0050167, 0.0063038, 0.00023148, 0.00016806, 0.00018333
walltime: 6941.718 s
walltime/epoch: 361.872 ms

epoch=19200
residual: 0.0095501, 0.0063632, 0.0050065, 0.0063, 0.00024461, 0.00017055, 0.00017429
walltime: 6959.430 s
walltime/epoch: 354.253 ms

epoch=19250
residual: 0.0095232, 0.0063546, 0.0049996, 0.006299, 0.0002318, 0.00016731, 0.00017524
walltime: 6977.397 s
walltime/epoch: 359.336 ms

epoch=19300
residual: 0.0095059, 0.0063479, 0.0049886, 0.006287, 0.00022424, 0.00016893, 0.00017764
walltime: 6995.275 s
walltime/epoch: 357.549 ms

epoch=19350
residual: 0.0094891, 0.0063385, 0.0049784, 0.006274, 0.00022926, 0.0001667, 0.00017313
walltime: 7013.094 s
walltime/epoch: 356.395 ms

epoch=19400
residual: 0.0094643, 0.0063308, 0.0049713, 0.0062668, 0.00024241, 0.00016757, 0.00018335
walltime: 7030.842 s
walltime/epoch: 354.944 ms

epoch=19450
residual: 0.0094382, 0.0063229, 0.0049597, 0.006258, 0.0002302, 0.00017234, 0.00017398
walltime: 7048.366 s
walltime/epoch: 350.481 ms

epoch=19500
residual: 0.0094118, 0.006312, 0.0049509, 0.0062522, 0.00024335, 0.00016607, 0.00017027
walltime: 7066.363 s
walltime/epoch: 359.956 ms

epoch=19550
residual: 0.0093875, 0.0063066, 0.0049393, 0.0062452, 0.00023342, 0.00016416, 0.00017592
walltime: 7084.572 s
walltime/epoch: 364.165 ms

epoch=19600
residual: 0.0093708, 0.0062947, 0.0049303, 0.006238, 0.00022328, 0.00016688, 0.00017067
walltime: 7102.500 s
walltime/epoch: 358.571 ms

epoch=19650
residual: 0.0093477, 0.0062918, 0.0049208, 0.0062287, 0.00022462, 0.00016012, 0.00017685
walltime: 7120.520 s
walltime/epoch: 360.394 ms

epoch=19700
residual: 0.0093233, 0.0062818, 0.0049085, 0.0062231, 0.0002287, 0.00016103, 0.00017877
walltime: 7138.475 s
walltime/epoch: 359.098 ms

epoch=19750
residual: 0.0092939, 0.0062726, 0.0048989, 0.0062185, 0.00023156, 0.00016338, 0.00018281
walltime: 7156.515 s
walltime/epoch: 360.813 ms

epoch=19800
residual: 0.009268, 0.0062622, 0.0048887, 0.0062139, 0.0002374, 0.00015869, 0.00017641
walltime: 7174.135 s
walltime/epoch: 352.385 ms

epoch=19850
residual: 0.0092435, 0.0062536, 0.0048782, 0.0062146, 0.0002316, 0.00016206, 0.00017354
walltime: 7192.226 s
walltime/epoch: 361.817 ms

epoch=19900
residual: 0.0092139, 0.0062438, 0.0048722, 0.0062103, 0.00022711, 0.00015789, 0.00017801
walltime: 7210.482 s
walltime/epoch: 365.136 ms

epoch=19950
residual: 0.0091852, 0.006232, 0.0048611, 0.0062075, 0.00023992, 0.00016629, 0.00017493
walltime: 7228.585 s
walltime/epoch: 362.062 ms

epoch=20000
residual: 0.0091548, 0.0062196, 0.0048512, 0.0061988, 0.00022938, 0.00016543, 0.00018353
walltime: 7246.755 s
walltime/epoch: 363.386 ms
vx_00010.xmf vy_00010.xmf vz_00010.xmf p_00010.xmf chi_00010.xmf
Namespace(epochs=0, evals=29925)
